<!DOCTYPE html>
<html>
  <head>
    <meta charset="utf-8"/>
    <title>Test Report</title>
    <style>body {
  font-family: Helvetica, Arial, sans-serif;
  font-size: 12px;
  /* do not increase min-width as some may use split screens */
  min-width: 800px;
  color: #999;
}

h1 {
  font-size: 24px;
  color: black;
}

h2 {
  font-size: 16px;
  color: black;
}

p {
  color: black;
}

a {
  color: #999;
}

table {
  border-collapse: collapse;
}

/******************************
 * SUMMARY INFORMATION
 ******************************/
#environment td {
  padding: 5px;
  border: 1px solid #E6E6E6;
}
#environment tr:nth-child(odd) {
  background-color: #f6f6f6;
}

/******************************
 * TEST RESULT COLORS
 ******************************/
span.passed,
.passed .col-result {
  color: green;
}

span.skipped,
span.xfailed,
span.rerun,
.skipped .col-result,
.xfailed .col-result,
.rerun .col-result {
  color: orange;
}

span.error,
span.failed,
span.xpassed,
.error .col-result,
.failed .col-result,
.xpassed .col-result {
  color: red;
}

/******************************
 * RESULTS TABLE
 *
 * 1. Table Layout
 * 2. Extra
 * 3. Sorting items
 *
 ******************************/
/*------------------
 * 1. Table Layout
 *------------------*/
#results-table {
  border: 1px solid #e6e6e6;
  color: #999;
  font-size: 12px;
  width: 100%;
}
#results-table th,
#results-table td {
  padding: 5px;
  border: 1px solid #E6E6E6;
  text-align: left;
}
#results-table th {
  font-weight: bold;
}

/*------------------
 * 2. Extra
 *------------------*/
.log {
  background-color: #e6e6e6;
  border: 1px solid #e6e6e6;
  color: black;
  display: block;
  font-family: "Courier New", Courier, monospace;
  height: 230px;
  overflow-y: scroll;
  padding: 5px;
  white-space: pre-wrap;
}
.log:only-child {
  height: inherit;
}

div.image {
  border: 1px solid #e6e6e6;
  float: right;
  height: 240px;
  margin-left: 5px;
  overflow: hidden;
  width: 320px;
}
div.image img {
  width: 320px;
}

div.video {
  border: 1px solid #e6e6e6;
  float: right;
  height: 240px;
  margin-left: 5px;
  overflow: hidden;
  width: 320px;
}
div.video video {
  overflow: hidden;
  width: 320px;
  height: 240px;
}

.collapsed {
  display: none;
}

.expander::after {
  content: " (show details)";
  color: #BBB;
  font-style: italic;
  cursor: pointer;
}

.collapser::after {
  content: " (hide details)";
  color: #BBB;
  font-style: italic;
  cursor: pointer;
}

/*------------------
 * 3. Sorting items
 *------------------*/
.sortable {
  cursor: pointer;
}

.sort-icon {
  font-size: 0px;
  float: left;
  margin-right: 5px;
  margin-top: 5px;
  /*triangle*/
  width: 0;
  height: 0;
  border-left: 8px solid transparent;
  border-right: 8px solid transparent;
}
.inactive .sort-icon {
  /*finish triangle*/
  border-top: 8px solid #E6E6E6;
}
.asc.active .sort-icon {
  /*finish triangle*/
  border-bottom: 8px solid #999;
}
.desc.active .sort-icon {
  /*finish triangle*/
  border-top: 8px solid #999;
}
</style></head>
  <body onLoad="init()">
    <script>/* This Source Code Form is subject to the terms of the Mozilla Public
 * License, v. 2.0. If a copy of the MPL was not distributed with this file,
 * You can obtain one at http://mozilla.org/MPL/2.0/. */


function toArray(iter) {
    if (iter === null) {
        return null;
    }
    return Array.prototype.slice.call(iter);
}

function find(selector, elem) { // eslint-disable-line no-redeclare
    if (!elem) {
        elem = document;
    }
    return elem.querySelector(selector);
}

function findAll(selector, elem) {
    if (!elem) {
        elem = document;
    }
    return toArray(elem.querySelectorAll(selector));
}

function sortColumn(elem) {
    toggleSortStates(elem);
    const colIndex = toArray(elem.parentNode.childNodes).indexOf(elem);
    let key;
    if (elem.classList.contains('result')) {
        key = keyResult;
    } else if (elem.classList.contains('links')) {
        key = keyLink;
    } else {
        key = keyAlpha;
    }
    sortTable(elem, key(colIndex));
}

function showAllExtras() { // eslint-disable-line no-unused-vars
    findAll('.col-result').forEach(showExtras);
}

function hideAllExtras() { // eslint-disable-line no-unused-vars
    findAll('.col-result').forEach(hideExtras);
}

function showExtras(colresultElem) {
    const extras = colresultElem.parentNode.nextElementSibling;
    const expandcollapse = colresultElem.firstElementChild;
    extras.classList.remove('collapsed');
    expandcollapse.classList.remove('expander');
    expandcollapse.classList.add('collapser');
}

function hideExtras(colresultElem) {
    const extras = colresultElem.parentNode.nextElementSibling;
    const expandcollapse = colresultElem.firstElementChild;
    extras.classList.add('collapsed');
    expandcollapse.classList.remove('collapser');
    expandcollapse.classList.add('expander');
}

function showFilters() {
    const filterItems = document.getElementsByClassName('filter');
    for (let i = 0; i < filterItems.length; i++)
        filterItems[i].hidden = false;
}

function addCollapse() {
    // Add links for show/hide all
    const resulttable = find('table#results-table');
    const showhideall = document.createElement('p');
    showhideall.innerHTML = '<a href="javascript:showAllExtras()">Show all details</a> / ' +
                            '<a href="javascript:hideAllExtras()">Hide all details</a>';
    resulttable.parentElement.insertBefore(showhideall, resulttable);

    // Add show/hide link to each result
    findAll('.col-result').forEach(function(elem) {
        const collapsed = getQueryParameter('collapsed') || 'Passed';
        const extras = elem.parentNode.nextElementSibling;
        const expandcollapse = document.createElement('span');
        if (extras.classList.contains('collapsed')) {
            expandcollapse.classList.add('expander');
        } else if (collapsed.includes(elem.innerHTML)) {
            extras.classList.add('collapsed');
            expandcollapse.classList.add('expander');
        } else {
            expandcollapse.classList.add('collapser');
        }
        elem.appendChild(expandcollapse);

        elem.addEventListener('click', function(event) {
            if (event.currentTarget.parentNode.nextElementSibling.classList.contains('collapsed')) {
                showExtras(event.currentTarget);
            } else {
                hideExtras(event.currentTarget);
            }
        });
    });
}

function getQueryParameter(name) {
    const match = RegExp('[?&]' + name + '=([^&]*)').exec(window.location.search);
    return match && decodeURIComponent(match[1].replace(/\+/g, ' '));
}

function init () { // eslint-disable-line no-unused-vars
    resetSortHeaders();

    addCollapse();

    showFilters();

    sortColumn(find('.initial-sort'));

    findAll('.sortable').forEach(function(elem) {
        elem.addEventListener('click',
            function() {
                sortColumn(elem);
            }, false);
    });
}

function sortTable(clicked, keyFunc) {
    const rows = findAll('.results-table-row');
    const reversed = !clicked.classList.contains('asc');
    const sortedRows = sort(rows, keyFunc, reversed);
    /* Whole table is removed here because browsers acts much slower
     * when appending existing elements.
     */
    const thead = document.getElementById('results-table-head');
    document.getElementById('results-table').remove();
    const parent = document.createElement('table');
    parent.id = 'results-table';
    parent.appendChild(thead);
    sortedRows.forEach(function(elem) {
        parent.appendChild(elem);
    });
    document.getElementsByTagName('BODY')[0].appendChild(parent);
}

function sort(items, keyFunc, reversed) {
    const sortArray = items.map(function(item, i) {
        return [keyFunc(item), i];
    });

    sortArray.sort(function(a, b) {
        const keyA = a[0];
        const keyB = b[0];

        if (keyA == keyB) return 0;

        if (reversed) {
            return keyA < keyB ? 1 : -1;
        } else {
            return keyA > keyB ? 1 : -1;
        }
    });

    return sortArray.map(function(item) {
        const index = item[1];
        return items[index];
    });
}

function keyAlpha(colIndex) {
    return function(elem) {
        return elem.childNodes[1].childNodes[colIndex].firstChild.data.toLowerCase();
    };
}

function keyLink(colIndex) {
    return function(elem) {
        const dataCell = elem.childNodes[1].childNodes[colIndex].firstChild;
        return dataCell == null ? '' : dataCell.innerText.toLowerCase();
    };
}

function keyResult(colIndex) {
    return function(elem) {
        const strings = ['Error', 'Failed', 'Rerun', 'XFailed', 'XPassed',
            'Skipped', 'Passed'];
        return strings.indexOf(elem.childNodes[1].childNodes[colIndex].firstChild.data);
    };
}

function resetSortHeaders() {
    findAll('.sort-icon').forEach(function(elem) {
        elem.parentNode.removeChild(elem);
    });
    findAll('.sortable').forEach(function(elem) {
        const icon = document.createElement('div');
        icon.className = 'sort-icon';
        icon.textContent = 'vvv';
        elem.insertBefore(icon, elem.firstChild);
        elem.classList.remove('desc', 'active');
        elem.classList.add('asc', 'inactive');
    });
}

function toggleSortStates(elem) {
    //if active, toggle between asc and desc
    if (elem.classList.contains('active')) {
        elem.classList.toggle('asc');
        elem.classList.toggle('desc');
    }

    //if inactive, reset all other functions and add ascending active
    if (elem.classList.contains('inactive')) {
        resetSortHeaders();
        elem.classList.remove('inactive');
        elem.classList.add('active');
    }
}

function isAllRowsHidden(value) {
    return value.hidden == false;
}

function filterTable(elem) { // eslint-disable-line no-unused-vars
    const outcomeAtt = 'data-test-result';
    const outcome = elem.getAttribute(outcomeAtt);
    const classOutcome = outcome + ' results-table-row';
    const outcomeRows = document.getElementsByClassName(classOutcome);

    for(let i = 0; i < outcomeRows.length; i++){
        outcomeRows[i].hidden = !elem.checked;
    }

    const rows = findAll('.results-table-row').filter(isAllRowsHidden);
    const allRowsHidden = rows.length == 0 ? true : false;
    const notFoundMessage = document.getElementById('not-found-message');
    notFoundMessage.hidden = !allRowsHidden;
}
</script>
    <h1>Groovy Code Executor Report</h1>
    <p>Report generated on 14-Jan-2022 at 15:49:42 by <a href="https://pypi.python.org/pypi/pytest-html">pytest-html</a> v3.1.1</p>
    <h2>Environment</h2>
    <table id="environment">
      <tr>
        <td>Environment</td>
        <td>local</td></tr>
      <tr>
        <td>JAVA_HOME</td>
        <td>/Library/Java/JavaVirtualMachines/jdk1.8.0_271.jdk/Contents/Home</td></tr>
      <tr>
        <td>Packages</td>
        <td>{"pluggy": "1.0.0", "py": "1.11.0", "pytest": "6.2.5"}</td></tr>
      <tr>
        <td>Platform</td>
        <td>macOS-10.15.7-x86_64-i386-64bit</td></tr>
      <tr>
        <td>Plugins</td>
        <td>{"Faker": "11.3.0", "forked": "1.4.0", "html": "3.1.1", "metadata": "1.11.0", "xdist": "2.5.0"}</td></tr>
      <tr>
        <td>Python</td>
        <td>3.8.7</td></tr></table>
    <h2>Summary</h2>
    <p>The report contains tests for Groovy Code Executor service.</p>
    <p>104 tests ran in 17.88 seconds. </p>
    <p class="filter" hidden="true">(Un)check the boxes to filter the results.</p><input checked="true" class="filter" data-test-result="passed" hidden="true" name="filter_checkbox" onChange="filterTable(this)" type="checkbox"/><span class="passed">94 passed</span>, <input checked="true" class="filter" data-test-result="skipped" disabled="true" hidden="true" name="filter_checkbox" onChange="filterTable(this)" type="checkbox"/><span class="skipped">0 skipped</span>, <input checked="true" class="filter" data-test-result="failed" hidden="true" name="filter_checkbox" onChange="filterTable(this)" type="checkbox"/><span class="failed">10 failed</span>, <input checked="true" class="filter" data-test-result="error" disabled="true" hidden="true" name="filter_checkbox" onChange="filterTable(this)" type="checkbox"/><span class="error">0 errors</span>, <input checked="true" class="filter" data-test-result="xfailed" disabled="true" hidden="true" name="filter_checkbox" onChange="filterTable(this)" type="checkbox"/><span class="xfailed">0 expected failures</span>, <input checked="true" class="filter" data-test-result="xpassed" disabled="true" hidden="true" name="filter_checkbox" onChange="filterTable(this)" type="checkbox"/><span class="xpassed">0 unexpected passes</span>
    <h2>Results</h2>
    <table id="results-table">
      <thead id="results-table-head">
        <tr>
          <th class="sortable result initial-sort" col="result">Result</th>
          <th class="sortable" col="name">Test</th>
          <th>Test Description</th>
          <th class="sortable" col="duration">Duration</th>
          <th class="sortable links" col="links">Links</th></tr>
        <tr hidden="true" id="not-found-message">
          <th colspan="5">No results found. Try to check the filters</th></tr></thead>
      <tbody class="failed results-table-row">
        <tr>
          <td class="col-result">Failed</td>
          <td class="col-name">tests/test_authentication.py::TestAuthentication::test_cross_auth_submit_and_status_check[Verify accessing submit service with one user and status with other user-code0-200-401]</td>
          <td>Verify accessing submit service with one user and status with other user</td>
          <td class="col-duration">0.30</td>
          <td class="col-links"></td></tr>
        <tr>
          <td class="extra" colspan="5">
            <div class="log">[gw1] darwin -- Python 3.8.7 /Users/rohit.tupe/PycharmProjects/groovy-code-executor/venv/bin/python3<br/>[gw1] darwin -- Python 3.8.7 /Users/rohit.tupe/PycharmProjects/groovy-code-executor/venv/bin/python3[gw1] darwin -- Python 3.8.7 /Users/rohit.tupe/PycharmProjects/groovy-code-executor/venv/bin/python3<br/><br/>self = &lt;test_authentication.TestAuthentication object at 0x7f98d8cf4220&gt;, environment_details = {&#x27;host&#x27;: &#x27;http://localhost&#x27;, &#x27;port&#x27;: &#x27;8080&#x27;, &#x27;status&#x27;: &#x27;/groovy/status&#x27;, &#x27;submit&#x27;: &#x27;/groovy/submit&#x27;}<br/>user_details = {&#x27;invalid_user_1&#x27;: {&#x27;auth&#x27;: &#x27;YWJjXzE6cHFyXzE=&#x27;, &#x27;password&#x27;: &#x27;pqr_1&#x27;, &#x27;username&#x27;: &#x27;abc_1&#x27;}, &#x27;invalid_user_2&#x27;: {&#x27;auth&#x27;: ...2&#x27;, &#x27;username&#x27;: &#x27;user_1&#x27;}, &#x27;user_1&#x27;: {&#x27;auth&#x27;: &#x27;dXNlcl8xOnBhc3NfMQ==&#x27;, &#x27;password&#x27;: &#x27;pass_1&#x27;, &#x27;username&#x27;: &#x27;user_1&#x27;}, ...}<br/>test_name = &#x27;Verify accessing submit service with one user and status with other user&#x27;, code = {&#x27;code&#x27;: &#x27;122+123&#x27;}, expected_code_post = 200, expected_code_get = 401<br/><br/>    @pytest.mark.parametrize(&quot;test_name, code, expected_code_post, expected_code_get&quot;,<br/>                             [(&quot;Verify accessing submit service with one user and status with other user&quot;, {&quot;code&quot;: &quot;122+123&quot;}, 200, 401)])<br/>    def test_cross_auth_submit_and_status_check(self, environment_details, user_details, test_name, code, expected_code_post, expected_code_get):<br/>        # Submit the code using one user and request details using get from different user<br/>        TestAuthentication.test_cross_auth_submit_and_status_check.__doc__ = test_name<br/>        payload = json.dumps(code)<br/>        base_url = common_lib.get_base_url(environment_details)<br/>        token = user_details[&#x27;user_1&#x27;][&#x27;auth&#x27;]<br/>        self.headers.update({&#x27;Authorization&#x27;: &#x27;Basic %s&#x27; % token})<br/>    <br/>        res = common_lib.submit_groovy_code(environment_details, base_url, self.headers, payload)<br/>        assert res.status_code == expected_code_post<br/>        code_id = res.json().get(&quot;id&quot;)<br/>        logger.info(f&quot;code_id={code_id}&quot;)<br/>    <br/>        token_1 = user_details[&#x27;user_2&#x27;][&#x27;auth&#x27;]<br/>        self.headers.update({&#x27;Authorization&#x27;: &#x27;Basic %s&#x27; % token_1})<br/>        res = common_lib.get_groovy_code_status_by_id(environment_details, base_url, self.headers, code_id)<br/>&gt;       assert res.status_code == expected_code_get<br/><span class="error">E       assert 200 == 401</span><br/><span class="error">E         +200</span><br/><span class="error">E         -401</span><br/><br/>tests/test_authentication.py:142: AssertionError[gw1] darwin -- Python 3.8.7 /Users/rohit.tupe/PycharmProjects/groovy-code-executor/venv/bin/python3<br/> ------------------------------Captured stdout call------------------------------ <br/>submit_url=http://localhost:8080/groovy/submit
<br/> ------------------------------Captured stderr call------------------------------ <br/>INFO:test_authentication:code_id=f9a062c4-ec13-4c5a-88cb-515ae88bb831
<br/> -------------------------------Captured log call-------------------------------- <br/>INFO     test_authentication:test_authentication.py:137 code_id=f9a062c4-ec13-4c5a-88cb-515ae88bb831<br/></div></td></tr></tbody>
      <tbody class="failed results-table-row">
        <tr>
          <td class="col-result">Failed</td>
          <td class="col-name">tests/test_defaults.py::TestDefaults::test_submit_code_and_check_complete_status[Verify submitting only string code-code3-200-xyz]</td>
          <td>Verify submitting only string code</td>
          <td class="col-duration">0.04</td>
          <td class="col-links"></td></tr>
        <tr>
          <td class="extra" colspan="5">
            <div class="log">[gw0] darwin -- Python 3.8.7 /Users/rohit.tupe/PycharmProjects/groovy-code-executor/venv/bin/python3<br/>[gw0] darwin -- Python 3.8.7 /Users/rohit.tupe/PycharmProjects/groovy-code-executor/venv/bin/python3[gw0] darwin -- Python 3.8.7 /Users/rohit.tupe/PycharmProjects/groovy-code-executor/venv/bin/python3<br/><br/>self = &lt;test_defaults.TestDefaults object at 0x7ffad5e24be0&gt;, environment_details = {&#x27;host&#x27;: &#x27;http://localhost&#x27;, &#x27;port&#x27;: &#x27;8080&#x27;, &#x27;status&#x27;: &#x27;/groovy/status&#x27;, &#x27;submit&#x27;: &#x27;/groovy/submit&#x27;}<br/>user_details = {&#x27;invalid_user_1&#x27;: {&#x27;auth&#x27;: &#x27;YWJjXzE6cHFyXzE=&#x27;, &#x27;password&#x27;: &#x27;pqr_1&#x27;, &#x27;username&#x27;: &#x27;abc_1&#x27;}, &#x27;invalid_user_2&#x27;: {&#x27;auth&#x27;: ...2&#x27;, &#x27;username&#x27;: &#x27;user_1&#x27;}, &#x27;user_1&#x27;: {&#x27;auth&#x27;: &#x27;dXNlcl8xOnBhc3NfMQ==&#x27;, &#x27;password&#x27;: &#x27;pass_1&#x27;, &#x27;username&#x27;: &#x27;user_1&#x27;}, ...}<br/>test_name = &#x27;Verify submitting only string code&#x27;, code = {&#x27;code&#x27;: &#x27;xyz&#x27;}, expected_code = 200, expected_output = &#x27;xyz&#x27;<br/><br/>    @pytest.mark.parametrize(&quot;test_name, code, expected_code, expected_output&quot;,<br/>                             [(&quot;Verify submitting number addition code&quot;, {&quot;code&quot;: &quot;21+22&quot;}, 200, &quot;43&quot;),<br/>                              (&quot;Verify submitting decimal number addition code&quot;, {&quot;code&quot;: &quot;1.1+1.1&quot;}, 200, &quot;2.2&quot;),<br/>                              (&quot;Verify submitting only number code&quot;, {&quot;code&quot;: &quot;1234&quot;}, 200, &quot;1234&quot;),<br/>                              (&quot;Verify submitting only string code&quot;, {&quot;code&quot;: &quot;xyz&quot;}, 200, &quot;xyz&quot;),<br/>                              (&quot;Verify submitting code with println function&quot;, {&quot;code&quot;: &quot;println &#x27;hello&#x27;&quot;}, 200, &quot;null&quot;),<br/>                              (&quot;Verify submitting code with return statement&quot;, {&quot;code&quot;: &quot;return &#x27;hello&#x27;&quot;}, 200, &quot;hello&quot;),<br/>                              (&quot;Verify submitting code with range&quot;, {&quot;code&quot;: &quot;def range = 1..5; range.get(1);&quot;}, 200, &quot;2&quot;),<br/>                              (&quot;Verify submitting string concat code&quot;, {&quot;code&quot;: &quot;&#x27;Hello&#x27; + &#x27;World&#x27;&quot;}, 200, &quot;HelloWorld&quot;)])<br/>    def test_submit_code_and_check_complete_status(self, environment_details, user_details, test_name, code, expected_code,<br/>                                                   expected_output):<br/>        TestDefaults.test_submit_code_and_check_complete_status.__doc__ = test_name<br/>        payload = json.dumps(code)<br/>        base_url = common_lib.get_base_url(environment_details)<br/>        token = user_details[&#x27;user_1&#x27;][&#x27;auth&#x27;]<br/>        self.headers.update({&#x27;Authorization&#x27;: &#x27;Basic %s&#x27; % token})<br/>    <br/>        res = common_lib.submit_groovy_code(environment_details, base_url, self.headers, payload)<br/>        assert res.status_code == expected_code<br/>        code_id = res.json().get(&quot;id&quot;)<br/>        logger.info(f&quot;code_id={code_id}&quot;)<br/>    <br/>        res = common_lib.get_groovy_code_status_by_id(environment_details, base_url, self.headers, code_id)<br/>        assert res.status_code == expected_code<br/>    <br/>        status_url = common_lib.generate_endpoint(environment_details, base_url, &quot;status&quot;, code_id)<br/>        expected_status = common_lib.CodeStatus.COMPLETED.value<br/>        res = common_lib.wait_until_status(status_url, self.headers, self.timeout_in_secs, expected_status)<br/>        expected = common_lib.generate_groovy_code_status_template(code_id, expected_status, result=expected_output)<br/>        assert res<br/>&gt;       assert res.json() == json.loads(expected)<br/><span class="error">E       AssertionError: assert {&#x27;id&#x27;: &#x27;333b58c8-238b-433e-b6ab-723714b4cda9&#x27;,\n &#x27;result&#x27;: &#x27;java.util.concurrent.ExecutionException: &#x27;\n           &#x27;groovy.lang.MissingPropertyException: No such property: xyz for &#x27;\n           &#x27;class: Script1&#x27;,\n &#x27;status&#x27;: &#x27;FAILED&#x27;} == {&#x27;id&#x27;: &#x27;333b58c8-238b-433e-b6ab-723714b4cda9&#x27;,\n &#x27;result&#x27;: &#x27;xyz&#x27;,\n &#x27;status&#x27;: &#x27;COMPLETED&#x27;}</span><br/><span class="error">E         Common items:</span><br/><span class="error">E         {&#x27;id&#x27;: &#x27;333b58c8-238b-433e-b6ab-723714b4cda9&#x27;}</span><br/><span class="error">E         Differing items:</span><br/><span class="error">E         {&#x27;status&#x27;: &#x27;FAILED&#x27;} != {&#x27;status&#x27;: &#x27;COMPLETED&#x27;}</span><br/><span class="error">E         {&#x27;result&#x27;: &#x27;java.util.concurrent.ExecutionException: groovy.lang.MissingPropertyException: No such property: xyz for class: Script1&#x27;} != {&#x27;result&#x27;: &#x27;xyz&#x27;}</span><br/><span class="error">E         Full diff:</span><br/><span class="error">E           {</span><br/><span class="error">E            &#x27;id&#x27;: &#x27;333b58c8-238b-433e-b6ab-723714b4cda9&#x27;,</span><br/><span class="error">E         -  &#x27;result&#x27;: &#x27;xyz&#x27;,</span><br/><span class="error">E         +  &#x27;result&#x27;: &#x27;java.util.concurrent.ExecutionException: &#x27;</span><br/><span class="error">E         +            &#x27;groovy.lang.MissingPropertyException: No such property: xyz for &#x27;</span><br/><span class="error">E         +            &#x27;class: Script1&#x27;,</span><br/><span class="error">E         -  &#x27;status&#x27;: &#x27;COMPLETED&#x27;,</span><br/><span class="error">E         ?             ^^^^ --</span><br/><span class="error">E         +  &#x27;status&#x27;: &#x27;FAILED&#x27;,</span><br/><span class="error">E         ?             ^^^</span><br/><span class="error">E           }</span><br/><br/>tests/test_defaults.py:83: AssertionError[gw0] darwin -- Python 3.8.7 /Users/rohit.tupe/PycharmProjects/groovy-code-executor/venv/bin/python3<br/> ------------------------------Captured stdout call------------------------------ <br/>submit_url=http://localhost:8080/groovy/submit
<br/> ------------------------------Captured stderr call------------------------------ <br/>INFO:test_defaults:code_id=333b58c8-238b-433e-b6ab-723714b4cda9
INFO:app_lib.common_lib:Waiting for max 60 seconds for status &quot;COMPLETED&quot;...
<br/> -------------------------------Captured log call-------------------------------- <br/>INFO     test_defaults:test_defaults.py:73 code_id=333b58c8-238b-433e-b6ab-723714b4cda9
INFO     app_lib.common_lib:common_lib.py:67 Waiting for max 60 seconds for status &quot;COMPLETED&quot;...<br/></div></td></tr></tbody>
      <tbody class="failed results-table-row">
        <tr>
          <td class="col-result">Failed</td>
          <td class="col-name">tests/test_defaults.py::TestDefaults::test_submit_same_code_twice_and_check_status[Verify submitting same code more than once should give same result-code0-200]</td>
          <td>Verify submitting same code more than once should give same result</td>
          <td class="col-duration">0.05</td>
          <td class="col-links"></td></tr>
        <tr>
          <td class="extra" colspan="5">
            <div class="log">[gw1] darwin -- Python 3.8.7 /Users/rohit.tupe/PycharmProjects/groovy-code-executor/venv/bin/python3<br/>[gw1] darwin -- Python 3.8.7 /Users/rohit.tupe/PycharmProjects/groovy-code-executor/venv/bin/python3[gw1] darwin -- Python 3.8.7 /Users/rohit.tupe/PycharmProjects/groovy-code-executor/venv/bin/python3<br/><br/>self = &lt;test_defaults.TestDefaults object at 0x7f98d8d0ef40&gt;, environment_details = {&#x27;host&#x27;: &#x27;http://localhost&#x27;, &#x27;port&#x27;: &#x27;8080&#x27;, &#x27;status&#x27;: &#x27;/groovy/status&#x27;, &#x27;submit&#x27;: &#x27;/groovy/submit&#x27;}<br/>user_details = {&#x27;invalid_user_1&#x27;: {&#x27;auth&#x27;: &#x27;YWJjXzE6cHFyXzE=&#x27;, &#x27;password&#x27;: &#x27;pqr_1&#x27;, &#x27;username&#x27;: &#x27;abc_1&#x27;}, &#x27;invalid_user_2&#x27;: {&#x27;auth&#x27;: ...2&#x27;, &#x27;username&#x27;: &#x27;user_1&#x27;}, &#x27;user_1&#x27;: {&#x27;auth&#x27;: &#x27;dXNlcl8xOnBhc3NfMQ==&#x27;, &#x27;password&#x27;: &#x27;pass_1&#x27;, &#x27;username&#x27;: &#x27;user_1&#x27;}, ...}<br/>test_name = &#x27;Verify submitting same code more than once should give same result&#x27;, code = {&#x27;code&#x27;: &#x27;31+32&#x27;}, expected_code = 200<br/><br/>    @pytest.mark.parametrize(&quot;test_name, code, expected_code&quot;,<br/>                             [(&quot;Verify submitting same code more than once should give same result&quot;, {&quot;code&quot;: &quot;31+32&quot;}, 200)])<br/>    def test_submit_same_code_twice_and_check_status(self, environment_details, user_details, test_name, code, expected_code):<br/>        TestDefaults.test_submit_same_code_twice_and_check_status.__doc__ = test_name<br/>        payload = json.dumps(code)<br/>        base_url = common_lib.get_base_url(environment_details)<br/>        token = user_details[&#x27;user_1&#x27;][&#x27;auth&#x27;]<br/>        self.headers.update({&#x27;Authorization&#x27;: &#x27;Basic %s&#x27; % token})<br/>    <br/>        res_1 = common_lib.submit_groovy_code(environment_details, base_url, self.headers, payload)<br/>        assert res_1.status_code == expected_code<br/>    <br/>        res_2 = common_lib.submit_groovy_code(environment_details, base_url, self.headers, payload)<br/>&gt;       assert res_2.status_code == expected_code<br/><span class="error">E       assert 500 == 200</span><br/><span class="error">E         +500</span><br/><span class="error">E         -200</span><br/><br/>tests/test_defaults.py:166: AssertionError[gw1] darwin -- Python 3.8.7 /Users/rohit.tupe/PycharmProjects/groovy-code-executor/venv/bin/python3<br/> ------------------------------Captured stdout call------------------------------ <br/>submit_url=http://localhost:8080/groovy/submit
submit_url=http://localhost:8080/groovy/submit
<br/></div></td></tr></tbody>
      <tbody class="failed results-table-row">
        <tr>
          <td class="col-result">Failed</td>
          <td class="col-name">tests/test_defaults.py::TestDefaults::test_additional_param_to_status[Verify adding extra param to status request should not be successfull-code0-200-404]</td>
          <td>Verify adding extra param to status request should not be successfull</td>
          <td class="col-duration">0.03</td>
          <td class="col-links"></td></tr>
        <tr>
          <td class="extra" colspan="5">
            <div class="log">[gw1] darwin -- Python 3.8.7 /Users/rohit.tupe/PycharmProjects/groovy-code-executor/venv/bin/python3<br/>[gw1] darwin -- Python 3.8.7 /Users/rohit.tupe/PycharmProjects/groovy-code-executor/venv/bin/python3[gw1] darwin -- Python 3.8.7 /Users/rohit.tupe/PycharmProjects/groovy-code-executor/venv/bin/python3<br/><br/>self = &lt;test_defaults.TestDefaults object at 0x7f98d8dc31c0&gt;, environment_details = {&#x27;host&#x27;: &#x27;http://localhost&#x27;, &#x27;port&#x27;: &#x27;8080&#x27;, &#x27;status&#x27;: &#x27;/groovy/status&#x27;, &#x27;submit&#x27;: &#x27;/groovy/submit&#x27;}<br/>user_details = {&#x27;invalid_user_1&#x27;: {&#x27;auth&#x27;: &#x27;YWJjXzE6cHFyXzE=&#x27;, &#x27;password&#x27;: &#x27;pqr_1&#x27;, &#x27;username&#x27;: &#x27;abc_1&#x27;}, &#x27;invalid_user_2&#x27;: {&#x27;auth&#x27;: ...2&#x27;, &#x27;username&#x27;: &#x27;user_1&#x27;}, &#x27;user_1&#x27;: {&#x27;auth&#x27;: &#x27;dXNlcl8xOnBhc3NfMQ==&#x27;, &#x27;password&#x27;: &#x27;pass_1&#x27;, &#x27;username&#x27;: &#x27;user_1&#x27;}, ...}<br/>test_name = &#x27;Verify adding extra param to status request should not be successfull&#x27;, code = {&#x27;code&#x27;: &#x27;10000+2&#x27;}, expected_code_post = 200, expected_code_get = 404<br/><br/>    @pytest.mark.parametrize(&quot;test_name, code, expected_code_post, expected_code_get&quot;,<br/>                             [(&quot;Verify adding extra param to status request should not be successfull&quot;, {&quot;code&quot;: &quot;10000+2&quot;}, 200, 404)])<br/>    def test_additional_param_to_status(self, environment_details, user_details, test_name, code, expected_code_post, expected_code_get):<br/>        TestDefaults.test_additional_param_to_status.__doc__ = test_name<br/>        payload = json.dumps(code)<br/>        base_url = common_lib.get_base_url(environment_details)<br/>        token = user_details[&#x27;user_1&#x27;][&#x27;auth&#x27;]<br/>        self.headers.update({&#x27;Authorization&#x27;: &#x27;Basic %s&#x27; % token})<br/>    <br/>        res = common_lib.submit_groovy_code(environment_details, base_url, self.headers, payload)<br/>        assert res.status_code == expected_code_post<br/>        code_id = res.json().get(&quot;id&quot;)<br/>        logger.info(f&quot;code_id={code_id}&quot;)<br/>    <br/>        test = f&#x27;{code_id}&amp;xyz=123&#x27;<br/>        res = common_lib.get_groovy_code_status_by_id(environment_details, base_url, self.headers, test)<br/>&gt;       assert res.status_code == expected_code_get<br/><span class="error">E       assert 200 == 404</span><br/><span class="error">E         +200</span><br/><span class="error">E         -404</span><br/><br/>tests/test_defaults.py:240: AssertionError[gw1] darwin -- Python 3.8.7 /Users/rohit.tupe/PycharmProjects/groovy-code-executor/venv/bin/python3<br/> ------------------------------Captured stdout call------------------------------ <br/>submit_url=http://localhost:8080/groovy/submit
<br/> ------------------------------Captured stderr call------------------------------ <br/>INFO:test_defaults:code_id=3a72bee9-ee6f-444b-be7c-0791d6373077
<br/> -------------------------------Captured log call-------------------------------- <br/>INFO     test_defaults:test_defaults.py:236 code_id=3a72bee9-ee6f-444b-be7c-0791d6373077<br/></div></td></tr></tbody>
      <tbody class="failed results-table-row">
        <tr>
          <td class="col-result">Failed</td>
          <td class="col-name">tests/test_loops_and_condition.py::TestLoopsAndConditions::test_while_loop_submit_code_and_check_complete_status[Verify while loop without return statement-code0-200-1]</td>
          <td>Verify while loop without return statement</td>
          <td class="col-duration">0.04</td>
          <td class="col-links"></td></tr>
        <tr>
          <td class="extra" colspan="5">
            <div class="log">[gw1] darwin -- Python 3.8.7 /Users/rohit.tupe/PycharmProjects/groovy-code-executor/venv/bin/python3<br/>[gw1] darwin -- Python 3.8.7 /Users/rohit.tupe/PycharmProjects/groovy-code-executor/venv/bin/python3[gw1] darwin -- Python 3.8.7 /Users/rohit.tupe/PycharmProjects/groovy-code-executor/venv/bin/python3<br/><br/>self = &lt;test_loops_and_condition.TestLoopsAndConditions object at 0x7f98d8ca6d90&gt;, environment_details = {&#x27;host&#x27;: &#x27;http://localhost&#x27;, &#x27;port&#x27;: &#x27;8080&#x27;, &#x27;status&#x27;: &#x27;/groovy/status&#x27;, &#x27;submit&#x27;: &#x27;/groovy/submit&#x27;}<br/>user_details = {&#x27;invalid_user_1&#x27;: {&#x27;auth&#x27;: &#x27;YWJjXzE6cHFyXzE=&#x27;, &#x27;password&#x27;: &#x27;pqr_1&#x27;, &#x27;username&#x27;: &#x27;abc_1&#x27;}, &#x27;invalid_user_2&#x27;: {&#x27;auth&#x27;: ...2&#x27;, &#x27;username&#x27;: &#x27;user_1&#x27;}, &#x27;user_1&#x27;: {&#x27;auth&#x27;: &#x27;dXNlcl8xOnBhc3NfMQ==&#x27;, &#x27;password&#x27;: &#x27;pass_1&#x27;, &#x27;username&#x27;: &#x27;user_1&#x27;}, ...}<br/>test_name = &#x27;Verify while loop without return statement&#x27;, code = {&#x27;code&#x27;: &#x27;int cnt = 0; while(cnt&lt;5) {cnt++;  cnt;}&#x27;}, expected_code = 200, expected_output = &#x27;1&#x27;<br/><br/>    @pytest.mark.parametrize(&quot;test_name, code, expected_code, expected_output&quot;,<br/>                             [(&quot;Verify while loop without return statement&quot;, {&quot;code&quot;: &quot;int cnt = 0; while(cnt&lt;5) {cnt++;  cnt;}&quot;}, 200, &quot;1&quot;),<br/>                              (&quot;Verify while loop with return statement&quot;, {&quot;code&quot;: &quot;int counter = 0; while(counter&lt;5) {counter++; return counter;}&quot;}, 200, &quot;1&quot;)])<br/>    def test_while_loop_submit_code_and_check_complete_status(self, environment_details, user_details, test_name, code, expected_code, expected_output):<br/>        TestLoopsAndConditions.test_while_loop_submit_code_and_check_complete_status.__doc__ = test_name<br/>        payload = json.dumps(code)<br/>        base_url = common_lib.get_base_url(environment_details)<br/>        token = user_details[&#x27;user_1&#x27;][&#x27;auth&#x27;]<br/>        self.headers.update({&#x27;Authorization&#x27;: &#x27;Basic %s&#x27; % token})<br/>    <br/>        res = common_lib.submit_groovy_code(environment_details, base_url, self.headers, payload)<br/>        assert res.status_code == expected_code<br/>        code_id = res.json().get(&quot;id&quot;)<br/>        logger.info(f&quot;code_id={code_id}&quot;)<br/>    <br/>        res = common_lib.get_groovy_code_status_by_id(environment_details, base_url, self.headers, code_id)<br/>        assert res.status_code == expected_code<br/>    <br/>        status_url = common_lib.generate_endpoint(environment_details, base_url, &quot;status&quot;, code_id)<br/>        res = common_lib.wait_until_status(status_url, self.headers, self.timeout_in_secs, common_lib.CodeStatus.COMPLETED.value)<br/>        expected = common_lib.generate_groovy_code_status_template(code_id, common_lib.CodeStatus.COMPLETED.value,<br/>                                                                   result=expected_output)<br/>&gt;       assert res.json() == json.loads(expected)<br/><span class="error">E       AssertionError: assert {&#x27;id&#x27;: &#x27;faf69e42-dfa0-45f4-b857-0e74e1e7cef1&#x27;,\n &#x27;result&#x27;: &#x27;null&#x27;,\n &#x27;status&#x27;: &#x27;COMPLETED&#x27;} == {&#x27;id&#x27;: &#x27;faf69e42-dfa0-45f4-b857-0e74e1e7cef1&#x27;,\n &#x27;result&#x27;: &#x27;1&#x27;,\n &#x27;status&#x27;: &#x27;COMPLETED&#x27;}</span><br/><span class="error">E         Common items:</span><br/><span class="error">E         {&#x27;id&#x27;: &#x27;faf69e42-dfa0-45f4-b857-0e74e1e7cef1&#x27;, &#x27;status&#x27;: &#x27;COMPLETED&#x27;}</span><br/><span class="error">E         Differing items:</span><br/><span class="error">E         {&#x27;result&#x27;: &#x27;null&#x27;} != {&#x27;result&#x27;: &#x27;1&#x27;}</span><br/><span class="error">E         Full diff:</span><br/><span class="error">E           {</span><br/><span class="error">E            &#x27;id&#x27;: &#x27;faf69e42-dfa0-45f4-b857-0e74e1e7cef1&#x27;,</span><br/><span class="error">E         -  &#x27;result&#x27;: &#x27;1&#x27;,</span><br/><span class="error">E         ?             ^</span><br/><span class="error">E         +  &#x27;result&#x27;: &#x27;null&#x27;,</span><br/><span class="error">E         ?             ^^^^</span><br/><span class="error">E            &#x27;status&#x27;: &#x27;COMPLETED&#x27;,</span><br/><span class="error">E           }</span><br/><br/>tests/test_loops_and_condition.py:36: AssertionError[gw1] darwin -- Python 3.8.7 /Users/rohit.tupe/PycharmProjects/groovy-code-executor/venv/bin/python3<br/> ------------------------------Captured stdout call------------------------------ <br/>submit_url=http://localhost:8080/groovy/submit
<br/> ------------------------------Captured stderr call------------------------------ <br/>INFO:test_loops_and_condition:code_id=faf69e42-dfa0-45f4-b857-0e74e1e7cef1
INFO:app_lib.common_lib:Waiting for max 60 seconds for status &quot;COMPLETED&quot;...
<br/> -------------------------------Captured log call-------------------------------- <br/>INFO     test_loops_and_condition:test_loops_and_condition.py:27 code_id=faf69e42-dfa0-45f4-b857-0e74e1e7cef1
INFO     app_lib.common_lib:common_lib.py:67 Waiting for max 60 seconds for status &quot;COMPLETED&quot;...<br/></div></td></tr></tbody>
      <tbody class="failed results-table-row">
        <tr>
          <td class="col-result">Failed</td>
          <td class="col-name">tests/test_defaults.py::TestDefaults::test_submit_methods_class_code_and_check_complete_status[Verify class and user defined method submission while returning variable-code1-200-testing]</td>
          <td>Verify class and user defined method submission while returning variable</td>
          <td class="col-duration">0.04</td>
          <td class="col-links"></td></tr>
        <tr>
          <td class="extra" colspan="5">
            <div class="log">[gw0] darwin -- Python 3.8.7 /Users/rohit.tupe/PycharmProjects/groovy-code-executor/venv/bin/python3<br/>[gw0] darwin -- Python 3.8.7 /Users/rohit.tupe/PycharmProjects/groovy-code-executor/venv/bin/python3[gw0] darwin -- Python 3.8.7 /Users/rohit.tupe/PycharmProjects/groovy-code-executor/venv/bin/python3<br/><br/>self = &lt;test_defaults.TestDefaults object at 0x7ffad5fc6130&gt;, environment_details = {&#x27;host&#x27;: &#x27;http://localhost&#x27;, &#x27;port&#x27;: &#x27;8080&#x27;, &#x27;status&#x27;: &#x27;/groovy/status&#x27;, &#x27;submit&#x27;: &#x27;/groovy/submit&#x27;}<br/>user_details = {&#x27;invalid_user_1&#x27;: {&#x27;auth&#x27;: &#x27;YWJjXzE6cHFyXzE=&#x27;, &#x27;password&#x27;: &#x27;pqr_1&#x27;, &#x27;username&#x27;: &#x27;abc_1&#x27;}, &#x27;invalid_user_2&#x27;: {&#x27;auth&#x27;: ...2&#x27;, &#x27;username&#x27;: &#x27;user_1&#x27;}, &#x27;user_1&#x27;: {&#x27;auth&#x27;: &#x27;dXNlcl8xOnBhc3NfMQ==&#x27;, &#x27;password&#x27;: &#x27;pass_1&#x27;, &#x27;username&#x27;: &#x27;user_1&#x27;}, ...}<br/>test_name = &#x27;Verify class and user defined method submission while returning variable&#x27;, code = {&#x27;code&#x27;: &quot;class Tester {static void main(String[] args) {Tester.test();}; static String test(){def x = &#x27;testing&#x27;; x;}}&quot;}<br/>expected_code = 200, expected_output = &#x27;testing&#x27;<br/><br/>    @pytest.mark.parametrize(&quot;test_name, code, expected_code, expected_output&quot;,<br/>                             [(&quot;Verify class and main method submission without return statement&quot;, {&quot;code&quot;: &quot;class World {static void main(String[] args) {System.out.println(&#x27;hi&#x27;);}}&quot;}, 200, &quot;null&quot;),<br/>                              (&quot;Verify class and user defined method submission while returning variable&quot;, {&quot;code&quot;: &quot;class Tester {static void main(String[] args) {Tester.test();}; static String test(){def x = &#x27;testing&#x27;; x;}}&quot;}, 200, &quot;testing&quot;),<br/>                              (&quot;Verify class and user defined method submission with return statement&quot;, {&quot;code&quot;: &quot;class Coder {static void main(String[] args) {Coder.develop();}; static String develop(){return &#x27;developing&#x27;;}}&quot;}, 200, &quot;developing&quot;)])<br/>    def test_submit_methods_class_code_and_check_complete_status(self, environment_details, user_details, test_name, code, expected_code, expected_output):<br/>        TestDefaults.test_submit_methods_class_code_and_check_complete_status.__doc__ = test_name<br/>        payload = json.dumps(code)<br/>        base_url = common_lib.get_base_url(environment_details)<br/>        token = user_details[&#x27;user_1&#x27;][&#x27;auth&#x27;]<br/>        self.headers.update({&#x27;Authorization&#x27;: &#x27;Basic %s&#x27; % token})<br/>    <br/>        res = common_lib.submit_groovy_code(environment_details, base_url, self.headers, payload)<br/>        assert res.status_code == expected_code<br/>        code_id = res.json().get(&quot;id&quot;)<br/>        logger.info(f&quot;code_id={code_id}&quot;)<br/>    <br/>        res = common_lib.get_groovy_code_status_by_id(environment_details, base_url, self.headers, code_id)<br/>        assert res.status_code == expected_code<br/>    <br/>        status_url = common_lib.generate_endpoint(environment_details, base_url, &quot;status&quot;, code_id)<br/>        res = common_lib.wait_until_status(status_url, self.headers, self.timeout_in_secs, common_lib.CodeStatus.COMPLETED.value)<br/>        res_data = res.json()<br/>&gt;       assert res_data[&#x27;status&#x27;] == &#x27;COMPLETED&#x27; and expected_output in res_data[&#x27;result&#x27;]<br/><span class="error">E       AssertionError: assert (&#x27;COMPLETED&#x27; == &#x27;COMPLETED&#x27;</span><br/><span class="error">E           COMPLETED and &#x27;testing&#x27; in &#x27;null&#x27;)</span><br/><br/>tests/test_defaults.py:107: AssertionError[gw0] darwin -- Python 3.8.7 /Users/rohit.tupe/PycharmProjects/groovy-code-executor/venv/bin/python3<br/> ------------------------------Captured stdout call------------------------------ <br/>submit_url=http://localhost:8080/groovy/submit
<br/> ------------------------------Captured stderr call------------------------------ <br/>INFO:test_defaults:code_id=878d7be7-22aa-4c9d-a6cc-14eed3d26b6b
INFO:app_lib.common_lib:Waiting for max 60 seconds for status &quot;COMPLETED&quot;...
<br/> -------------------------------Captured log call-------------------------------- <br/>INFO     test_defaults:test_defaults.py:99 code_id=878d7be7-22aa-4c9d-a6cc-14eed3d26b6b
INFO     app_lib.common_lib:common_lib.py:67 Waiting for max 60 seconds for status &quot;COMPLETED&quot;...<br/></div></td></tr></tbody>
      <tbody class="failed results-table-row">
        <tr>
          <td class="col-result">Failed</td>
          <td class="col-name">tests/test_defaults.py::TestDefaults::test_submit_methods_class_code_and_check_complete_status[Verify class and user defined method submission with return statement-code2-200-developing]</td>
          <td>Verify class and user defined method submission with return statement</td>
          <td class="col-duration">0.04</td>
          <td class="col-links"></td></tr>
        <tr>
          <td class="extra" colspan="5">
            <div class="log">[gw0] darwin -- Python 3.8.7 /Users/rohit.tupe/PycharmProjects/groovy-code-executor/venv/bin/python3<br/>[gw0] darwin -- Python 3.8.7 /Users/rohit.tupe/PycharmProjects/groovy-code-executor/venv/bin/python3[gw0] darwin -- Python 3.8.7 /Users/rohit.tupe/PycharmProjects/groovy-code-executor/venv/bin/python3<br/><br/>self = &lt;test_defaults.TestDefaults object at 0x7ffad5c66f10&gt;, environment_details = {&#x27;host&#x27;: &#x27;http://localhost&#x27;, &#x27;port&#x27;: &#x27;8080&#x27;, &#x27;status&#x27;: &#x27;/groovy/status&#x27;, &#x27;submit&#x27;: &#x27;/groovy/submit&#x27;}<br/>user_details = {&#x27;invalid_user_1&#x27;: {&#x27;auth&#x27;: &#x27;YWJjXzE6cHFyXzE=&#x27;, &#x27;password&#x27;: &#x27;pqr_1&#x27;, &#x27;username&#x27;: &#x27;abc_1&#x27;}, &#x27;invalid_user_2&#x27;: {&#x27;auth&#x27;: ...2&#x27;, &#x27;username&#x27;: &#x27;user_1&#x27;}, &#x27;user_1&#x27;: {&#x27;auth&#x27;: &#x27;dXNlcl8xOnBhc3NfMQ==&#x27;, &#x27;password&#x27;: &#x27;pass_1&#x27;, &#x27;username&#x27;: &#x27;user_1&#x27;}, ...}<br/>test_name = &#x27;Verify class and user defined method submission with return statement&#x27;, code = {&#x27;code&#x27;: &quot;class Coder {static void main(String[] args) {Coder.develop();}; static String develop(){return &#x27;developing&#x27;;}}&quot;}<br/>expected_code = 200, expected_output = &#x27;developing&#x27;<br/><br/>    @pytest.mark.parametrize(&quot;test_name, code, expected_code, expected_output&quot;,<br/>                             [(&quot;Verify class and main method submission without return statement&quot;, {&quot;code&quot;: &quot;class World {static void main(String[] args) {System.out.println(&#x27;hi&#x27;);}}&quot;}, 200, &quot;null&quot;),<br/>                              (&quot;Verify class and user defined method submission while returning variable&quot;, {&quot;code&quot;: &quot;class Tester {static void main(String[] args) {Tester.test();}; static String test(){def x = &#x27;testing&#x27;; x;}}&quot;}, 200, &quot;testing&quot;),<br/>                              (&quot;Verify class and user defined method submission with return statement&quot;, {&quot;code&quot;: &quot;class Coder {static void main(String[] args) {Coder.develop();}; static String develop(){return &#x27;developing&#x27;;}}&quot;}, 200, &quot;developing&quot;)])<br/>    def test_submit_methods_class_code_and_check_complete_status(self, environment_details, user_details, test_name, code, expected_code, expected_output):<br/>        TestDefaults.test_submit_methods_class_code_and_check_complete_status.__doc__ = test_name<br/>        payload = json.dumps(code)<br/>        base_url = common_lib.get_base_url(environment_details)<br/>        token = user_details[&#x27;user_1&#x27;][&#x27;auth&#x27;]<br/>        self.headers.update({&#x27;Authorization&#x27;: &#x27;Basic %s&#x27; % token})<br/>    <br/>        res = common_lib.submit_groovy_code(environment_details, base_url, self.headers, payload)<br/>        assert res.status_code == expected_code<br/>        code_id = res.json().get(&quot;id&quot;)<br/>        logger.info(f&quot;code_id={code_id}&quot;)<br/>    <br/>        res = common_lib.get_groovy_code_status_by_id(environment_details, base_url, self.headers, code_id)<br/>        assert res.status_code == expected_code<br/>    <br/>        status_url = common_lib.generate_endpoint(environment_details, base_url, &quot;status&quot;, code_id)<br/>        res = common_lib.wait_until_status(status_url, self.headers, self.timeout_in_secs, common_lib.CodeStatus.COMPLETED.value)<br/>        res_data = res.json()<br/>&gt;       assert res_data[&#x27;status&#x27;] == &#x27;COMPLETED&#x27; and expected_output in res_data[&#x27;result&#x27;]<br/><span class="error">E       AssertionError: assert (&#x27;COMPLETED&#x27; == &#x27;COMPLETED&#x27;</span><br/><span class="error">E           COMPLETED and &#x27;developing&#x27; in &#x27;null&#x27;)</span><br/><br/>tests/test_defaults.py:107: AssertionError[gw0] darwin -- Python 3.8.7 /Users/rohit.tupe/PycharmProjects/groovy-code-executor/venv/bin/python3<br/> ------------------------------Captured stdout call------------------------------ <br/>submit_url=http://localhost:8080/groovy/submit
<br/> ------------------------------Captured stderr call------------------------------ <br/>INFO:test_defaults:code_id=b19129cd-79d6-4228-85d8-14cb955bcf7b
INFO:app_lib.common_lib:Waiting for max 60 seconds for status &quot;COMPLETED&quot;...
<br/> -------------------------------Captured log call-------------------------------- <br/>INFO     test_defaults:test_defaults.py:99 code_id=b19129cd-79d6-4228-85d8-14cb955bcf7b
INFO     app_lib.common_lib:common_lib.py:67 Waiting for max 60 seconds for status &quot;COMPLETED&quot;...<br/></div></td></tr></tbody>
      <tbody class="failed results-table-row">
        <tr>
          <td class="col-result">Failed</td>
          <td class="col-name">tests/test_users_requests_multi.py::TestMultiRequestsUser::test_multiple_requests_and_check_complete_status[10-200]</td>
          <td>Verifying sending multiple requests &quot;10&quot; by same user to check parallel execution</td>
          <td class="col-duration">3.10</td>
          <td class="col-links"></td></tr>
        <tr>
          <td class="extra" colspan="5">
            <div class="log">[gw0] darwin -- Python 3.8.7 /Users/rohit.tupe/PycharmProjects/groovy-code-executor/venv/bin/python3<br/>[gw0] darwin -- Python 3.8.7 /Users/rohit.tupe/PycharmProjects/groovy-code-executor/venv/bin/python3[gw0] darwin -- Python 3.8.7 /Users/rohit.tupe/PycharmProjects/groovy-code-executor/venv/bin/python3<br/><br/>self = &lt;test_users_requests_multi.TestMultiRequestsUser object at 0x7ffad5991460&gt;, environment_details = {&#x27;host&#x27;: &#x27;http://localhost&#x27;, &#x27;port&#x27;: &#x27;8080&#x27;, &#x27;status&#x27;: &#x27;/groovy/status&#x27;, &#x27;submit&#x27;: &#x27;/groovy/submit&#x27;}<br/>user_details = {&#x27;invalid_user_1&#x27;: {&#x27;auth&#x27;: &#x27;YWJjXzE6cHFyXzE=&#x27;, &#x27;password&#x27;: &#x27;pqr_1&#x27;, &#x27;username&#x27;: &#x27;abc_1&#x27;}, &#x27;invalid_user_2&#x27;: {&#x27;auth&#x27;: ...2&#x27;, &#x27;username&#x27;: &#x27;user_1&#x27;}, &#x27;user_1&#x27;: {&#x27;auth&#x27;: &#x27;dXNlcl8xOnBhc3NfMQ==&#x27;, &#x27;password&#x27;: &#x27;pass_1&#x27;, &#x27;username&#x27;: &#x27;user_1&#x27;}, ...}<br/>number_of_requests = 10, expected_code = 200<br/><br/>    @pytest.mark.parametrize(&quot;number_of_requests, expected_code&quot;, [(2,200), (10,200)])<br/>    def test_multiple_requests_and_check_complete_status(self, environment_details, user_details, number_of_requests, expected_code):<br/>        TestMultiRequestsUser.test_multiple_requests_and_check_complete_status.__doc__ = f&quot;Verifying sending multiple requests \&quot;{number_of_requests}\&quot; by same user to check parallel execution&quot;<br/>        base_url = common_lib.get_base_url(environment_details)<br/>        token = user_details[&#x27;user_2&#x27;][&#x27;auth&#x27;]<br/>        self.headers.update({&#x27;Authorization&#x27;: &#x27;Basic %s&#x27; % token})<br/>    <br/>        all_status, status_ok = [], []<br/>        requests_list = []<br/>        initial_digit = common_lib.generate_random_number(4)<br/>        submit_url = common_lib.generate_endpoint(environment_details, base_url, &quot;submit&quot;, None)<br/>        for index in range(number_of_requests):<br/>            requests_list.append(grequests.post(submit_url, headers=self.headers, json={&quot;code&quot;: &quot;(%s)*(%s)&quot; % (initial_digit, str(index))}))<br/>    <br/>        res_list = grequests.map(requests_list)<br/>        time.sleep(3)<br/>    <br/>        for res in res_list:<br/>            all_status.append(res.status_code)<br/>            if res.status_code == expected_code:<br/>                status_ok.append([res_list.index(res), res.json()[&#x27;id&#x27;]])<br/>            else:<br/>                logger.info(f&quot;The request {res.json()} has status code as {res.status_code}&quot;)<br/>    <br/>&gt;       assert all_status.count(expected_code) == number_of_requests<br/><span class="error">E       assert 3 == 10</span><br/><span class="error">E         +3</span><br/><span class="error">E         -10</span><br/><br/>tests/test_users_requests_multi.py:69: AssertionError[gw0] darwin -- Python 3.8.7 /Users/rohit.tupe/PycharmProjects/groovy-code-executor/venv/bin/python3<br/> ------------------------------Captured stderr call------------------------------ <br/>INFO:test_users_requests_multi:The request {&#x27;timestamp&#x27;: &#x27;2022-01-14T10:19:36.326+00:00&#x27;, &#x27;status&#x27;: 500, &#x27;error&#x27;: &#x27;Internal Server Error&#x27;, &#x27;message&#x27;: &#x27;&#x27;, &#x27;path&#x27;: &#x27;/groovy/submit&#x27;} has status code as 500
INFO:test_users_requests_multi:The request {&#x27;timestamp&#x27;: &#x27;2022-01-14T10:19:36.320+00:00&#x27;, &#x27;status&#x27;: 500, &#x27;error&#x27;: &#x27;Internal Server Error&#x27;, &#x27;message&#x27;: &#x27;&#x27;, &#x27;path&#x27;: &#x27;/groovy/submit&#x27;} has status code as 500
INFO:test_users_requests_multi:The request {&#x27;timestamp&#x27;: &#x27;2022-01-14T10:19:36.332+00:00&#x27;, &#x27;status&#x27;: 500, &#x27;error&#x27;: &#x27;Internal Server Error&#x27;, &#x27;message&#x27;: &#x27;&#x27;, &#x27;path&#x27;: &#x27;/groovy/submit&#x27;} has status code as 500
INFO:test_users_requests_multi:The request {&#x27;timestamp&#x27;: &#x27;2022-01-14T10:19:36.329+00:00&#x27;, &#x27;status&#x27;: 500, &#x27;error&#x27;: &#x27;Internal Server Error&#x27;, &#x27;message&#x27;: &#x27;&#x27;, &#x27;path&#x27;: &#x27;/groovy/submit&#x27;} has status code as 500
INFO:test_users_requests_multi:The request {&#x27;timestamp&#x27;: &#x27;2022-01-14T10:19:36.318+00:00&#x27;, &#x27;status&#x27;: 500, &#x27;error&#x27;: &#x27;Internal Server Error&#x27;, &#x27;message&#x27;: &#x27;&#x27;, &#x27;path&#x27;: &#x27;/groovy/submit&#x27;} has status code as 500
INFO:test_users_requests_multi:The request {&#x27;timestamp&#x27;: &#x27;2022-01-14T10:19:36.315+00:00&#x27;, &#x27;status&#x27;: 500, &#x27;error&#x27;: &#x27;Internal Server Error&#x27;, &#x27;message&#x27;: &#x27;&#x27;, &#x27;path&#x27;: &#x27;/groovy/submit&#x27;} has status code as 500
INFO:test_users_requests_multi:The request {&#x27;timestamp&#x27;: &#x27;2022-01-14T10:19:36.323+00:00&#x27;, &#x27;status&#x27;: 500, &#x27;error&#x27;: &#x27;Internal Server Error&#x27;, &#x27;message&#x27;: &#x27;&#x27;, &#x27;path&#x27;: &#x27;/groovy/submit&#x27;} has status code as 500
<br/> -------------------------------Captured log call-------------------------------- <br/>INFO     test_users_requests_multi:test_users_requests_multi.py:67 The request {&#x27;timestamp&#x27;: &#x27;2022-01-14T10:19:36.326+00:00&#x27;, &#x27;status&#x27;: 500, &#x27;error&#x27;: &#x27;Internal Server Error&#x27;, &#x27;message&#x27;: &#x27;&#x27;, &#x27;path&#x27;: &#x27;/groovy/submit&#x27;} has status code as 500
INFO     test_users_requests_multi:test_users_requests_multi.py:67 The request {&#x27;timestamp&#x27;: &#x27;2022-01-14T10:19:36.320+00:00&#x27;, &#x27;status&#x27;: 500, &#x27;error&#x27;: &#x27;Internal Server Error&#x27;, &#x27;message&#x27;: &#x27;&#x27;, &#x27;path&#x27;: &#x27;/groovy/submit&#x27;} has status code as 500
INFO     test_users_requests_multi:test_users_requests_multi.py:67 The request {&#x27;timestamp&#x27;: &#x27;2022-01-14T10:19:36.332+00:00&#x27;, &#x27;status&#x27;: 500, &#x27;error&#x27;: &#x27;Internal Server Error&#x27;, &#x27;message&#x27;: &#x27;&#x27;, &#x27;path&#x27;: &#x27;/groovy/submit&#x27;} has status code as 500
INFO     test_users_requests_multi:test_users_requests_multi.py:67 The request {&#x27;timestamp&#x27;: &#x27;2022-01-14T10:19:36.329+00:00&#x27;, &#x27;status&#x27;: 500, &#x27;error&#x27;: &#x27;Internal Server Error&#x27;, &#x27;message&#x27;: &#x27;&#x27;, &#x27;path&#x27;: &#x27;/groovy/submit&#x27;} has status code as 500
INFO     test_users_requests_multi:test_users_requests_multi.py:67 The request {&#x27;timestamp&#x27;: &#x27;2022-01-14T10:19:36.318+00:00&#x27;, &#x27;status&#x27;: 500, &#x27;error&#x27;: &#x27;Internal Server Error&#x27;, &#x27;message&#x27;: &#x27;&#x27;, &#x27;path&#x27;: &#x27;/groovy/submit&#x27;} has status code as 500
INFO     test_users_requests_multi:test_users_requests_multi.py:67 The request {&#x27;timestamp&#x27;: &#x27;2022-01-14T10:19:36.315+00:00&#x27;, &#x27;status&#x27;: 500, &#x27;error&#x27;: &#x27;Internal Server Error&#x27;, &#x27;message&#x27;: &#x27;&#x27;, &#x27;path&#x27;: &#x27;/groovy/submit&#x27;} has status code as 500
INFO     test_users_requests_multi:test_users_requests_multi.py:67 The request {&#x27;timestamp&#x27;: &#x27;2022-01-14T10:19:36.323+00:00&#x27;, &#x27;status&#x27;: 500, &#x27;error&#x27;: &#x27;Internal Server Error&#x27;, &#x27;message&#x27;: &#x27;&#x27;, &#x27;path&#x27;: &#x27;/groovy/submit&#x27;} has status code as 500<br/></div></td></tr></tbody>
      <tbody class="failed results-table-row">
        <tr>
          <td class="col-result">Failed</td>
          <td class="col-name">tests/test_users_requests_multi.py::TestMultiRequestsUser::test_multiple_user_requests_and_check_status[5-200]</td>
          <td>Verifying sending &quot;5&quot; requests by different users to check parallel execution</td>
          <td class="col-duration">3.03</td>
          <td class="col-links"></td></tr>
        <tr>
          <td class="extra" colspan="5">
            <div class="log">[gw1] darwin -- Python 3.8.7 /Users/rohit.tupe/PycharmProjects/groovy-code-executor/venv/bin/python3<br/>[gw1] darwin -- Python 3.8.7 /Users/rohit.tupe/PycharmProjects/groovy-code-executor/venv/bin/python3[gw1] darwin -- Python 3.8.7 /Users/rohit.tupe/PycharmProjects/groovy-code-executor/venv/bin/python3<br/><br/>self = &lt;test_users_requests_multi.TestMultiRequestsUser object at 0x7f98d8dc3fa0&gt;, environment_details = {&#x27;host&#x27;: &#x27;http://localhost&#x27;, &#x27;port&#x27;: &#x27;8080&#x27;, &#x27;status&#x27;: &#x27;/groovy/status&#x27;, &#x27;submit&#x27;: &#x27;/groovy/submit&#x27;}<br/>user_details = {&#x27;invalid_user_1&#x27;: {&#x27;auth&#x27;: &#x27;YWJjXzE6cHFyXzE=&#x27;, &#x27;password&#x27;: &#x27;pqr_1&#x27;, &#x27;username&#x27;: &#x27;abc_1&#x27;}, &#x27;invalid_user_2&#x27;: {&#x27;auth&#x27;: ...2&#x27;, &#x27;username&#x27;: &#x27;user_1&#x27;}, &#x27;user_1&#x27;: {&#x27;auth&#x27;: &#x27;dXNlcl8xOnBhc3NfMQ==&#x27;, &#x27;password&#x27;: &#x27;pass_1&#x27;, &#x27;username&#x27;: &#x27;user_1&#x27;}, ...}<br/>number_of_requests = 5, expected_code = 200<br/><br/>    @pytest.mark.parametrize(&quot;number_of_requests, expected_code&quot;, [(5, 200)])<br/>    def test_multiple_user_requests_and_check_status(self, environment_details, user_details, number_of_requests, expected_code):<br/>        TestMultiRequestsUser.test_multiple_user_requests_and_check_status.__doc__ = f&quot;Verifying sending \&quot;{number_of_requests}\&quot; requests by different users to check parallel execution&quot;<br/>    <br/>        base_url = common_lib.get_base_url(environment_details)<br/>    <br/>        all_status, status_ok = [], []<br/>        requests_list = []<br/>        initial_digit = common_lib.generate_random_number(4)<br/>        submit_url = common_lib.generate_endpoint(environment_details, base_url, &quot;submit&quot;, None)<br/>        for index in range(1, (number_of_requests+1)):<br/>            token = user_details[f&#x27;user_{index}&#x27;][&#x27;auth&#x27;]<br/>            self.headers.update({&#x27;Authorization&#x27;: &#x27;Basic %s&#x27; % token})<br/>            requests_list.append(grequests.post(submit_url, headers=self.headers, json={&quot;code&quot;: &quot;(%s)*(%s)&quot; % (initial_digit, str(index))}))<br/>    <br/>        res_list = grequests.map(requests_list)<br/>        time.sleep(3)<br/>    <br/>        for res in res_list:<br/>            all_status.append(res.status_code)<br/>            if res.status_code == expected_code:<br/>                status_ok.append([res_list.index(res), res.json()[&#x27;id&#x27;]])<br/>            else:<br/>                logger.info(f&quot;The request {res.json()} has status code as {res.status_code}&quot;)<br/>    <br/>&gt;       assert all_status.count(expected_code) == number_of_requests<br/><span class="error">E       assert 3 == 5</span><br/><span class="error">E         +3</span><br/><span class="error">E         -5</span><br/><br/>tests/test_users_requests_multi.py:105: AssertionError[gw1] darwin -- Python 3.8.7 /Users/rohit.tupe/PycharmProjects/groovy-code-executor/venv/bin/python3<br/> ------------------------------Captured stderr call------------------------------ <br/>INFO:test_users_requests_multi:The request {&#x27;timestamp&#x27;: &#x27;2022-01-14T10:19:39.299+00:00&#x27;, &#x27;status&#x27;: 500, &#x27;error&#x27;: &#x27;Internal Server Error&#x27;, &#x27;message&#x27;: &#x27;&#x27;, &#x27;path&#x27;: &#x27;/groovy/submit&#x27;} has status code as 500
INFO:test_users_requests_multi:The request {&#x27;timestamp&#x27;: &#x27;2022-01-14T10:19:39.301+00:00&#x27;, &#x27;status&#x27;: 500, &#x27;error&#x27;: &#x27;Internal Server Error&#x27;, &#x27;message&#x27;: &#x27;&#x27;, &#x27;path&#x27;: &#x27;/groovy/submit&#x27;} has status code as 500
<br/> -------------------------------Captured log call-------------------------------- <br/>INFO     test_users_requests_multi:test_users_requests_multi.py:103 The request {&#x27;timestamp&#x27;: &#x27;2022-01-14T10:19:39.299+00:00&#x27;, &#x27;status&#x27;: 500, &#x27;error&#x27;: &#x27;Internal Server Error&#x27;, &#x27;message&#x27;: &#x27;&#x27;, &#x27;path&#x27;: &#x27;/groovy/submit&#x27;} has status code as 500
INFO     test_users_requests_multi:test_users_requests_multi.py:103 The request {&#x27;timestamp&#x27;: &#x27;2022-01-14T10:19:39.301+00:00&#x27;, &#x27;status&#x27;: 500, &#x27;error&#x27;: &#x27;Internal Server Error&#x27;, &#x27;message&#x27;: &#x27;&#x27;, &#x27;path&#x27;: &#x27;/groovy/submit&#x27;} has status code as 500<br/></div></td></tr></tbody>
      <tbody class="failed results-table-row">
        <tr>
          <td class="col-result">Failed</td>
          <td class="col-name">tests/test_users_requests_multi.py::TestMultiRequestsUser::test_blocking_requests_and_check_complete_status[200]</td>
          <td>Verify if service handles requests when have some blocking requests and some normal requests</td>
          <td class="col-duration">0.03</td>
          <td class="col-links"></td></tr>
        <tr>
          <td class="extra" colspan="5">
            <div class="log">[gw0] darwin -- Python 3.8.7 /Users/rohit.tupe/PycharmProjects/groovy-code-executor/venv/bin/python3<br/>[gw0] darwin -- Python 3.8.7 /Users/rohit.tupe/PycharmProjects/groovy-code-executor/venv/bin/python3[gw0] darwin -- Python 3.8.7 /Users/rohit.tupe/PycharmProjects/groovy-code-executor/venv/bin/python3<br/><br/>self = &lt;test_users_requests_multi.TestMultiRequestsUser object at 0x7ffad5e8b7f0&gt;, environment_details = {&#x27;host&#x27;: &#x27;http://localhost&#x27;, &#x27;port&#x27;: &#x27;8080&#x27;, &#x27;status&#x27;: &#x27;/groovy/status&#x27;, &#x27;submit&#x27;: &#x27;/groovy/submit&#x27;}<br/>user_details = {&#x27;invalid_user_1&#x27;: {&#x27;auth&#x27;: &#x27;YWJjXzE6cHFyXzE=&#x27;, &#x27;password&#x27;: &#x27;pqr_1&#x27;, &#x27;username&#x27;: &#x27;abc_1&#x27;}, &#x27;invalid_user_2&#x27;: {&#x27;auth&#x27;: ...2&#x27;, &#x27;username&#x27;: &#x27;user_1&#x27;}, &#x27;user_1&#x27;: {&#x27;auth&#x27;: &#x27;dXNlcl8xOnBhc3NfMQ==&#x27;, &#x27;password&#x27;: &#x27;pass_1&#x27;, &#x27;username&#x27;: &#x27;user_1&#x27;}, ...}<br/>expected_code = 200<br/><br/>    @pytest.mark.parametrize(&quot;expected_code&quot;, [200])<br/>    def test_blocking_requests_and_check_complete_status(self, environment_details, user_details, expected_code):<br/>        TestMultiRequestsUser.test_blocking_requests_and_check_complete_status.__doc__ = &quot;Verify if service handles requests when have some blocking requests and some normal requests&quot;<br/>    <br/>        base_url = common_lib.get_base_url(environment_details)<br/>        token = user_details[&#x27;user_3&#x27;][&#x27;auth&#x27;]<br/>        self.headers.update({&#x27;Authorization&#x27;: &#x27;Basic %s&#x27; % token})<br/>    <br/>        all_status, status_ok, blocking_requests = [], [], []<br/>    <br/>        number_of_blocking_requests = 2<br/>        for i in range(number_of_blocking_requests):<br/>            payload = &#x27;{&quot;code&quot;: &quot;while(true){sleep(1000); %s}&quot;}&#x27; % i<br/>            res = common_lib.submit_groovy_code(environment_details, base_url, self.headers, payload)<br/>            logger.info(f&quot;Response of request #{i} is : {res.json()}&quot;)<br/>            blocking_requests.append(res.status_code)<br/>&gt;       assert all_status.count(expected_code) == number_of_blocking_requests<br/><span class="error">E       assert 0 == 2</span><br/><span class="error">E         +0</span><br/><span class="error">E         -2</span><br/><br/>tests/test_users_requests_multi.py:132: AssertionError[gw0] darwin -- Python 3.8.7 /Users/rohit.tupe/PycharmProjects/groovy-code-executor/venv/bin/python3<br/> ------------------------------Captured stdout call------------------------------ <br/>submit_url=http://localhost:8080/groovy/submit
submit_url=http://localhost:8080/groovy/submit
<br/> ------------------------------Captured stderr call------------------------------ <br/>INFO:test_users_requests_multi:Response of request #0 is : {&#x27;id&#x27;: &#x27;3029e37b-553c-444f-ae24-bc6539bdc83e&#x27;}
INFO:test_users_requests_multi:Response of request #1 is : {&#x27;id&#x27;: &#x27;ce3c474f-101c-48bb-bbfa-b900c69b3a68&#x27;}
<br/> -------------------------------Captured log call-------------------------------- <br/>INFO     test_users_requests_multi:test_users_requests_multi.py:130 Response of request #0 is : {&#x27;id&#x27;: &#x27;3029e37b-553c-444f-ae24-bc6539bdc83e&#x27;}
INFO     test_users_requests_multi:test_users_requests_multi.py:130 Response of request #1 is : {&#x27;id&#x27;: &#x27;ce3c474f-101c-48bb-bbfa-b900c69b3a68&#x27;}<br/></div></td></tr></tbody>
      <tbody class="passed results-table-row">
        <tr>
          <td class="col-result">Passed</td>
          <td class="col-name">tests/test_authentication.py::TestAuthentication::test_no_auth_to_submit[Verify submit service without authentication-{ &quot;code&quot;: &quot;100+101&quot; }-401]</td>
          <td>Verify submit service without authentication</td>
          <td class="col-duration">0.47</td>
          <td class="col-links"></td></tr>
        <tr>
          <td class="extra" colspan="5">
            <div class="log">[gw1] darwin -- Python 3.8.7 /Users/rohit.tupe/PycharmProjects/groovy-code-executor/venv/bin/python3<br/>[gw1] darwin -- Python 3.8.7 /Users/rohit.tupe/PycharmProjects/groovy-code-executor/venv/bin/python3[gw1] darwin -- Python 3.8.7 /Users/rohit.tupe/PycharmProjects/groovy-code-executor/venv/bin/python3[gw1] darwin -- Python 3.8.7 /Users/rohit.tupe/PycharmProjects/groovy-code-executor/venv/bin/python3<br/> ------------------------------Captured stdout call------------------------------ <br/>submit_url=http://localhost:8080/groovy/submit
<br/></div></td></tr></tbody>
      <tbody class="passed results-table-row">
        <tr>
          <td class="col-result">Passed</td>
          <td class="col-name">tests/test_authentication.py::TestAuthentication::test_valid_auth_and_check_status[Verify valid authentication-code0-200-200]</td>
          <td>Verify valid authentication</td>
          <td class="col-duration">0.81</td>
          <td class="col-links"></td></tr>
        <tr>
          <td class="extra" colspan="5">
            <div class="log">[gw0] darwin -- Python 3.8.7 /Users/rohit.tupe/PycharmProjects/groovy-code-executor/venv/bin/python3<br/>[gw0] darwin -- Python 3.8.7 /Users/rohit.tupe/PycharmProjects/groovy-code-executor/venv/bin/python3[gw0] darwin -- Python 3.8.7 /Users/rohit.tupe/PycharmProjects/groovy-code-executor/venv/bin/python3[gw0] darwin -- Python 3.8.7 /Users/rohit.tupe/PycharmProjects/groovy-code-executor/venv/bin/python3<br/> ------------------------------Captured stdout call------------------------------ <br/>submit_url=http://localhost:8080/groovy/submit
<br/> ------------------------------Captured stderr call------------------------------ <br/>INFO:test_authentication:code_id=812cb74d-b3cf-49b7-a98b-e4e000af613f
INFO:app_lib.common_lib:Waiting for max 60 seconds for status &quot;COMPLETED&quot;...
<br/> -------------------------------Captured log call-------------------------------- <br/>INFO     test_authentication:test_authentication.py:25 code_id=812cb74d-b3cf-49b7-a98b-e4e000af613f
INFO     app_lib.common_lib:common_lib.py:67 Waiting for max 60 seconds for status &quot;COMPLETED&quot;...<br/></div></td></tr></tbody>
      <tbody class="passed results-table-row">
        <tr>
          <td class="col-result">Passed</td>
          <td class="col-name">tests/test_authentication.py::TestAuthentication::test_invalid_auth_to_submit[Verify submit service with invalid user-{ &quot;code&quot;: &quot;111+112&quot; }-401]</td>
          <td>Verify submit service with invalid user</td>
          <td class="col-duration">0.00</td>
          <td class="col-links"></td></tr>
        <tr>
          <td class="extra" colspan="5">
            <div class="log">[gw1] darwin -- Python 3.8.7 /Users/rohit.tupe/PycharmProjects/groovy-code-executor/venv/bin/python3<br/>[gw1] darwin -- Python 3.8.7 /Users/rohit.tupe/PycharmProjects/groovy-code-executor/venv/bin/python3[gw1] darwin -- Python 3.8.7 /Users/rohit.tupe/PycharmProjects/groovy-code-executor/venv/bin/python3[gw1] darwin -- Python 3.8.7 /Users/rohit.tupe/PycharmProjects/groovy-code-executor/venv/bin/python3<br/> ------------------------------Captured stdout call------------------------------ <br/>submit_url=http://localhost:8080/groovy/submit
<br/></div></td></tr></tbody>
      <tbody class="passed results-table-row">
        <tr>
          <td class="col-result">Passed</td>
          <td class="col-name">tests/test_authentication.py::TestAuthentication::test_valid_different_username_and_password_auth_to_submit[Verify accessing submit service with valid username from one user and password of other user-code0-401]</td>
          <td>Verify accessing submit service with valid username from one user and password of other user</td>
          <td class="col-duration">0.01</td>
          <td class="col-links"></td></tr>
        <tr>
          <td class="extra" colspan="5">
            <div class="log">[gw1] darwin -- Python 3.8.7 /Users/rohit.tupe/PycharmProjects/groovy-code-executor/venv/bin/python3<br/>[gw1] darwin -- Python 3.8.7 /Users/rohit.tupe/PycharmProjects/groovy-code-executor/venv/bin/python3[gw1] darwin -- Python 3.8.7 /Users/rohit.tupe/PycharmProjects/groovy-code-executor/venv/bin/python3[gw1] darwin -- Python 3.8.7 /Users/rohit.tupe/PycharmProjects/groovy-code-executor/venv/bin/python3<br/> ------------------------------Captured stdout call------------------------------ <br/>submit_url=http://localhost:8080/groovy/submit
<br/></div></td></tr></tbody>
      <tbody class="passed results-table-row">
        <tr>
          <td class="col-result">Passed</td>
          <td class="col-name">tests/test_authentication.py::TestAuthentication::test_no_auth_to_status[Verify status service without authentication-code0-200-401]</td>
          <td>Verify status service without authentication</td>
          <td class="col-duration">0.02</td>
          <td class="col-links"></td></tr>
        <tr>
          <td class="extra" colspan="5">
            <div class="log">[gw0] darwin -- Python 3.8.7 /Users/rohit.tupe/PycharmProjects/groovy-code-executor/venv/bin/python3<br/>[gw0] darwin -- Python 3.8.7 /Users/rohit.tupe/PycharmProjects/groovy-code-executor/venv/bin/python3[gw0] darwin -- Python 3.8.7 /Users/rohit.tupe/PycharmProjects/groovy-code-executor/venv/bin/python3[gw0] darwin -- Python 3.8.7 /Users/rohit.tupe/PycharmProjects/groovy-code-executor/venv/bin/python3<br/> ------------------------------Captured stdout call------------------------------ <br/>submit_url=http://localhost:8080/groovy/submit
<br/> ------------------------------Captured stderr call------------------------------ <br/>INFO:test_authentication:code_id=2ff96920-76cc-4c34-87e0-de6ea7f8dfa8
<br/> -------------------------------Captured log call-------------------------------- <br/>INFO     test_authentication:test_authentication.py:58 code_id=2ff96920-76cc-4c34-87e0-de6ea7f8dfa8<br/></div></td></tr></tbody>
      <tbody class="passed results-table-row">
        <tr>
          <td class="col-result">Passed</td>
          <td class="col-name">tests/test_authentication.py::TestAuthentication::test_invalid_auth_to_status[Verify status service with invalid user-code0-200-401]</td>
          <td>Verify status service with invalid user</td>
          <td class="col-duration">0.03</td>
          <td class="col-links"></td></tr>
        <tr>
          <td class="extra" colspan="5">
            <div class="log">[gw0] darwin -- Python 3.8.7 /Users/rohit.tupe/PycharmProjects/groovy-code-executor/venv/bin/python3<br/>[gw0] darwin -- Python 3.8.7 /Users/rohit.tupe/PycharmProjects/groovy-code-executor/venv/bin/python3[gw0] darwin -- Python 3.8.7 /Users/rohit.tupe/PycharmProjects/groovy-code-executor/venv/bin/python3[gw0] darwin -- Python 3.8.7 /Users/rohit.tupe/PycharmProjects/groovy-code-executor/venv/bin/python3<br/> ------------------------------Captured stdout call------------------------------ <br/>submit_url=http://localhost:8080/groovy/submit
<br/> ------------------------------Captured stderr call------------------------------ <br/>INFO:test_authentication:code_id=ec14c56e-7516-4d76-b444-1ffcb2614cbb
<br/> -------------------------------Captured log call-------------------------------- <br/>INFO     test_authentication:test_authentication.py:87 code_id=ec14c56e-7516-4d76-b444-1ffcb2614cbb<br/></div></td></tr></tbody>
      <tbody class="passed results-table-row">
        <tr>
          <td class="col-result">Passed</td>
          <td class="col-name">tests/test_authentication.py::TestAuthentication::test_valid_different_username_and_password_auth_to_status[Verify accessing status service with valid username from one user and password of other user-code0-200-401]</td>
          <td>Verify accessing status service with valid username from one user and password of other user</td>
          <td class="col-duration">0.03</td>
          <td class="col-links"></td></tr>
        <tr>
          <td class="extra" colspan="5">
            <div class="log">[gw0] darwin -- Python 3.8.7 /Users/rohit.tupe/PycharmProjects/groovy-code-executor/venv/bin/python3<br/>[gw0] darwin -- Python 3.8.7 /Users/rohit.tupe/PycharmProjects/groovy-code-executor/venv/bin/python3[gw0] darwin -- Python 3.8.7 /Users/rohit.tupe/PycharmProjects/groovy-code-executor/venv/bin/python3[gw0] darwin -- Python 3.8.7 /Users/rohit.tupe/PycharmProjects/groovy-code-executor/venv/bin/python3<br/> ------------------------------Captured stdout call------------------------------ <br/>submit_url=http://localhost:8080/groovy/submit
<br/> ------------------------------Captured stderr call------------------------------ <br/>INFO:test_authentication:code_id=8cf90ce7-e904-457a-b100-f7bc2ddbf23c
<br/> -------------------------------Captured log call-------------------------------- <br/>INFO     test_authentication:test_authentication.py:117 code_id=8cf90ce7-e904-457a-b100-f7bc2ddbf23c<br/></div></td></tr></tbody>
      <tbody class="passed results-table-row">
        <tr>
          <td class="col-result">Passed</td>
          <td class="col-name">tests/test_authentication.py::TestAuthentication::test_with_and_without_auth_submit[Verify accessing submit with and without auth-code0-200-code_20-401]</td>
          <td>Verify accessing submit with and without auth</td>
          <td class="col-duration">0.04</td>
          <td class="col-links"></td></tr>
        <tr>
          <td class="extra" colspan="5">
            <div class="log">[gw0] darwin -- Python 3.8.7 /Users/rohit.tupe/PycharmProjects/groovy-code-executor/venv/bin/python3<br/>[gw0] darwin -- Python 3.8.7 /Users/rohit.tupe/PycharmProjects/groovy-code-executor/venv/bin/python3[gw0] darwin -- Python 3.8.7 /Users/rohit.tupe/PycharmProjects/groovy-code-executor/venv/bin/python3[gw0] darwin -- Python 3.8.7 /Users/rohit.tupe/PycharmProjects/groovy-code-executor/venv/bin/python3<br/> ------------------------------Captured stdout call------------------------------ <br/>submit_url=http://localhost:8080/groovy/submit
submit_url=http://localhost:8080/groovy/submit
<br/> ------------------------------Captured stderr call------------------------------ <br/>INFO:test_authentication:code_id=72a3eeb2-1ed0-4757-8fe2-029acb6f2ce5
<br/> -------------------------------Captured log call-------------------------------- <br/>INFO     test_authentication:test_authentication.py:156 code_id=72a3eeb2-1ed0-4757-8fe2-029acb6f2ce5<br/></div></td></tr></tbody>
      <tbody class="passed results-table-row">
        <tr>
          <td class="col-result">Passed</td>
          <td class="col-name">tests/test_authentication.py::TestAuthentication::test_with_and_without_auth_status[Verify accessing status with and without auth-code0-200-401]</td>
          <td>Verify accessing status with and without auth</td>
          <td class="col-duration">0.05</td>
          <td class="col-links"></td></tr>
        <tr>
          <td class="extra" colspan="5">
            <div class="log">[gw1] darwin -- Python 3.8.7 /Users/rohit.tupe/PycharmProjects/groovy-code-executor/venv/bin/python3<br/>[gw1] darwin -- Python 3.8.7 /Users/rohit.tupe/PycharmProjects/groovy-code-executor/venv/bin/python3[gw1] darwin -- Python 3.8.7 /Users/rohit.tupe/PycharmProjects/groovy-code-executor/venv/bin/python3[gw1] darwin -- Python 3.8.7 /Users/rohit.tupe/PycharmProjects/groovy-code-executor/venv/bin/python3<br/> ------------------------------Captured stdout call------------------------------ <br/>submit_url=http://localhost:8080/groovy/submit
<br/> ------------------------------Captured stderr call------------------------------ <br/>INFO:test_authentication:code_id=ae35a133-649f-4ce1-a018-bb39587cfa7e
<br/> -------------------------------Captured log call-------------------------------- <br/>INFO     test_authentication:test_authentication.py:186 code_id=ae35a133-649f-4ce1-a018-bb39587cfa7e<br/></div></td></tr></tbody>
      <tbody class="passed results-table-row">
        <tr>
          <td class="col-result">Passed</td>
          <td class="col-name">tests/test_data_structures.py::TestDataStructures::test_array_submit_code_and_check_complete_status[Verify array creation and adding item to array-code0-200-[1, 2, 3, 4]]</td>
          <td>Verify array creation and adding item to array</td>
          <td class="col-duration">1.07</td>
          <td class="col-links"></td></tr>
        <tr>
          <td class="extra" colspan="5">
            <div class="log">[gw0] darwin -- Python 3.8.7 /Users/rohit.tupe/PycharmProjects/groovy-code-executor/venv/bin/python3<br/>[gw0] darwin -- Python 3.8.7 /Users/rohit.tupe/PycharmProjects/groovy-code-executor/venv/bin/python3[gw0] darwin -- Python 3.8.7 /Users/rohit.tupe/PycharmProjects/groovy-code-executor/venv/bin/python3[gw0] darwin -- Python 3.8.7 /Users/rohit.tupe/PycharmProjects/groovy-code-executor/venv/bin/python3<br/> ------------------------------Captured stdout call------------------------------ <br/>submit_url=http://localhost:8080/groovy/submit
<br/> ------------------------------Captured stderr call------------------------------ <br/>INFO:test_data_structures:code_id=a7cd01a2-77dd-4b46-87f7-1bc70477d609
INFO:app_lib.common_lib:Waiting for max 60 seconds for status &quot;COMPLETED&quot;...
<br/> -------------------------------Captured log call-------------------------------- <br/>INFO     test_data_structures:test_data_structures.py:29 code_id=a7cd01a2-77dd-4b46-87f7-1bc70477d609
INFO     app_lib.common_lib:common_lib.py:67 Waiting for max 60 seconds for status &quot;COMPLETED&quot;...<br/></div></td></tr></tbody>
      <tbody class="passed results-table-row">
        <tr>
          <td class="col-result">Passed</td>
          <td class="col-name">tests/test_data_structures.py::TestDataStructures::test_array_submit_code_and_check_complete_status[Verify removing item from array-code1-200-[1, 3, 4]]</td>
          <td>Verify removing item from array</td>
          <td class="col-duration">1.07</td>
          <td class="col-links"></td></tr>
        <tr>
          <td class="extra" colspan="5">
            <div class="log">[gw1] darwin -- Python 3.8.7 /Users/rohit.tupe/PycharmProjects/groovy-code-executor/venv/bin/python3<br/>[gw1] darwin -- Python 3.8.7 /Users/rohit.tupe/PycharmProjects/groovy-code-executor/venv/bin/python3[gw1] darwin -- Python 3.8.7 /Users/rohit.tupe/PycharmProjects/groovy-code-executor/venv/bin/python3[gw1] darwin -- Python 3.8.7 /Users/rohit.tupe/PycharmProjects/groovy-code-executor/venv/bin/python3<br/> ------------------------------Captured stdout call------------------------------ <br/>submit_url=http://localhost:8080/groovy/submit
<br/> ------------------------------Captured stderr call------------------------------ <br/>INFO:test_data_structures:code_id=cb549f2a-e4f6-4f64-b94d-297207c9444a
INFO:app_lib.common_lib:Waiting for max 60 seconds for status &quot;COMPLETED&quot;...
<br/> -------------------------------Captured log call-------------------------------- <br/>INFO     test_data_structures:test_data_structures.py:29 code_id=cb549f2a-e4f6-4f64-b94d-297207c9444a
INFO     app_lib.common_lib:common_lib.py:67 Waiting for max 60 seconds for status &quot;COMPLETED&quot;...<br/></div></td></tr></tbody>
      <tbody class="passed results-table-row">
        <tr>
          <td class="col-result">Passed</td>
          <td class="col-name">tests/test_data_structures.py::TestDataStructures::test_array_submit_code_and_check_complete_status[Verify catching and returning custom exception message for array-code2-200-custom exception occurred]</td>
          <td>Verify catching and returning custom exception message for array</td>
          <td class="col-duration">0.08</td>
          <td class="col-links"></td></tr>
        <tr>
          <td class="extra" colspan="5">
            <div class="log">[gw0] darwin -- Python 3.8.7 /Users/rohit.tupe/PycharmProjects/groovy-code-executor/venv/bin/python3<br/>[gw0] darwin -- Python 3.8.7 /Users/rohit.tupe/PycharmProjects/groovy-code-executor/venv/bin/python3[gw0] darwin -- Python 3.8.7 /Users/rohit.tupe/PycharmProjects/groovy-code-executor/venv/bin/python3[gw0] darwin -- Python 3.8.7 /Users/rohit.tupe/PycharmProjects/groovy-code-executor/venv/bin/python3<br/> ------------------------------Captured stdout call------------------------------ <br/>submit_url=http://localhost:8080/groovy/submit
<br/> ------------------------------Captured stderr call------------------------------ <br/>INFO:test_data_structures:code_id=b2ee6a66-91b4-4391-ac69-8f27df29c9e9
INFO:app_lib.common_lib:Waiting for max 60 seconds for status &quot;COMPLETED&quot;...
<br/> -------------------------------Captured log call-------------------------------- <br/>INFO     test_data_structures:test_data_structures.py:29 code_id=b2ee6a66-91b4-4391-ac69-8f27df29c9e9
INFO     app_lib.common_lib:common_lib.py:67 Waiting for max 60 seconds for status &quot;COMPLETED&quot;...<br/></div></td></tr></tbody>
      <tbody class="passed results-table-row">
        <tr>
          <td class="col-result">Passed</td>
          <td class="col-name">tests/test_data_structures.py::TestDataStructures::test_array_submit_code_and_check_failed_status[Verify generating ArrayIndexOutOfBoundsException exception for array-code0-200-ArrayIndexOutOfBoundsException]</td>
          <td>Verify generating ArrayIndexOutOfBoundsException exception for array</td>
          <td class="col-duration">0.04</td>
          <td class="col-links"></td></tr>
        <tr>
          <td class="extra" colspan="5">
            <div class="log">[gw1] darwin -- Python 3.8.7 /Users/rohit.tupe/PycharmProjects/groovy-code-executor/venv/bin/python3<br/>[gw1] darwin -- Python 3.8.7 /Users/rohit.tupe/PycharmProjects/groovy-code-executor/venv/bin/python3[gw1] darwin -- Python 3.8.7 /Users/rohit.tupe/PycharmProjects/groovy-code-executor/venv/bin/python3[gw1] darwin -- Python 3.8.7 /Users/rohit.tupe/PycharmProjects/groovy-code-executor/venv/bin/python3<br/> ------------------------------Captured stdout call------------------------------ <br/>submit_url=http://localhost:8080/groovy/submit
<br/> ------------------------------Captured stderr call------------------------------ <br/>INFO:test_data_structures:code_id=37d6804d-ad34-40d8-9042-ca1e6506d119
INFO:app_lib.common_lib:Waiting for max 60 seconds for status &quot;FAILED&quot;...
<br/> -------------------------------Captured log call-------------------------------- <br/>INFO     test_data_structures:test_data_structures.py:53 code_id=37d6804d-ad34-40d8-9042-ca1e6506d119
INFO     app_lib.common_lib:common_lib.py:67 Waiting for max 60 seconds for status &quot;FAILED&quot;...<br/></div></td></tr></tbody>
      <tbody class="passed results-table-row">
        <tr>
          <td class="col-result">Passed</td>
          <td class="col-name">tests/test_data_structures.py::TestDataStructures::test_map_submit_code_and_check_complete_status[Verify replacing item value from map-code1-200-{FirstName=Rohit, LastName=Tupe, State=MH}]</td>
          <td>Verify replacing item value from map</td>
          <td class="col-duration">1.07</td>
          <td class="col-links"></td></tr>
        <tr>
          <td class="extra" colspan="5">
            <div class="log">[gw1] darwin -- Python 3.8.7 /Users/rohit.tupe/PycharmProjects/groovy-code-executor/venv/bin/python3<br/>[gw1] darwin -- Python 3.8.7 /Users/rohit.tupe/PycharmProjects/groovy-code-executor/venv/bin/python3[gw1] darwin -- Python 3.8.7 /Users/rohit.tupe/PycharmProjects/groovy-code-executor/venv/bin/python3[gw1] darwin -- Python 3.8.7 /Users/rohit.tupe/PycharmProjects/groovy-code-executor/venv/bin/python3<br/> ------------------------------Captured stdout call------------------------------ <br/>submit_url=http://localhost:8080/groovy/submit
<br/> ------------------------------Captured stderr call------------------------------ <br/>INFO:test_data_structures:code_id=b97f430e-9470-48fd-970e-74780e5f88e4
INFO:app_lib.common_lib:Waiting for max 60 seconds for status &quot;COMPLETED&quot;...
<br/> -------------------------------Captured log call-------------------------------- <br/>INFO     test_data_structures:test_data_structures.py:82 code_id=b97f430e-9470-48fd-970e-74780e5f88e4
INFO     app_lib.common_lib:common_lib.py:67 Waiting for max 60 seconds for status &quot;COMPLETED&quot;...<br/></div></td></tr></tbody>
      <tbody class="passed results-table-row">
        <tr>
          <td class="col-result">Passed</td>
          <td class="col-name">tests/test_data_structures.py::TestDataStructures::test_map_submit_code_and_check_complete_status[Verify creating map and adding item to map-code0-200-{FirstName=Rohit, LastName=Tupe, City=Pune}]</td>
          <td>Verify creating map and adding item to map</td>
          <td class="col-duration">0.05</td>
          <td class="col-links"></td></tr>
        <tr>
          <td class="extra" colspan="5">
            <div class="log">[gw0] darwin -- Python 3.8.7 /Users/rohit.tupe/PycharmProjects/groovy-code-executor/venv/bin/python3<br/>[gw0] darwin -- Python 3.8.7 /Users/rohit.tupe/PycharmProjects/groovy-code-executor/venv/bin/python3[gw0] darwin -- Python 3.8.7 /Users/rohit.tupe/PycharmProjects/groovy-code-executor/venv/bin/python3[gw0] darwin -- Python 3.8.7 /Users/rohit.tupe/PycharmProjects/groovy-code-executor/venv/bin/python3<br/> ------------------------------Captured stdout call------------------------------ <br/>submit_url=http://localhost:8080/groovy/submit
<br/> ------------------------------Captured stderr call------------------------------ <br/>INFO:test_data_structures:code_id=e0c2dcc2-fe05-443f-80e5-2353ea018f04
INFO:app_lib.common_lib:Waiting for max 60 seconds for status &quot;COMPLETED&quot;...
<br/> -------------------------------Captured log call-------------------------------- <br/>INFO     test_data_structures:test_data_structures.py:82 code_id=e0c2dcc2-fe05-443f-80e5-2353ea018f04
INFO     app_lib.common_lib:common_lib.py:67 Waiting for max 60 seconds for status &quot;COMPLETED&quot;...<br/></div></td></tr></tbody>
      <tbody class="passed results-table-row">
        <tr>
          <td class="col-result">Passed</td>
          <td class="col-name">tests/test_data_structures.py::TestDataStructures::test_map_submit_code_and_check_complete_status[Verify removing item from map-code2-200-{FirstName=Rohit, LastName=Tupe}]</td>
          <td>Verify removing item from map</td>
          <td class="col-duration">0.04</td>
          <td class="col-links"></td></tr>
        <tr>
          <td class="extra" colspan="5">
            <div class="log">[gw0] darwin -- Python 3.8.7 /Users/rohit.tupe/PycharmProjects/groovy-code-executor/venv/bin/python3<br/>[gw0] darwin -- Python 3.8.7 /Users/rohit.tupe/PycharmProjects/groovy-code-executor/venv/bin/python3[gw0] darwin -- Python 3.8.7 /Users/rohit.tupe/PycharmProjects/groovy-code-executor/venv/bin/python3[gw0] darwin -- Python 3.8.7 /Users/rohit.tupe/PycharmProjects/groovy-code-executor/venv/bin/python3<br/> ------------------------------Captured stdout call------------------------------ <br/>submit_url=http://localhost:8080/groovy/submit
<br/> ------------------------------Captured stderr call------------------------------ <br/>INFO:test_data_structures:code_id=075f4cf8-aea0-4212-8c5e-869404a4b3d5
INFO:app_lib.common_lib:Waiting for max 60 seconds for status &quot;COMPLETED&quot;...
<br/> -------------------------------Captured log call-------------------------------- <br/>INFO     test_data_structures:test_data_structures.py:82 code_id=075f4cf8-aea0-4212-8c5e-869404a4b3d5
INFO     app_lib.common_lib:common_lib.py:67 Waiting for max 60 seconds for status &quot;COMPLETED&quot;...<br/></div></td></tr></tbody>
      <tbody class="passed results-table-row">
        <tr>
          <td class="col-result">Passed</td>
          <td class="col-name">tests/test_data_structures.py::TestDataStructures::test_closure_block_submit_code_and_check_complete_status[Verify submitting closure block with no arguments-code0-200-closure block called]</td>
          <td>Verify submitting closure block with no arguments</td>
          <td class="col-duration">0.04</td>
          <td class="col-links"></td></tr>
        <tr>
          <td class="extra" colspan="5">
            <div class="log">[gw0] darwin -- Python 3.8.7 /Users/rohit.tupe/PycharmProjects/groovy-code-executor/venv/bin/python3<br/>[gw0] darwin -- Python 3.8.7 /Users/rohit.tupe/PycharmProjects/groovy-code-executor/venv/bin/python3[gw0] darwin -- Python 3.8.7 /Users/rohit.tupe/PycharmProjects/groovy-code-executor/venv/bin/python3[gw0] darwin -- Python 3.8.7 /Users/rohit.tupe/PycharmProjects/groovy-code-executor/venv/bin/python3<br/> ------------------------------Captured stdout call------------------------------ <br/>submit_url=http://localhost:8080/groovy/submit
<br/> ------------------------------Captured stderr call------------------------------ <br/>INFO:test_data_structures:code_id=0dcccb94-91b7-443a-88e5-74b1189c8eee
INFO:app_lib.common_lib:Waiting for max 60 seconds for status &quot;COMPLETED&quot;...
<br/> -------------------------------Captured log call-------------------------------- <br/>INFO     test_data_structures:test_data_structures.py:107 code_id=0dcccb94-91b7-443a-88e5-74b1189c8eee
INFO     app_lib.common_lib:common_lib.py:67 Waiting for max 60 seconds for status &quot;COMPLETED&quot;...<br/></div></td></tr></tbody>
      <tbody class="passed results-table-row">
        <tr>
          <td class="col-result">Passed</td>
          <td class="col-name">tests/test_defaults.py::TestDefaults::test_submit_null_code_and_check_status[Verify submitting null code-{ &quot;code&quot;: null }-400]</td>
          <td>Verify submitting null code</td>
          <td class="col-duration">0.01</td>
          <td class="col-links"></td></tr>
        <tr>
          <td class="extra" colspan="5">
            <div class="log">[gw0] darwin -- Python 3.8.7 /Users/rohit.tupe/PycharmProjects/groovy-code-executor/venv/bin/python3<br/>[gw0] darwin -- Python 3.8.7 /Users/rohit.tupe/PycharmProjects/groovy-code-executor/venv/bin/python3[gw0] darwin -- Python 3.8.7 /Users/rohit.tupe/PycharmProjects/groovy-code-executor/venv/bin/python3[gw0] darwin -- Python 3.8.7 /Users/rohit.tupe/PycharmProjects/groovy-code-executor/venv/bin/python3<br/> ------------------------------Captured stdout call------------------------------ <br/>submit_url=http://localhost:8080/groovy/submit
<br/></div></td></tr></tbody>
      <tbody class="passed results-table-row">
        <tr>
          <td class="col-result">Passed</td>
          <td class="col-name">tests/test_defaults.py::TestDefaults::test_submit_empty_code_and_check_status[Verify submitting an empty string code-code0-200-null]</td>
          <td>Verify submitting an empty string code</td>
          <td class="col-duration">0.04</td>
          <td class="col-links"></td></tr>
        <tr>
          <td class="extra" colspan="5">
            <div class="log">[gw0] darwin -- Python 3.8.7 /Users/rohit.tupe/PycharmProjects/groovy-code-executor/venv/bin/python3<br/>[gw0] darwin -- Python 3.8.7 /Users/rohit.tupe/PycharmProjects/groovy-code-executor/venv/bin/python3[gw0] darwin -- Python 3.8.7 /Users/rohit.tupe/PycharmProjects/groovy-code-executor/venv/bin/python3[gw0] darwin -- Python 3.8.7 /Users/rohit.tupe/PycharmProjects/groovy-code-executor/venv/bin/python3<br/> ------------------------------Captured stdout call------------------------------ <br/>submit_url=http://localhost:8080/groovy/submit
<br/> ------------------------------Captured stderr call------------------------------ <br/>INFO:test_defaults:code_id=9d0bd8ca-f6b7-4bc9-be73-9515279ffb4c
INFO:app_lib.common_lib:Waiting for max 60 seconds for status &quot;COMPLETED&quot;...
<br/> -------------------------------Captured log call-------------------------------- <br/>INFO     test_defaults:test_defaults.py:42 code_id=9d0bd8ca-f6b7-4bc9-be73-9515279ffb4c
INFO     app_lib.common_lib:common_lib.py:67 Waiting for max 60 seconds for status &quot;COMPLETED&quot;...<br/></div></td></tr></tbody>
      <tbody class="passed results-table-row">
        <tr>
          <td class="col-result">Passed</td>
          <td class="col-name">tests/test_defaults.py::TestDefaults::test_submit_code_and_check_complete_status[Verify submitting number addition code-code0-200-43]</td>
          <td>Verify submitting number addition code</td>
          <td class="col-duration">0.04</td>
          <td class="col-links"></td></tr>
        <tr>
          <td class="extra" colspan="5">
            <div class="log">[gw0] darwin -- Python 3.8.7 /Users/rohit.tupe/PycharmProjects/groovy-code-executor/venv/bin/python3<br/>[gw0] darwin -- Python 3.8.7 /Users/rohit.tupe/PycharmProjects/groovy-code-executor/venv/bin/python3[gw0] darwin -- Python 3.8.7 /Users/rohit.tupe/PycharmProjects/groovy-code-executor/venv/bin/python3[gw0] darwin -- Python 3.8.7 /Users/rohit.tupe/PycharmProjects/groovy-code-executor/venv/bin/python3<br/> ------------------------------Captured stdout call------------------------------ <br/>submit_url=http://localhost:8080/groovy/submit
<br/> ------------------------------Captured stderr call------------------------------ <br/>INFO:test_defaults:code_id=8068e36e-c0b0-4f68-8b8e-3ace3d871f55
INFO:app_lib.common_lib:Waiting for max 60 seconds for status &quot;COMPLETED&quot;...
<br/> -------------------------------Captured log call-------------------------------- <br/>INFO     test_defaults:test_defaults.py:73 code_id=8068e36e-c0b0-4f68-8b8e-3ace3d871f55
INFO     app_lib.common_lib:common_lib.py:67 Waiting for max 60 seconds for status &quot;COMPLETED&quot;...<br/></div></td></tr></tbody>
      <tbody class="passed results-table-row">
        <tr>
          <td class="col-result">Passed</td>
          <td class="col-name">tests/test_defaults.py::TestDefaults::test_submit_code_and_check_complete_status[Verify submitting only number code-code2-200-1234]</td>
          <td>Verify submitting only number code</td>
          <td class="col-duration">0.04</td>
          <td class="col-links"></td></tr>
        <tr>
          <td class="extra" colspan="5">
            <div class="log">[gw0] darwin -- Python 3.8.7 /Users/rohit.tupe/PycharmProjects/groovy-code-executor/venv/bin/python3<br/>[gw0] darwin -- Python 3.8.7 /Users/rohit.tupe/PycharmProjects/groovy-code-executor/venv/bin/python3[gw0] darwin -- Python 3.8.7 /Users/rohit.tupe/PycharmProjects/groovy-code-executor/venv/bin/python3[gw0] darwin -- Python 3.8.7 /Users/rohit.tupe/PycharmProjects/groovy-code-executor/venv/bin/python3<br/> ------------------------------Captured stdout call------------------------------ <br/>submit_url=http://localhost:8080/groovy/submit
<br/> ------------------------------Captured stderr call------------------------------ <br/>INFO:test_defaults:code_id=1c833d98-f5b3-4244-a275-ef46a59c3548
INFO:app_lib.common_lib:Waiting for max 60 seconds for status &quot;COMPLETED&quot;...
<br/> -------------------------------Captured log call-------------------------------- <br/>INFO     test_defaults:test_defaults.py:73 code_id=1c833d98-f5b3-4244-a275-ef46a59c3548
INFO     app_lib.common_lib:common_lib.py:67 Waiting for max 60 seconds for status &quot;COMPLETED&quot;...<br/></div></td></tr></tbody>
      <tbody class="passed results-table-row">
        <tr>
          <td class="col-result">Passed</td>
          <td class="col-name">tests/test_defaults.py::TestDefaults::test_submit_code_and_check_complete_status[Verify submitting code with println function-code4-200-null]</td>
          <td>Verify submitting code with println function</td>
          <td class="col-duration">0.03</td>
          <td class="col-links"></td></tr>
        <tr>
          <td class="extra" colspan="5">
            <div class="log">[gw0] darwin -- Python 3.8.7 /Users/rohit.tupe/PycharmProjects/groovy-code-executor/venv/bin/python3<br/>[gw0] darwin -- Python 3.8.7 /Users/rohit.tupe/PycharmProjects/groovy-code-executor/venv/bin/python3[gw0] darwin -- Python 3.8.7 /Users/rohit.tupe/PycharmProjects/groovy-code-executor/venv/bin/python3[gw0] darwin -- Python 3.8.7 /Users/rohit.tupe/PycharmProjects/groovy-code-executor/venv/bin/python3<br/> ------------------------------Captured stdout call------------------------------ <br/>submit_url=http://localhost:8080/groovy/submit
<br/> ------------------------------Captured stderr call------------------------------ <br/>INFO:test_defaults:code_id=2d16e300-b21f-457f-b069-f37c52d62780
INFO:app_lib.common_lib:Waiting for max 60 seconds for status &quot;COMPLETED&quot;...
<br/> -------------------------------Captured log call-------------------------------- <br/>INFO     test_defaults:test_defaults.py:73 code_id=2d16e300-b21f-457f-b069-f37c52d62780
INFO     app_lib.common_lib:common_lib.py:67 Waiting for max 60 seconds for status &quot;COMPLETED&quot;...<br/></div></td></tr></tbody>
      <tbody class="passed results-table-row">
        <tr>
          <td class="col-result">Passed</td>
          <td class="col-name">tests/test_defaults.py::TestDefaults::test_submit_code_and_check_complete_status[Verify submitting code with return statement-code5-200-hello]</td>
          <td>Verify submitting code with return statement</td>
          <td class="col-duration">0.03</td>
          <td class="col-links"></td></tr>
        <tr>
          <td class="extra" colspan="5">
            <div class="log">[gw0] darwin -- Python 3.8.7 /Users/rohit.tupe/PycharmProjects/groovy-code-executor/venv/bin/python3<br/>[gw0] darwin -- Python 3.8.7 /Users/rohit.tupe/PycharmProjects/groovy-code-executor/venv/bin/python3[gw0] darwin -- Python 3.8.7 /Users/rohit.tupe/PycharmProjects/groovy-code-executor/venv/bin/python3[gw0] darwin -- Python 3.8.7 /Users/rohit.tupe/PycharmProjects/groovy-code-executor/venv/bin/python3<br/> ------------------------------Captured stdout call------------------------------ <br/>submit_url=http://localhost:8080/groovy/submit
<br/> ------------------------------Captured stderr call------------------------------ <br/>INFO:test_defaults:code_id=9fc268b4-c3cb-4d24-935c-6f0c8ae6e22c
INFO:app_lib.common_lib:Waiting for max 60 seconds for status &quot;COMPLETED&quot;...
<br/> -------------------------------Captured log call-------------------------------- <br/>INFO     test_defaults:test_defaults.py:73 code_id=9fc268b4-c3cb-4d24-935c-6f0c8ae6e22c
INFO     app_lib.common_lib:common_lib.py:67 Waiting for max 60 seconds for status &quot;COMPLETED&quot;...<br/></div></td></tr></tbody>
      <tbody class="passed results-table-row">
        <tr>
          <td class="col-result">Passed</td>
          <td class="col-name">tests/test_defaults.py::TestDefaults::test_submit_code_and_check_complete_status[Verify submitting code with range-code6-200-2]</td>
          <td>Verify submitting code with range</td>
          <td class="col-duration">1.05</td>
          <td class="col-links"></td></tr>
        <tr>
          <td class="extra" colspan="5">
            <div class="log">[gw0] darwin -- Python 3.8.7 /Users/rohit.tupe/PycharmProjects/groovy-code-executor/venv/bin/python3<br/>[gw0] darwin -- Python 3.8.7 /Users/rohit.tupe/PycharmProjects/groovy-code-executor/venv/bin/python3[gw0] darwin -- Python 3.8.7 /Users/rohit.tupe/PycharmProjects/groovy-code-executor/venv/bin/python3[gw0] darwin -- Python 3.8.7 /Users/rohit.tupe/PycharmProjects/groovy-code-executor/venv/bin/python3<br/> ------------------------------Captured stdout call------------------------------ <br/>submit_url=http://localhost:8080/groovy/submit
<br/> ------------------------------Captured stderr call------------------------------ <br/>INFO:test_defaults:code_id=f1ddc0eb-8c90-42c0-893e-a286042f1b8a
INFO:app_lib.common_lib:Waiting for max 60 seconds for status &quot;COMPLETED&quot;...
<br/> -------------------------------Captured log call-------------------------------- <br/>INFO     test_defaults:test_defaults.py:73 code_id=f1ddc0eb-8c90-42c0-893e-a286042f1b8a
INFO     app_lib.common_lib:common_lib.py:67 Waiting for max 60 seconds for status &quot;COMPLETED&quot;...<br/></div></td></tr></tbody>
      <tbody class="passed results-table-row">
        <tr>
          <td class="col-result">Passed</td>
          <td class="col-name">tests/test_data_structures.py::TestDataStructures::test_map_submit_code_and_check_complete_status[Verify creating map and displaying only values from map-code3-200-[Rohit, Tupe]]</td>
          <td>Verify creating map and displaying only values from map</td>
          <td class="col-duration">0.03</td>
          <td class="col-links"></td></tr>
        <tr>
          <td class="extra" colspan="5">
            <div class="log">[gw1] darwin -- Python 3.8.7 /Users/rohit.tupe/PycharmProjects/groovy-code-executor/venv/bin/python3<br/>[gw1] darwin -- Python 3.8.7 /Users/rohit.tupe/PycharmProjects/groovy-code-executor/venv/bin/python3[gw1] darwin -- Python 3.8.7 /Users/rohit.tupe/PycharmProjects/groovy-code-executor/venv/bin/python3[gw1] darwin -- Python 3.8.7 /Users/rohit.tupe/PycharmProjects/groovy-code-executor/venv/bin/python3<br/> ------------------------------Captured stdout call------------------------------ <br/>submit_url=http://localhost:8080/groovy/submit
<br/> ------------------------------Captured stderr call------------------------------ <br/>INFO:test_data_structures:code_id=fdfbf6ec-f3bf-419b-8450-372d8201547f
INFO:app_lib.common_lib:Waiting for max 60 seconds for status &quot;COMPLETED&quot;...
<br/> -------------------------------Captured log call-------------------------------- <br/>INFO     test_data_structures:test_data_structures.py:82 code_id=fdfbf6ec-f3bf-419b-8450-372d8201547f
INFO     app_lib.common_lib:common_lib.py:67 Waiting for max 60 seconds for status &quot;COMPLETED&quot;...<br/></div></td></tr></tbody>
      <tbody class="passed results-table-row">
        <tr>
          <td class="col-result">Passed</td>
          <td class="col-name">tests/test_data_structures.py::TestDataStructures::test_closure_block_submit_code_and_check_complete_status[Verify submitting closure block with arguments-code1-200-GROOVYCoder]</td>
          <td>Verify submitting closure block with arguments</td>
          <td class="col-duration">1.04</td>
          <td class="col-links"></td></tr>
        <tr>
          <td class="extra" colspan="5">
            <div class="log">[gw1] darwin -- Python 3.8.7 /Users/rohit.tupe/PycharmProjects/groovy-code-executor/venv/bin/python3<br/>[gw1] darwin -- Python 3.8.7 /Users/rohit.tupe/PycharmProjects/groovy-code-executor/venv/bin/python3[gw1] darwin -- Python 3.8.7 /Users/rohit.tupe/PycharmProjects/groovy-code-executor/venv/bin/python3[gw1] darwin -- Python 3.8.7 /Users/rohit.tupe/PycharmProjects/groovy-code-executor/venv/bin/python3<br/> ------------------------------Captured stdout call------------------------------ <br/>submit_url=http://localhost:8080/groovy/submit
<br/> ------------------------------Captured stderr call------------------------------ <br/>INFO:test_data_structures:code_id=1420ecde-e26d-4094-a449-da8aeced181f
INFO:app_lib.common_lib:Waiting for max 60 seconds for status &quot;COMPLETED&quot;...
<br/> -------------------------------Captured log call-------------------------------- <br/>INFO     test_data_structures:test_data_structures.py:107 code_id=1420ecde-e26d-4094-a449-da8aeced181f
INFO     app_lib.common_lib:common_lib.py:67 Waiting for max 60 seconds for status &quot;COMPLETED&quot;...<br/></div></td></tr></tbody>
      <tbody class="passed results-table-row">
        <tr>
          <td class="col-result">Passed</td>
          <td class="col-name">tests/test_defaults.py::TestDefaults::test_submit_code_and_check_complete_status[Verify submitting string concat code-code7-200-HelloWorld]</td>
          <td>Verify submitting string concat code</td>
          <td class="col-duration">0.03</td>
          <td class="col-links"></td></tr>
        <tr>
          <td class="extra" colspan="5">
            <div class="log">[gw0] darwin -- Python 3.8.7 /Users/rohit.tupe/PycharmProjects/groovy-code-executor/venv/bin/python3<br/>[gw0] darwin -- Python 3.8.7 /Users/rohit.tupe/PycharmProjects/groovy-code-executor/venv/bin/python3[gw0] darwin -- Python 3.8.7 /Users/rohit.tupe/PycharmProjects/groovy-code-executor/venv/bin/python3[gw0] darwin -- Python 3.8.7 /Users/rohit.tupe/PycharmProjects/groovy-code-executor/venv/bin/python3<br/> ------------------------------Captured stdout call------------------------------ <br/>submit_url=http://localhost:8080/groovy/submit
<br/> ------------------------------Captured stderr call------------------------------ <br/>INFO:test_defaults:code_id=b02e12e6-d23a-41a2-8161-d0ddeaee8f07
INFO:app_lib.common_lib:Waiting for max 60 seconds for status &quot;COMPLETED&quot;...
<br/> -------------------------------Captured log call-------------------------------- <br/>INFO     test_defaults:test_defaults.py:73 code_id=b02e12e6-d23a-41a2-8161-d0ddeaee8f07
INFO     app_lib.common_lib:common_lib.py:67 Waiting for max 60 seconds for status &quot;COMPLETED&quot;...<br/></div></td></tr></tbody>
      <tbody class="passed results-table-row">
        <tr>
          <td class="col-result">Passed</td>
          <td class="col-name">tests/test_defaults.py::TestDefaults::test_submit_methods_class_code_and_check_complete_status[Verify class and main method submission without return statement-code0-200-null]</td>
          <td>Verify class and main method submission without return statement</td>
          <td class="col-duration">1.05</td>
          <td class="col-links"></td></tr>
        <tr>
          <td class="extra" colspan="5">
            <div class="log">[gw0] darwin -- Python 3.8.7 /Users/rohit.tupe/PycharmProjects/groovy-code-executor/venv/bin/python3<br/>[gw0] darwin -- Python 3.8.7 /Users/rohit.tupe/PycharmProjects/groovy-code-executor/venv/bin/python3[gw0] darwin -- Python 3.8.7 /Users/rohit.tupe/PycharmProjects/groovy-code-executor/venv/bin/python3[gw0] darwin -- Python 3.8.7 /Users/rohit.tupe/PycharmProjects/groovy-code-executor/venv/bin/python3<br/> ------------------------------Captured stdout call------------------------------ <br/>submit_url=http://localhost:8080/groovy/submit
<br/> ------------------------------Captured stderr call------------------------------ <br/>INFO:test_defaults:code_id=ea6940b1-8bcd-4be2-b5bd-3d66b3ec5c2c
INFO:app_lib.common_lib:Waiting for max 60 seconds for status &quot;COMPLETED&quot;...
<br/> -------------------------------Captured log call-------------------------------- <br/>INFO     test_defaults:test_defaults.py:99 code_id=ea6940b1-8bcd-4be2-b5bd-3d66b3ec5c2c
INFO     app_lib.common_lib:common_lib.py:67 Waiting for max 60 seconds for status &quot;COMPLETED&quot;...<br/></div></td></tr></tbody>
      <tbody class="passed results-table-row">
        <tr>
          <td class="col-result">Passed</td>
          <td class="col-name">tests/test_defaults.py::TestDefaults::test_submit_null_code_and_check_status[Verify submitting code with no payload-{}-400]</td>
          <td>Verify submitting code with no payload</td>
          <td class="col-duration">0.01</td>
          <td class="col-links"></td></tr>
        <tr>
          <td class="extra" colspan="5">
            <div class="log">[gw1] darwin -- Python 3.8.7 /Users/rohit.tupe/PycharmProjects/groovy-code-executor/venv/bin/python3<br/>[gw1] darwin -- Python 3.8.7 /Users/rohit.tupe/PycharmProjects/groovy-code-executor/venv/bin/python3[gw1] darwin -- Python 3.8.7 /Users/rohit.tupe/PycharmProjects/groovy-code-executor/venv/bin/python3[gw1] darwin -- Python 3.8.7 /Users/rohit.tupe/PycharmProjects/groovy-code-executor/venv/bin/python3<br/> ------------------------------Captured stdout call------------------------------ <br/>submit_url=http://localhost:8080/groovy/submit
<br/></div></td></tr></tbody>
      <tbody class="passed results-table-row">
        <tr>
          <td class="col-result">Passed</td>
          <td class="col-name">tests/test_defaults.py::TestDefaults::test_submit_empty_code_and_check_status[Verify submitting code with null as string-code1-200-null]</td>
          <td>Verify submitting code with null as string</td>
          <td class="col-duration">0.03</td>
          <td class="col-links"></td></tr>
        <tr>
          <td class="extra" colspan="5">
            <div class="log">[gw1] darwin -- Python 3.8.7 /Users/rohit.tupe/PycharmProjects/groovy-code-executor/venv/bin/python3<br/>[gw1] darwin -- Python 3.8.7 /Users/rohit.tupe/PycharmProjects/groovy-code-executor/venv/bin/python3[gw1] darwin -- Python 3.8.7 /Users/rohit.tupe/PycharmProjects/groovy-code-executor/venv/bin/python3[gw1] darwin -- Python 3.8.7 /Users/rohit.tupe/PycharmProjects/groovy-code-executor/venv/bin/python3<br/> ------------------------------Captured stdout call------------------------------ <br/>submit_url=http://localhost:8080/groovy/submit
<br/> ------------------------------Captured stderr call------------------------------ <br/>INFO:test_defaults:code_id=8956b91c-4f86-4840-a9cd-32c58edbe6b5
INFO:app_lib.common_lib:Waiting for max 60 seconds for status &quot;COMPLETED&quot;...
<br/> -------------------------------Captured log call-------------------------------- <br/>INFO     test_defaults:test_defaults.py:42 code_id=8956b91c-4f86-4840-a9cd-32c58edbe6b5
INFO     app_lib.common_lib:common_lib.py:67 Waiting for max 60 seconds for status &quot;COMPLETED&quot;...<br/></div></td></tr></tbody>
      <tbody class="passed results-table-row">
        <tr>
          <td class="col-result">Passed</td>
          <td class="col-name">tests/test_defaults.py::TestDefaults::test_submit_code_and_check_complete_status[Verify submitting decimal number addition code-code1-200-2.2]</td>
          <td>Verify submitting decimal number addition code</td>
          <td class="col-duration">0.04</td>
          <td class="col-links"></td></tr>
        <tr>
          <td class="extra" colspan="5">
            <div class="log">[gw1] darwin -- Python 3.8.7 /Users/rohit.tupe/PycharmProjects/groovy-code-executor/venv/bin/python3<br/>[gw1] darwin -- Python 3.8.7 /Users/rohit.tupe/PycharmProjects/groovy-code-executor/venv/bin/python3[gw1] darwin -- Python 3.8.7 /Users/rohit.tupe/PycharmProjects/groovy-code-executor/venv/bin/python3[gw1] darwin -- Python 3.8.7 /Users/rohit.tupe/PycharmProjects/groovy-code-executor/venv/bin/python3<br/> ------------------------------Captured stdout call------------------------------ <br/>submit_url=http://localhost:8080/groovy/submit
<br/> ------------------------------Captured stderr call------------------------------ <br/>INFO:test_defaults:code_id=3edde302-a2a7-4ed1-bf02-f8764581343e
INFO:app_lib.common_lib:Waiting for max 60 seconds for status &quot;COMPLETED&quot;...
<br/> -------------------------------Captured log call-------------------------------- <br/>INFO     test_defaults:test_defaults.py:73 code_id=3edde302-a2a7-4ed1-bf02-f8764581343e
INFO     app_lib.common_lib:common_lib.py:67 Waiting for max 60 seconds for status &quot;COMPLETED&quot;...<br/></div></td></tr></tbody>
      <tbody class="passed results-table-row">
        <tr>
          <td class="col-result">Passed</td>
          <td class="col-name">tests/test_defaults.py::TestDefaults::test_submit_code_and_check_in_progress_status[Verify IN_PROGRESS status on code submission-code0-200]</td>
          <td>Verify IN_PROGRESS status on code submission</td>
          <td class="col-duration">0.03</td>
          <td class="col-links"></td></tr>
        <tr>
          <td class="extra" colspan="5">
            <div class="log">[gw1] darwin -- Python 3.8.7 /Users/rohit.tupe/PycharmProjects/groovy-code-executor/venv/bin/python3<br/>[gw1] darwin -- Python 3.8.7 /Users/rohit.tupe/PycharmProjects/groovy-code-executor/venv/bin/python3[gw1] darwin -- Python 3.8.7 /Users/rohit.tupe/PycharmProjects/groovy-code-executor/venv/bin/python3[gw1] darwin -- Python 3.8.7 /Users/rohit.tupe/PycharmProjects/groovy-code-executor/venv/bin/python3<br/> ------------------------------Captured stdout call------------------------------ <br/>submit_url=http://localhost:8080/groovy/submit
<br/> ------------------------------Captured stderr call------------------------------ <br/>INFO:test_defaults:code_id=d0836110-fc49-4753-9959-a71c5f28d62f
<br/> -------------------------------Captured log call-------------------------------- <br/>INFO     test_defaults:test_defaults.py:146 code_id=d0836110-fc49-4753-9959-a71c5f28d62f<br/></div></td></tr></tbody>
      <tbody class="passed results-table-row">
        <tr>
          <td class="col-result">Passed</td>
          <td class="col-name">tests/test_defaults.py::TestDefaults::test_status_with_invalid_id[Verify status service with invalid id-None-404]</td>
          <td>Verify status service with invalid id</td>
          <td class="col-duration">0.05</td>
          <td class="col-links"></td></tr>
        <tr>
          <td class="extra" colspan="5">
            <div class="log">[gw1] darwin -- Python 3.8.7 /Users/rohit.tupe/PycharmProjects/groovy-code-executor/venv/bin/python3<br/>[gw1] darwin -- Python 3.8.7 /Users/rohit.tupe/PycharmProjects/groovy-code-executor/venv/bin/python3[gw1] darwin -- Python 3.8.7 /Users/rohit.tupe/PycharmProjects/groovy-code-executor/venv/bin/python3[gw1] darwin -- Python 3.8.7 /Users/rohit.tupe/PycharmProjects/groovy-code-executor/venv/bin/python3<br/></div></td></tr></tbody>
      <tbody class="passed results-table-row">
        <tr>
          <td class="col-result">Passed</td>
          <td class="col-name">tests/test_defaults.py::TestDefaults::test_submit_schema[Verify schema for submit response-code0-200]</td>
          <td>Verify schema for submit response</td>
          <td class="col-duration">0.01</td>
          <td class="col-links"></td></tr>
        <tr>
          <td class="extra" colspan="5">
            <div class="log">[gw1] darwin -- Python 3.8.7 /Users/rohit.tupe/PycharmProjects/groovy-code-executor/venv/bin/python3<br/>[gw1] darwin -- Python 3.8.7 /Users/rohit.tupe/PycharmProjects/groovy-code-executor/venv/bin/python3[gw1] darwin -- Python 3.8.7 /Users/rohit.tupe/PycharmProjects/groovy-code-executor/venv/bin/python3[gw1] darwin -- Python 3.8.7 /Users/rohit.tupe/PycharmProjects/groovy-code-executor/venv/bin/python3<br/> ------------------------------Captured stdout call------------------------------ <br/>submit_url=http://localhost:8080/groovy/submit
<br/></div></td></tr></tbody>
      <tbody class="passed results-table-row">
        <tr>
          <td class="col-result">Passed</td>
          <td class="col-name">tests/test_defaults.py::TestDefaults::test_status_schema[Verify schema for status response-code0-200]</td>
          <td>Verify schema for status response</td>
          <td class="col-duration">0.03</td>
          <td class="col-links"></td></tr>
        <tr>
          <td class="extra" colspan="5">
            <div class="log">[gw1] darwin -- Python 3.8.7 /Users/rohit.tupe/PycharmProjects/groovy-code-executor/venv/bin/python3<br/>[gw1] darwin -- Python 3.8.7 /Users/rohit.tupe/PycharmProjects/groovy-code-executor/venv/bin/python3[gw1] darwin -- Python 3.8.7 /Users/rohit.tupe/PycharmProjects/groovy-code-executor/venv/bin/python3[gw1] darwin -- Python 3.8.7 /Users/rohit.tupe/PycharmProjects/groovy-code-executor/venv/bin/python3<br/> ------------------------------Captured stdout call------------------------------ <br/>submit_url=http://localhost:8080/groovy/submit
<br/> ------------------------------Captured stderr call------------------------------ <br/>INFO:test_defaults:code_id=0c93f4e4-d9c6-4fe7-b82b-7e6950c0d916
<br/> -------------------------------Captured log call-------------------------------- <br/>INFO     test_defaults:test_defaults.py:207 code_id=0c93f4e4-d9c6-4fe7-b82b-7e6950c0d916<br/></div></td></tr></tbody>
      <tbody class="passed results-table-row">
        <tr>
          <td class="col-result">Passed</td>
          <td class="col-name">tests/test_defaults.py::TestDefaults::test_error_schema[Verify schema for error response-code0-401]</td>
          <td>Verify schema for error response</td>
          <td class="col-duration">0.00</td>
          <td class="col-links"></td></tr>
        <tr>
          <td class="extra" colspan="5">
            <div class="log">[gw1] darwin -- Python 3.8.7 /Users/rohit.tupe/PycharmProjects/groovy-code-executor/venv/bin/python3<br/>[gw1] darwin -- Python 3.8.7 /Users/rohit.tupe/PycharmProjects/groovy-code-executor/venv/bin/python3[gw1] darwin -- Python 3.8.7 /Users/rohit.tupe/PycharmProjects/groovy-code-executor/venv/bin/python3[gw1] darwin -- Python 3.8.7 /Users/rohit.tupe/PycharmProjects/groovy-code-executor/venv/bin/python3<br/> ------------------------------Captured stdout call------------------------------ <br/>submit_url=http://localhost:8080/groovy/submit
<br/></div></td></tr></tbody>
      <tbody class="passed results-table-row">
        <tr>
          <td class="col-result">Passed</td>
          <td class="col-name">tests/test_loops_and_condition.py::TestLoopsAndConditions::test_while_loop_submit_code_and_check_complete_status[Verify while loop with return statement-code1-200-1]</td>
          <td>Verify while loop with return statement</td>
          <td class="col-duration">0.04</td>
          <td class="col-links"></td></tr>
        <tr>
          <td class="extra" colspan="5">
            <div class="log">[gw1] darwin -- Python 3.8.7 /Users/rohit.tupe/PycharmProjects/groovy-code-executor/venv/bin/python3<br/>[gw1] darwin -- Python 3.8.7 /Users/rohit.tupe/PycharmProjects/groovy-code-executor/venv/bin/python3[gw1] darwin -- Python 3.8.7 /Users/rohit.tupe/PycharmProjects/groovy-code-executor/venv/bin/python3[gw1] darwin -- Python 3.8.7 /Users/rohit.tupe/PycharmProjects/groovy-code-executor/venv/bin/python3<br/> ------------------------------Captured stdout call------------------------------ <br/>submit_url=http://localhost:8080/groovy/submit
<br/> ------------------------------Captured stderr call------------------------------ <br/>INFO:test_loops_and_condition:code_id=b4735de7-0abf-41ab-8228-22959fb80bd3
INFO:app_lib.common_lib:Waiting for max 60 seconds for status &quot;COMPLETED&quot;...
<br/> -------------------------------Captured log call-------------------------------- <br/>INFO     test_loops_and_condition:test_loops_and_condition.py:27 code_id=b4735de7-0abf-41ab-8228-22959fb80bd3
INFO     app_lib.common_lib:common_lib.py:67 Waiting for max 60 seconds for status &quot;COMPLETED&quot;...<br/></div></td></tr></tbody>
      <tbody class="passed results-table-row">
        <tr>
          <td class="col-result">Passed</td>
          <td class="col-name">tests/test_loops_and_condition.py::TestLoopsAndConditions::test_for_loop_submit_code_and_check_complete_status[Verify for loop with if and return statement-code0-200-2]</td>
          <td>Verify for loop with if and return statement</td>
          <td class="col-duration">0.04</td>
          <td class="col-links"></td></tr>
        <tr>
          <td class="extra" colspan="5">
            <div class="log">[gw1] darwin -- Python 3.8.7 /Users/rohit.tupe/PycharmProjects/groovy-code-executor/venv/bin/python3<br/>[gw1] darwin -- Python 3.8.7 /Users/rohit.tupe/PycharmProjects/groovy-code-executor/venv/bin/python3[gw1] darwin -- Python 3.8.7 /Users/rohit.tupe/PycharmProjects/groovy-code-executor/venv/bin/python3[gw1] darwin -- Python 3.8.7 /Users/rohit.tupe/PycharmProjects/groovy-code-executor/venv/bin/python3<br/> ------------------------------Captured stdout call------------------------------ <br/>submit_url=http://localhost:8080/groovy/submit
<br/> ------------------------------Captured stderr call------------------------------ <br/>INFO:test_loops_and_condition:code_id=59fe5e77-38aa-4c00-bf43-20184765e560
INFO:app_lib.common_lib:Waiting for max 60 seconds for status &quot;COMPLETED&quot;...
<br/> -------------------------------Captured log call-------------------------------- <br/>INFO     test_loops_and_condition:test_loops_and_condition.py:51 code_id=59fe5e77-38aa-4c00-bf43-20184765e560
INFO     app_lib.common_lib:common_lib.py:67 Waiting for max 60 seconds for status &quot;COMPLETED&quot;...<br/></div></td></tr></tbody>
      <tbody class="passed results-table-row">
        <tr>
          <td class="col-result">Passed</td>
          <td class="col-name">tests/test_operators.py::TestOperators::test_arithmetic_submit_code_and_check_complete_status[Increment-code6-200-3]</td>
          <td>Verify arithmetic operator - Increment</td>
          <td class="col-duration">0.04</td>
          <td class="col-links"></td></tr>
        <tr>
          <td class="extra" colspan="5">
            <div class="log">[gw1] darwin -- Python 3.8.7 /Users/rohit.tupe/PycharmProjects/groovy-code-executor/venv/bin/python3<br/>[gw1] darwin -- Python 3.8.7 /Users/rohit.tupe/PycharmProjects/groovy-code-executor/venv/bin/python3[gw1] darwin -- Python 3.8.7 /Users/rohit.tupe/PycharmProjects/groovy-code-executor/venv/bin/python3[gw1] darwin -- Python 3.8.7 /Users/rohit.tupe/PycharmProjects/groovy-code-executor/venv/bin/python3<br/> ------------------------------Captured stdout call------------------------------ <br/>submit_url=http://localhost:8080/groovy/submit
<br/> ------------------------------Captured stderr call------------------------------ <br/>INFO:test_operators:code_id=53d02748-2281-4fce-a4d5-8632863ee84a
INFO:test_operators:Initial get request output: {&#x27;id&#x27;: &#x27;53d02748-2281-4fce-a4d5-8632863ee84a&#x27;, &#x27;status&#x27;: &#x27;IN_PROGRESS&#x27;, &#x27;result&#x27;: None}
INFO:app_lib.common_lib:Waiting for max 90 seconds for status &quot;COMPLETED&quot;...
<br/> -------------------------------Captured log call-------------------------------- <br/>INFO     test_operators:test_operators.py:33 code_id=53d02748-2281-4fce-a4d5-8632863ee84a
INFO     test_operators:test_operators.py:37 Initial get request output: {&#x27;id&#x27;: &#x27;53d02748-2281-4fce-a4d5-8632863ee84a&#x27;, &#x27;status&#x27;: &#x27;IN_PROGRESS&#x27;, &#x27;result&#x27;: None}
INFO     app_lib.common_lib:common_lib.py:67 Waiting for max 90 seconds for status &quot;COMPLETED&quot;...<br/></div></td></tr></tbody>
      <tbody class="passed results-table-row">
        <tr>
          <td class="col-result">Passed</td>
          <td class="col-name">tests/test_operators.py::TestOperators::test_arithmetic_submit_code_and_check_complete_status[Decrement-code7-200-1]</td>
          <td>Verify arithmetic operator - Decrement</td>
          <td class="col-duration">0.04</td>
          <td class="col-links"></td></tr>
        <tr>
          <td class="extra" colspan="5">
            <div class="log">[gw1] darwin -- Python 3.8.7 /Users/rohit.tupe/PycharmProjects/groovy-code-executor/venv/bin/python3<br/>[gw1] darwin -- Python 3.8.7 /Users/rohit.tupe/PycharmProjects/groovy-code-executor/venv/bin/python3[gw1] darwin -- Python 3.8.7 /Users/rohit.tupe/PycharmProjects/groovy-code-executor/venv/bin/python3[gw1] darwin -- Python 3.8.7 /Users/rohit.tupe/PycharmProjects/groovy-code-executor/venv/bin/python3<br/> ------------------------------Captured stdout call------------------------------ <br/>submit_url=http://localhost:8080/groovy/submit
<br/> ------------------------------Captured stderr call------------------------------ <br/>INFO:test_operators:code_id=608381a9-6eeb-4ae8-b66c-606c987de2a8
INFO:test_operators:Initial get request output: {&#x27;id&#x27;: &#x27;608381a9-6eeb-4ae8-b66c-606c987de2a8&#x27;, &#x27;status&#x27;: &#x27;IN_PROGRESS&#x27;, &#x27;result&#x27;: None}
INFO:app_lib.common_lib:Waiting for max 90 seconds for status &quot;COMPLETED&quot;...
<br/> -------------------------------Captured log call-------------------------------- <br/>INFO     test_operators:test_operators.py:33 code_id=608381a9-6eeb-4ae8-b66c-606c987de2a8
INFO     test_operators:test_operators.py:37 Initial get request output: {&#x27;id&#x27;: &#x27;608381a9-6eeb-4ae8-b66c-606c987de2a8&#x27;, &#x27;status&#x27;: &#x27;IN_PROGRESS&#x27;, &#x27;result&#x27;: None}
INFO     app_lib.common_lib:common_lib.py:67 Waiting for max 90 seconds for status &quot;COMPLETED&quot;...<br/></div></td></tr></tbody>
      <tbody class="passed results-table-row">
        <tr>
          <td class="col-result">Passed</td>
          <td class="col-name">tests/test_operators.py::TestOperators::test_assignment_submit_code_and_check_complete_status[Addition-code0-200-5]</td>
          <td>Verify assignment operator - Addition</td>
          <td class="col-duration">0.04</td>
          <td class="col-links"></td></tr>
        <tr>
          <td class="extra" colspan="5">
            <div class="log">[gw1] darwin -- Python 3.8.7 /Users/rohit.tupe/PycharmProjects/groovy-code-executor/venv/bin/python3<br/>[gw1] darwin -- Python 3.8.7 /Users/rohit.tupe/PycharmProjects/groovy-code-executor/venv/bin/python3[gw1] darwin -- Python 3.8.7 /Users/rohit.tupe/PycharmProjects/groovy-code-executor/venv/bin/python3[gw1] darwin -- Python 3.8.7 /Users/rohit.tupe/PycharmProjects/groovy-code-executor/venv/bin/python3<br/> ------------------------------Captured stdout call------------------------------ <br/>submit_url=http://localhost:8080/groovy/submit
<br/> ------------------------------Captured stderr call------------------------------ <br/>INFO:test_operators:code_id=3a5d8283-ec10-41c8-a515-4efa595530a8
INFO:app_lib.common_lib:Waiting for max 90 seconds for status &quot;COMPLETED&quot;...
<br/> -------------------------------Captured log call-------------------------------- <br/>INFO     test_operators:test_operators.py:61 code_id=3a5d8283-ec10-41c8-a515-4efa595530a8
INFO     app_lib.common_lib:common_lib.py:67 Waiting for max 90 seconds for status &quot;COMPLETED&quot;...<br/></div></td></tr></tbody>
      <tbody class="passed results-table-row">
        <tr>
          <td class="col-result">Passed</td>
          <td class="col-name">tests/test_operators.py::TestOperators::test_assignment_submit_code_and_check_complete_status[Subtraction-code1-200-1]</td>
          <td>Verify assignment operator - Subtraction</td>
          <td class="col-duration">0.05</td>
          <td class="col-links"></td></tr>
        <tr>
          <td class="extra" colspan="5">
            <div class="log">[gw1] darwin -- Python 3.8.7 /Users/rohit.tupe/PycharmProjects/groovy-code-executor/venv/bin/python3<br/>[gw1] darwin -- Python 3.8.7 /Users/rohit.tupe/PycharmProjects/groovy-code-executor/venv/bin/python3[gw1] darwin -- Python 3.8.7 /Users/rohit.tupe/PycharmProjects/groovy-code-executor/venv/bin/python3[gw1] darwin -- Python 3.8.7 /Users/rohit.tupe/PycharmProjects/groovy-code-executor/venv/bin/python3<br/> ------------------------------Captured stdout call------------------------------ <br/>submit_url=http://localhost:8080/groovy/submit
<br/> ------------------------------Captured stderr call------------------------------ <br/>INFO:test_operators:code_id=f52bee2f-5bad-4392-8e76-48a656343372
INFO:app_lib.common_lib:Waiting for max 90 seconds for status &quot;COMPLETED&quot;...
<br/> -------------------------------Captured log call-------------------------------- <br/>INFO     test_operators:test_operators.py:61 code_id=f52bee2f-5bad-4392-8e76-48a656343372
INFO     app_lib.common_lib:common_lib.py:67 Waiting for max 90 seconds for status &quot;COMPLETED&quot;...<br/></div></td></tr></tbody>
      <tbody class="passed results-table-row">
        <tr>
          <td class="col-result">Passed</td>
          <td class="col-name">tests/test_defaults.py::TestDefaults::test_submit_invalid_code_and_check_failed_status[Verify invalid code submission results in execption with FAILED status-code0-200-No such property]</td>
          <td>Verify invalid code submission results in execption with FAILED status</td>
          <td class="col-duration">1.06</td>
          <td class="col-links"></td></tr>
        <tr>
          <td class="extra" colspan="5">
            <div class="log">[gw0] darwin -- Python 3.8.7 /Users/rohit.tupe/PycharmProjects/groovy-code-executor/venv/bin/python3<br/>[gw0] darwin -- Python 3.8.7 /Users/rohit.tupe/PycharmProjects/groovy-code-executor/venv/bin/python3[gw0] darwin -- Python 3.8.7 /Users/rohit.tupe/PycharmProjects/groovy-code-executor/venv/bin/python3[gw0] darwin -- Python 3.8.7 /Users/rohit.tupe/PycharmProjects/groovy-code-executor/venv/bin/python3<br/> ------------------------------Captured stdout call------------------------------ <br/>submit_url=http://localhost:8080/groovy/submit
<br/> ------------------------------Captured stderr call------------------------------ <br/>INFO:test_defaults:code_id=f2428cd4-741c-4de0-8f3d-d6425253ed88
INFO:app_lib.common_lib:Waiting for max 60 seconds for status &quot;FAILED&quot;...
<br/> -------------------------------Captured log call-------------------------------- <br/>INFO     test_defaults:test_defaults.py:123 code_id=f2428cd4-741c-4de0-8f3d-d6425253ed88
INFO     app_lib.common_lib:common_lib.py:67 Waiting for max 60 seconds for status &quot;FAILED&quot;...<br/></div></td></tr></tbody>
      <tbody class="passed results-table-row">
        <tr>
          <td class="col-result">Passed</td>
          <td class="col-name">tests/test_operators.py::TestOperators::test_assignment_submit_code_and_check_complete_status[Multiplication-code2-200-3]</td>
          <td>Verify assignment operator - Multiplication</td>
          <td class="col-duration">0.04</td>
          <td class="col-links"></td></tr>
        <tr>
          <td class="extra" colspan="5">
            <div class="log">[gw1] darwin -- Python 3.8.7 /Users/rohit.tupe/PycharmProjects/groovy-code-executor/venv/bin/python3<br/>[gw1] darwin -- Python 3.8.7 /Users/rohit.tupe/PycharmProjects/groovy-code-executor/venv/bin/python3[gw1] darwin -- Python 3.8.7 /Users/rohit.tupe/PycharmProjects/groovy-code-executor/venv/bin/python3[gw1] darwin -- Python 3.8.7 /Users/rohit.tupe/PycharmProjects/groovy-code-executor/venv/bin/python3<br/> ------------------------------Captured stdout call------------------------------ <br/>submit_url=http://localhost:8080/groovy/submit
<br/> ------------------------------Captured stderr call------------------------------ <br/>INFO:test_operators:code_id=bf54717c-43da-4213-9c6e-0186d2ef62f7
INFO:app_lib.common_lib:Waiting for max 90 seconds for status &quot;COMPLETED&quot;...
<br/> -------------------------------Captured log call-------------------------------- <br/>INFO     test_operators:test_operators.py:61 code_id=bf54717c-43da-4213-9c6e-0186d2ef62f7
INFO     app_lib.common_lib:common_lib.py:67 Waiting for max 90 seconds for status &quot;COMPLETED&quot;...<br/></div></td></tr></tbody>
      <tbody class="passed results-table-row">
        <tr>
          <td class="col-result">Passed</td>
          <td class="col-name">tests/test_operators.py::TestOperators::test_assignment_submit_code_and_check_complete_status[Division-code3-200-2]</td>
          <td>Verify assignment operator - Division</td>
          <td class="col-duration">0.03</td>
          <td class="col-links"></td></tr>
        <tr>
          <td class="extra" colspan="5">
            <div class="log">[gw1] darwin -- Python 3.8.7 /Users/rohit.tupe/PycharmProjects/groovy-code-executor/venv/bin/python3<br/>[gw1] darwin -- Python 3.8.7 /Users/rohit.tupe/PycharmProjects/groovy-code-executor/venv/bin/python3[gw1] darwin -- Python 3.8.7 /Users/rohit.tupe/PycharmProjects/groovy-code-executor/venv/bin/python3[gw1] darwin -- Python 3.8.7 /Users/rohit.tupe/PycharmProjects/groovy-code-executor/venv/bin/python3<br/> ------------------------------Captured stdout call------------------------------ <br/>submit_url=http://localhost:8080/groovy/submit
<br/> ------------------------------Captured stderr call------------------------------ <br/>INFO:test_operators:code_id=fe955604-0be9-4195-9462-3c436b1a36a2
INFO:app_lib.common_lib:Waiting for max 90 seconds for status &quot;COMPLETED&quot;...
<br/> -------------------------------Captured log call-------------------------------- <br/>INFO     test_operators:test_operators.py:61 code_id=fe955604-0be9-4195-9462-3c436b1a36a2
INFO     app_lib.common_lib:common_lib.py:67 Waiting for max 90 seconds for status &quot;COMPLETED&quot;...<br/></div></td></tr></tbody>
      <tbody class="passed results-table-row">
        <tr>
          <td class="col-result">Passed</td>
          <td class="col-name">tests/test_operators.py::TestOperators::test_assignment_submit_code_and_check_complete_status[Remainder-code4-200-0]</td>
          <td>Verify assignment operator - Remainder</td>
          <td class="col-duration">0.03</td>
          <td class="col-links"></td></tr>
        <tr>
          <td class="extra" colspan="5">
            <div class="log">[gw1] darwin -- Python 3.8.7 /Users/rohit.tupe/PycharmProjects/groovy-code-executor/venv/bin/python3<br/>[gw1] darwin -- Python 3.8.7 /Users/rohit.tupe/PycharmProjects/groovy-code-executor/venv/bin/python3[gw1] darwin -- Python 3.8.7 /Users/rohit.tupe/PycharmProjects/groovy-code-executor/venv/bin/python3[gw1] darwin -- Python 3.8.7 /Users/rohit.tupe/PycharmProjects/groovy-code-executor/venv/bin/python3<br/> ------------------------------Captured stdout call------------------------------ <br/>submit_url=http://localhost:8080/groovy/submit
<br/> ------------------------------Captured stderr call------------------------------ <br/>INFO:test_operators:code_id=1ac78245-d5d6-4c48-bfeb-a19928dbc63c
INFO:app_lib.common_lib:Waiting for max 90 seconds for status &quot;COMPLETED&quot;...
<br/> -------------------------------Captured log call-------------------------------- <br/>INFO     test_operators:test_operators.py:61 code_id=1ac78245-d5d6-4c48-bfeb-a19928dbc63c
INFO     app_lib.common_lib:common_lib.py:67 Waiting for max 90 seconds for status &quot;COMPLETED&quot;...<br/></div></td></tr></tbody>
      <tbody class="passed results-table-row">
        <tr>
          <td class="col-result">Passed</td>
          <td class="col-name">tests/test_operators.py::TestOperators::test_bitwise_submit_code_and_check_complete_status[0 AND 0-code0-200-0]</td>
          <td>Verify bitwise operator - 0 AND 0</td>
          <td class="col-duration">0.03</td>
          <td class="col-links"></td></tr>
        <tr>
          <td class="extra" colspan="5">
            <div class="log">[gw1] darwin -- Python 3.8.7 /Users/rohit.tupe/PycharmProjects/groovy-code-executor/venv/bin/python3<br/>[gw1] darwin -- Python 3.8.7 /Users/rohit.tupe/PycharmProjects/groovy-code-executor/venv/bin/python3[gw1] darwin -- Python 3.8.7 /Users/rohit.tupe/PycharmProjects/groovy-code-executor/venv/bin/python3[gw1] darwin -- Python 3.8.7 /Users/rohit.tupe/PycharmProjects/groovy-code-executor/venv/bin/python3<br/> ------------------------------Captured stdout call------------------------------ <br/>submit_url=http://localhost:8080/groovy/submit
<br/> ------------------------------Captured stderr call------------------------------ <br/>INFO:test_operators:code_id=bf44641c-767c-4099-a2bd-306d79c1764d
INFO:app_lib.common_lib:Waiting for max 90 seconds for status &quot;COMPLETED&quot;...
<br/> -------------------------------Captured log call-------------------------------- <br/>INFO     test_operators:test_operators.py:98 code_id=bf44641c-767c-4099-a2bd-306d79c1764d
INFO     app_lib.common_lib:common_lib.py:67 Waiting for max 90 seconds for status &quot;COMPLETED&quot;...<br/></div></td></tr></tbody>
      <tbody class="passed results-table-row">
        <tr>
          <td class="col-result">Passed</td>
          <td class="col-name">tests/test_operators.py::TestOperators::test_bitwise_submit_code_and_check_complete_status[0 AND 1-code1-200-0]</td>
          <td>Verify bitwise operator - 0 AND 1</td>
          <td class="col-duration">0.03</td>
          <td class="col-links"></td></tr>
        <tr>
          <td class="extra" colspan="5">
            <div class="log">[gw1] darwin -- Python 3.8.7 /Users/rohit.tupe/PycharmProjects/groovy-code-executor/venv/bin/python3<br/>[gw1] darwin -- Python 3.8.7 /Users/rohit.tupe/PycharmProjects/groovy-code-executor/venv/bin/python3[gw1] darwin -- Python 3.8.7 /Users/rohit.tupe/PycharmProjects/groovy-code-executor/venv/bin/python3[gw1] darwin -- Python 3.8.7 /Users/rohit.tupe/PycharmProjects/groovy-code-executor/venv/bin/python3<br/> ------------------------------Captured stdout call------------------------------ <br/>submit_url=http://localhost:8080/groovy/submit
<br/> ------------------------------Captured stderr call------------------------------ <br/>INFO:test_operators:code_id=336bc041-ecaf-42a6-af8f-05eb18c9e88f
INFO:app_lib.common_lib:Waiting for max 90 seconds for status &quot;COMPLETED&quot;...
<br/> -------------------------------Captured log call-------------------------------- <br/>INFO     test_operators:test_operators.py:98 code_id=336bc041-ecaf-42a6-af8f-05eb18c9e88f
INFO     app_lib.common_lib:common_lib.py:67 Waiting for max 90 seconds for status &quot;COMPLETED&quot;...<br/></div></td></tr></tbody>
      <tbody class="passed results-table-row">
        <tr>
          <td class="col-result">Passed</td>
          <td class="col-name">tests/test_operators.py::TestOperators::test_bitwise_submit_code_and_check_complete_status[1 AND 0-code2-200-0]</td>
          <td>Verify bitwise operator - 1 AND 0</td>
          <td class="col-duration">0.03</td>
          <td class="col-links"></td></tr>
        <tr>
          <td class="extra" colspan="5">
            <div class="log">[gw1] darwin -- Python 3.8.7 /Users/rohit.tupe/PycharmProjects/groovy-code-executor/venv/bin/python3<br/>[gw1] darwin -- Python 3.8.7 /Users/rohit.tupe/PycharmProjects/groovy-code-executor/venv/bin/python3[gw1] darwin -- Python 3.8.7 /Users/rohit.tupe/PycharmProjects/groovy-code-executor/venv/bin/python3[gw1] darwin -- Python 3.8.7 /Users/rohit.tupe/PycharmProjects/groovy-code-executor/venv/bin/python3<br/> ------------------------------Captured stdout call------------------------------ <br/>submit_url=http://localhost:8080/groovy/submit
<br/> ------------------------------Captured stderr call------------------------------ <br/>INFO:test_operators:code_id=b15c676c-2733-46d6-a859-288895dcf4d7
INFO:app_lib.common_lib:Waiting for max 90 seconds for status &quot;COMPLETED&quot;...
<br/> -------------------------------Captured log call-------------------------------- <br/>INFO     test_operators:test_operators.py:98 code_id=b15c676c-2733-46d6-a859-288895dcf4d7
INFO     app_lib.common_lib:common_lib.py:67 Waiting for max 90 seconds for status &quot;COMPLETED&quot;...<br/></div></td></tr></tbody>
      <tbody class="passed results-table-row">
        <tr>
          <td class="col-result">Passed</td>
          <td class="col-name">tests/test_operators.py::TestOperators::test_bitwise_submit_code_and_check_complete_status[1 AND 1-code3-200-1]</td>
          <td>Verify bitwise operator - 1 AND 1</td>
          <td class="col-duration">0.04</td>
          <td class="col-links"></td></tr>
        <tr>
          <td class="extra" colspan="5">
            <div class="log">[gw1] darwin -- Python 3.8.7 /Users/rohit.tupe/PycharmProjects/groovy-code-executor/venv/bin/python3<br/>[gw1] darwin -- Python 3.8.7 /Users/rohit.tupe/PycharmProjects/groovy-code-executor/venv/bin/python3[gw1] darwin -- Python 3.8.7 /Users/rohit.tupe/PycharmProjects/groovy-code-executor/venv/bin/python3[gw1] darwin -- Python 3.8.7 /Users/rohit.tupe/PycharmProjects/groovy-code-executor/venv/bin/python3<br/> ------------------------------Captured stdout call------------------------------ <br/>submit_url=http://localhost:8080/groovy/submit
<br/> ------------------------------Captured stderr call------------------------------ <br/>INFO:test_operators:code_id=b8b2952f-b555-4168-b314-e03c058b18cd
INFO:app_lib.common_lib:Waiting for max 90 seconds for status &quot;COMPLETED&quot;...
<br/> -------------------------------Captured log call-------------------------------- <br/>INFO     test_operators:test_operators.py:98 code_id=b8b2952f-b555-4168-b314-e03c058b18cd
INFO     app_lib.common_lib:common_lib.py:67 Waiting for max 90 seconds for status &quot;COMPLETED&quot;...<br/></div></td></tr></tbody>
      <tbody class="passed results-table-row">
        <tr>
          <td class="col-result">Passed</td>
          <td class="col-name">tests/test_operators.py::TestOperators::test_bitwise_submit_code_and_check_complete_status[0 OR 0-code4-200-0]</td>
          <td>Verify bitwise operator - 0 OR 0</td>
          <td class="col-duration">0.03</td>
          <td class="col-links"></td></tr>
        <tr>
          <td class="extra" colspan="5">
            <div class="log">[gw1] darwin -- Python 3.8.7 /Users/rohit.tupe/PycharmProjects/groovy-code-executor/venv/bin/python3<br/>[gw1] darwin -- Python 3.8.7 /Users/rohit.tupe/PycharmProjects/groovy-code-executor/venv/bin/python3[gw1] darwin -- Python 3.8.7 /Users/rohit.tupe/PycharmProjects/groovy-code-executor/venv/bin/python3[gw1] darwin -- Python 3.8.7 /Users/rohit.tupe/PycharmProjects/groovy-code-executor/venv/bin/python3<br/> ------------------------------Captured stdout call------------------------------ <br/>submit_url=http://localhost:8080/groovy/submit
<br/> ------------------------------Captured stderr call------------------------------ <br/>INFO:test_operators:code_id=af5193dc-0a3a-48a9-bf5e-c05c6b5f7b09
INFO:app_lib.common_lib:Waiting for max 90 seconds for status &quot;COMPLETED&quot;...
<br/> -------------------------------Captured log call-------------------------------- <br/>INFO     test_operators:test_operators.py:98 code_id=af5193dc-0a3a-48a9-bf5e-c05c6b5f7b09
INFO     app_lib.common_lib:common_lib.py:67 Waiting for max 90 seconds for status &quot;COMPLETED&quot;...<br/></div></td></tr></tbody>
      <tbody class="passed results-table-row">
        <tr>
          <td class="col-result">Passed</td>
          <td class="col-name">tests/test_operators.py::TestOperators::test_bitwise_submit_code_and_check_complete_status[0 OR 1-code5-200-1]</td>
          <td>Verify bitwise operator - 0 OR 1</td>
          <td class="col-duration">0.03</td>
          <td class="col-links"></td></tr>
        <tr>
          <td class="extra" colspan="5">
            <div class="log">[gw1] darwin -- Python 3.8.7 /Users/rohit.tupe/PycharmProjects/groovy-code-executor/venv/bin/python3<br/>[gw1] darwin -- Python 3.8.7 /Users/rohit.tupe/PycharmProjects/groovy-code-executor/venv/bin/python3[gw1] darwin -- Python 3.8.7 /Users/rohit.tupe/PycharmProjects/groovy-code-executor/venv/bin/python3[gw1] darwin -- Python 3.8.7 /Users/rohit.tupe/PycharmProjects/groovy-code-executor/venv/bin/python3<br/> ------------------------------Captured stdout call------------------------------ <br/>submit_url=http://localhost:8080/groovy/submit
<br/> ------------------------------Captured stderr call------------------------------ <br/>INFO:test_operators:code_id=53ac1617-3fbd-4a12-8feb-b259a2bba0bd
INFO:app_lib.common_lib:Waiting for max 90 seconds for status &quot;COMPLETED&quot;...
<br/> -------------------------------Captured log call-------------------------------- <br/>INFO     test_operators:test_operators.py:98 code_id=53ac1617-3fbd-4a12-8feb-b259a2bba0bd
INFO     app_lib.common_lib:common_lib.py:67 Waiting for max 90 seconds for status &quot;COMPLETED&quot;...<br/></div></td></tr></tbody>
      <tbody class="passed results-table-row">
        <tr>
          <td class="col-result">Passed</td>
          <td class="col-name">tests/test_operators.py::TestOperators::test_bitwise_submit_code_and_check_complete_status[1 OR 0-code6-200-1]</td>
          <td>Verify bitwise operator - 1 OR 0</td>
          <td class="col-duration">0.03</td>
          <td class="col-links"></td></tr>
        <tr>
          <td class="extra" colspan="5">
            <div class="log">[gw1] darwin -- Python 3.8.7 /Users/rohit.tupe/PycharmProjects/groovy-code-executor/venv/bin/python3<br/>[gw1] darwin -- Python 3.8.7 /Users/rohit.tupe/PycharmProjects/groovy-code-executor/venv/bin/python3[gw1] darwin -- Python 3.8.7 /Users/rohit.tupe/PycharmProjects/groovy-code-executor/venv/bin/python3[gw1] darwin -- Python 3.8.7 /Users/rohit.tupe/PycharmProjects/groovy-code-executor/venv/bin/python3<br/> ------------------------------Captured stdout call------------------------------ <br/>submit_url=http://localhost:8080/groovy/submit
<br/> ------------------------------Captured stderr call------------------------------ <br/>INFO:test_operators:code_id=2f9085b4-2bd8-44db-bee0-c9f469630c4f
INFO:app_lib.common_lib:Waiting for max 90 seconds for status &quot;COMPLETED&quot;...
<br/> -------------------------------Captured log call-------------------------------- <br/>INFO     test_operators:test_operators.py:98 code_id=2f9085b4-2bd8-44db-bee0-c9f469630c4f
INFO     app_lib.common_lib:common_lib.py:67 Waiting for max 90 seconds for status &quot;COMPLETED&quot;...<br/></div></td></tr></tbody>
      <tbody class="passed results-table-row">
        <tr>
          <td class="col-result">Passed</td>
          <td class="col-name">tests/test_operators.py::TestOperators::test_bitwise_submit_code_and_check_complete_status[1 OR 1-code7-200-1]</td>
          <td>Verify bitwise operator - 1 OR 1</td>
          <td class="col-duration">0.03</td>
          <td class="col-links"></td></tr>
        <tr>
          <td class="extra" colspan="5">
            <div class="log">[gw1] darwin -- Python 3.8.7 /Users/rohit.tupe/PycharmProjects/groovy-code-executor/venv/bin/python3<br/>[gw1] darwin -- Python 3.8.7 /Users/rohit.tupe/PycharmProjects/groovy-code-executor/venv/bin/python3[gw1] darwin -- Python 3.8.7 /Users/rohit.tupe/PycharmProjects/groovy-code-executor/venv/bin/python3[gw1] darwin -- Python 3.8.7 /Users/rohit.tupe/PycharmProjects/groovy-code-executor/venv/bin/python3<br/> ------------------------------Captured stdout call------------------------------ <br/>submit_url=http://localhost:8080/groovy/submit
<br/> ------------------------------Captured stderr call------------------------------ <br/>INFO:test_operators:code_id=ba36892a-e812-4455-9202-d915f175b9a5
INFO:app_lib.common_lib:Waiting for max 90 seconds for status &quot;COMPLETED&quot;...
<br/> -------------------------------Captured log call-------------------------------- <br/>INFO     test_operators:test_operators.py:98 code_id=ba36892a-e812-4455-9202-d915f175b9a5
INFO     app_lib.common_lib:common_lib.py:67 Waiting for max 90 seconds for status &quot;COMPLETED&quot;...<br/></div></td></tr></tbody>
      <tbody class="passed results-table-row">
        <tr>
          <td class="col-result">Passed</td>
          <td class="col-name">tests/test_operators.py::TestOperators::test_bitwise_submit_code_and_check_complete_status[0 XOR 0-code8-200-0]</td>
          <td>Verify bitwise operator - 0 XOR 0</td>
          <td class="col-duration">0.03</td>
          <td class="col-links"></td></tr>
        <tr>
          <td class="extra" colspan="5">
            <div class="log">[gw1] darwin -- Python 3.8.7 /Users/rohit.tupe/PycharmProjects/groovy-code-executor/venv/bin/python3<br/>[gw1] darwin -- Python 3.8.7 /Users/rohit.tupe/PycharmProjects/groovy-code-executor/venv/bin/python3[gw1] darwin -- Python 3.8.7 /Users/rohit.tupe/PycharmProjects/groovy-code-executor/venv/bin/python3[gw1] darwin -- Python 3.8.7 /Users/rohit.tupe/PycharmProjects/groovy-code-executor/venv/bin/python3<br/> ------------------------------Captured stdout call------------------------------ <br/>submit_url=http://localhost:8080/groovy/submit
<br/> ------------------------------Captured stderr call------------------------------ <br/>INFO:test_operators:code_id=bbe69b0f-c0cc-4fb9-b596-cc7b65485b4b
INFO:app_lib.common_lib:Waiting for max 90 seconds for status &quot;COMPLETED&quot;...
<br/> -------------------------------Captured log call-------------------------------- <br/>INFO     test_operators:test_operators.py:98 code_id=bbe69b0f-c0cc-4fb9-b596-cc7b65485b4b
INFO     app_lib.common_lib:common_lib.py:67 Waiting for max 90 seconds for status &quot;COMPLETED&quot;...<br/></div></td></tr></tbody>
      <tbody class="passed results-table-row">
        <tr>
          <td class="col-result">Passed</td>
          <td class="col-name">tests/test_operators.py::TestOperators::test_bitwise_submit_code_and_check_complete_status[0 XOR 1-code9-200-1]</td>
          <td>Verify bitwise operator - 0 XOR 1</td>
          <td class="col-duration">0.03</td>
          <td class="col-links"></td></tr>
        <tr>
          <td class="extra" colspan="5">
            <div class="log">[gw1] darwin -- Python 3.8.7 /Users/rohit.tupe/PycharmProjects/groovy-code-executor/venv/bin/python3<br/>[gw1] darwin -- Python 3.8.7 /Users/rohit.tupe/PycharmProjects/groovy-code-executor/venv/bin/python3[gw1] darwin -- Python 3.8.7 /Users/rohit.tupe/PycharmProjects/groovy-code-executor/venv/bin/python3[gw1] darwin -- Python 3.8.7 /Users/rohit.tupe/PycharmProjects/groovy-code-executor/venv/bin/python3<br/> ------------------------------Captured stdout call------------------------------ <br/>submit_url=http://localhost:8080/groovy/submit
<br/> ------------------------------Captured stderr call------------------------------ <br/>INFO:test_operators:code_id=f43efd98-31fe-4841-9f4b-25d3d2be3d3e
INFO:app_lib.common_lib:Waiting for max 90 seconds for status &quot;COMPLETED&quot;...
<br/> -------------------------------Captured log call-------------------------------- <br/>INFO     test_operators:test_operators.py:98 code_id=f43efd98-31fe-4841-9f4b-25d3d2be3d3e
INFO     app_lib.common_lib:common_lib.py:67 Waiting for max 90 seconds for status &quot;COMPLETED&quot;...<br/></div></td></tr></tbody>
      <tbody class="passed results-table-row">
        <tr>
          <td class="col-result">Passed</td>
          <td class="col-name">tests/test_operators.py::TestOperators::test_bitwise_submit_code_and_check_complete_status[1 XOR 0-code10-200-1]</td>
          <td>Verify bitwise operator - 1 XOR 0</td>
          <td class="col-duration">0.04</td>
          <td class="col-links"></td></tr>
        <tr>
          <td class="extra" colspan="5">
            <div class="log">[gw1] darwin -- Python 3.8.7 /Users/rohit.tupe/PycharmProjects/groovy-code-executor/venv/bin/python3<br/>[gw1] darwin -- Python 3.8.7 /Users/rohit.tupe/PycharmProjects/groovy-code-executor/venv/bin/python3[gw1] darwin -- Python 3.8.7 /Users/rohit.tupe/PycharmProjects/groovy-code-executor/venv/bin/python3[gw1] darwin -- Python 3.8.7 /Users/rohit.tupe/PycharmProjects/groovy-code-executor/venv/bin/python3<br/> ------------------------------Captured stdout call------------------------------ <br/>submit_url=http://localhost:8080/groovy/submit
<br/> ------------------------------Captured stderr call------------------------------ <br/>INFO:test_operators:code_id=71d1e85b-a686-4ff1-97a1-22061f6e97ca
INFO:app_lib.common_lib:Waiting for max 90 seconds for status &quot;COMPLETED&quot;...
<br/> -------------------------------Captured log call-------------------------------- <br/>INFO     test_operators:test_operators.py:98 code_id=71d1e85b-a686-4ff1-97a1-22061f6e97ca
INFO     app_lib.common_lib:common_lib.py:67 Waiting for max 90 seconds for status &quot;COMPLETED&quot;...<br/></div></td></tr></tbody>
      <tbody class="passed results-table-row">
        <tr>
          <td class="col-result">Passed</td>
          <td class="col-name">tests/test_operators.py::TestOperators::test_bitwise_submit_code_and_check_complete_status[1 XOR 1-code11-200-0]</td>
          <td>Verify bitwise operator - 1 XOR 1</td>
          <td class="col-duration">0.04</td>
          <td class="col-links"></td></tr>
        <tr>
          <td class="extra" colspan="5">
            <div class="log">[gw1] darwin -- Python 3.8.7 /Users/rohit.tupe/PycharmProjects/groovy-code-executor/venv/bin/python3<br/>[gw1] darwin -- Python 3.8.7 /Users/rohit.tupe/PycharmProjects/groovy-code-executor/venv/bin/python3[gw1] darwin -- Python 3.8.7 /Users/rohit.tupe/PycharmProjects/groovy-code-executor/venv/bin/python3[gw1] darwin -- Python 3.8.7 /Users/rohit.tupe/PycharmProjects/groovy-code-executor/venv/bin/python3<br/> ------------------------------Captured stdout call------------------------------ <br/>submit_url=http://localhost:8080/groovy/submit
<br/> ------------------------------Captured stderr call------------------------------ <br/>INFO:test_operators:code_id=97e8b1d4-ed0b-433b-9339-4eec47474003
INFO:app_lib.common_lib:Waiting for max 90 seconds for status &quot;COMPLETED&quot;...
<br/> -------------------------------Captured log call-------------------------------- <br/>INFO     test_operators:test_operators.py:98 code_id=97e8b1d4-ed0b-433b-9339-4eec47474003
INFO     app_lib.common_lib:common_lib.py:67 Waiting for max 90 seconds for status &quot;COMPLETED&quot;...<br/></div></td></tr></tbody>
      <tbody class="passed results-table-row">
        <tr>
          <td class="col-result">Passed</td>
          <td class="col-name">tests/test_operators.py::TestOperators::test_bitwise_submit_code_and_check_complete_status[Negation Negative Number-code12-200-1]</td>
          <td>Verify bitwise operator - Negation Negative Number</td>
          <td class="col-duration">0.03</td>
          <td class="col-links"></td></tr>
        <tr>
          <td class="extra" colspan="5">
            <div class="log">[gw1] darwin -- Python 3.8.7 /Users/rohit.tupe/PycharmProjects/groovy-code-executor/venv/bin/python3<br/>[gw1] darwin -- Python 3.8.7 /Users/rohit.tupe/PycharmProjects/groovy-code-executor/venv/bin/python3[gw1] darwin -- Python 3.8.7 /Users/rohit.tupe/PycharmProjects/groovy-code-executor/venv/bin/python3[gw1] darwin -- Python 3.8.7 /Users/rohit.tupe/PycharmProjects/groovy-code-executor/venv/bin/python3<br/> ------------------------------Captured stdout call------------------------------ <br/>submit_url=http://localhost:8080/groovy/submit
<br/> ------------------------------Captured stderr call------------------------------ <br/>INFO:test_operators:code_id=d6f3c777-4bf6-4f22-a6cb-3d8c230e434d
INFO:app_lib.common_lib:Waiting for max 90 seconds for status &quot;COMPLETED&quot;...
<br/> -------------------------------Captured log call-------------------------------- <br/>INFO     test_operators:test_operators.py:98 code_id=d6f3c777-4bf6-4f22-a6cb-3d8c230e434d
INFO     app_lib.common_lib:common_lib.py:67 Waiting for max 90 seconds for status &quot;COMPLETED&quot;...<br/></div></td></tr></tbody>
      <tbody class="passed results-table-row">
        <tr>
          <td class="col-result">Passed</td>
          <td class="col-name">tests/test_operators.py::TestOperators::test_bitwise_submit_code_and_check_complete_status[Negation Positive Number-code13-200--3]</td>
          <td>Verify bitwise operator - Negation Positive Number</td>
          <td class="col-duration">0.05</td>
          <td class="col-links"></td></tr>
        <tr>
          <td class="extra" colspan="5">
            <div class="log">[gw1] darwin -- Python 3.8.7 /Users/rohit.tupe/PycharmProjects/groovy-code-executor/venv/bin/python3<br/>[gw1] darwin -- Python 3.8.7 /Users/rohit.tupe/PycharmProjects/groovy-code-executor/venv/bin/python3[gw1] darwin -- Python 3.8.7 /Users/rohit.tupe/PycharmProjects/groovy-code-executor/venv/bin/python3[gw1] darwin -- Python 3.8.7 /Users/rohit.tupe/PycharmProjects/groovy-code-executor/venv/bin/python3<br/> ------------------------------Captured stdout call------------------------------ <br/>submit_url=http://localhost:8080/groovy/submit
<br/> ------------------------------Captured stderr call------------------------------ <br/>INFO:test_operators:code_id=5b79d8fc-4e19-4910-b2b6-1717fa2cdf0c
INFO:app_lib.common_lib:Waiting for max 90 seconds for status &quot;COMPLETED&quot;...
<br/> -------------------------------Captured log call-------------------------------- <br/>INFO     test_operators:test_operators.py:98 code_id=5b79d8fc-4e19-4910-b2b6-1717fa2cdf0c
INFO     app_lib.common_lib:common_lib.py:67 Waiting for max 90 seconds for status &quot;COMPLETED&quot;...<br/></div></td></tr></tbody>
      <tbody class="passed results-table-row">
        <tr>
          <td class="col-result">Passed</td>
          <td class="col-name">tests/test_operators.py::TestOperators::test_relational_submit_code_and_check_complete_status[Equal - true-code0-200-true]</td>
          <td>Verify relational operator - Equal - true</td>
          <td class="col-duration">0.03</td>
          <td class="col-links"></td></tr>
        <tr>
          <td class="extra" colspan="5">
            <div class="log">[gw1] darwin -- Python 3.8.7 /Users/rohit.tupe/PycharmProjects/groovy-code-executor/venv/bin/python3<br/>[gw1] darwin -- Python 3.8.7 /Users/rohit.tupe/PycharmProjects/groovy-code-executor/venv/bin/python3[gw1] darwin -- Python 3.8.7 /Users/rohit.tupe/PycharmProjects/groovy-code-executor/venv/bin/python3[gw1] darwin -- Python 3.8.7 /Users/rohit.tupe/PycharmProjects/groovy-code-executor/venv/bin/python3<br/> ------------------------------Captured stdout call------------------------------ <br/>submit_url=http://localhost:8080/groovy/submit
<br/> ------------------------------Captured stderr call------------------------------ <br/>INFO:test_operators:code_id=7482f8a0-f457-4a2f-af36-97ee20fa8998
INFO:app_lib.common_lib:Waiting for max 90 seconds for status &quot;COMPLETED&quot;...
<br/> -------------------------------Captured log call-------------------------------- <br/>INFO     test_operators:test_operators.py:129 code_id=7482f8a0-f457-4a2f-af36-97ee20fa8998
INFO     app_lib.common_lib:common_lib.py:67 Waiting for max 90 seconds for status &quot;COMPLETED&quot;...<br/></div></td></tr></tbody>
      <tbody class="passed results-table-row">
        <tr>
          <td class="col-result">Passed</td>
          <td class="col-name">tests/test_operators.py::TestOperators::test_relational_submit_code_and_check_complete_status[Equal - false-code1-200-false]</td>
          <td>Verify relational operator - Equal - false</td>
          <td class="col-duration">0.03</td>
          <td class="col-links"></td></tr>
        <tr>
          <td class="extra" colspan="5">
            <div class="log">[gw1] darwin -- Python 3.8.7 /Users/rohit.tupe/PycharmProjects/groovy-code-executor/venv/bin/python3<br/>[gw1] darwin -- Python 3.8.7 /Users/rohit.tupe/PycharmProjects/groovy-code-executor/venv/bin/python3[gw1] darwin -- Python 3.8.7 /Users/rohit.tupe/PycharmProjects/groovy-code-executor/venv/bin/python3[gw1] darwin -- Python 3.8.7 /Users/rohit.tupe/PycharmProjects/groovy-code-executor/venv/bin/python3<br/> ------------------------------Captured stdout call------------------------------ <br/>submit_url=http://localhost:8080/groovy/submit
<br/> ------------------------------Captured stderr call------------------------------ <br/>INFO:test_operators:code_id=ebac5f83-3a42-4d3b-938a-73e0e03a97f6
INFO:app_lib.common_lib:Waiting for max 90 seconds for status &quot;COMPLETED&quot;...
<br/> -------------------------------Captured log call-------------------------------- <br/>INFO     test_operators:test_operators.py:129 code_id=ebac5f83-3a42-4d3b-938a-73e0e03a97f6
INFO     app_lib.common_lib:common_lib.py:67 Waiting for max 90 seconds for status &quot;COMPLETED&quot;...<br/></div></td></tr></tbody>
      <tbody class="passed results-table-row">
        <tr>
          <td class="col-result">Passed</td>
          <td class="col-name">tests/test_operators.py::TestOperators::test_relational_submit_code_and_check_complete_status[Not Equal - true-code2-200-true]</td>
          <td>Verify relational operator - Not Equal - true</td>
          <td class="col-duration">0.04</td>
          <td class="col-links"></td></tr>
        <tr>
          <td class="extra" colspan="5">
            <div class="log">[gw1] darwin -- Python 3.8.7 /Users/rohit.tupe/PycharmProjects/groovy-code-executor/venv/bin/python3<br/>[gw1] darwin -- Python 3.8.7 /Users/rohit.tupe/PycharmProjects/groovy-code-executor/venv/bin/python3[gw1] darwin -- Python 3.8.7 /Users/rohit.tupe/PycharmProjects/groovy-code-executor/venv/bin/python3[gw1] darwin -- Python 3.8.7 /Users/rohit.tupe/PycharmProjects/groovy-code-executor/venv/bin/python3<br/> ------------------------------Captured stdout call------------------------------ <br/>submit_url=http://localhost:8080/groovy/submit
<br/> ------------------------------Captured stderr call------------------------------ <br/>INFO:test_operators:code_id=0b17ad50-9dff-4d2c-81a3-ddb504a1a315
INFO:app_lib.common_lib:Waiting for max 90 seconds for status &quot;COMPLETED&quot;...
<br/> -------------------------------Captured log call-------------------------------- <br/>INFO     test_operators:test_operators.py:129 code_id=0b17ad50-9dff-4d2c-81a3-ddb504a1a315
INFO     app_lib.common_lib:common_lib.py:67 Waiting for max 90 seconds for status &quot;COMPLETED&quot;...<br/></div></td></tr></tbody>
      <tbody class="passed results-table-row">
        <tr>
          <td class="col-result">Passed</td>
          <td class="col-name">tests/test_operators.py::TestOperators::test_relational_submit_code_and_check_complete_status[Not Equal - false-code3-200-false]</td>
          <td>Verify relational operator - Not Equal - false</td>
          <td class="col-duration">0.04</td>
          <td class="col-links"></td></tr>
        <tr>
          <td class="extra" colspan="5">
            <div class="log">[gw1] darwin -- Python 3.8.7 /Users/rohit.tupe/PycharmProjects/groovy-code-executor/venv/bin/python3<br/>[gw1] darwin -- Python 3.8.7 /Users/rohit.tupe/PycharmProjects/groovy-code-executor/venv/bin/python3[gw1] darwin -- Python 3.8.7 /Users/rohit.tupe/PycharmProjects/groovy-code-executor/venv/bin/python3[gw1] darwin -- Python 3.8.7 /Users/rohit.tupe/PycharmProjects/groovy-code-executor/venv/bin/python3<br/> ------------------------------Captured stdout call------------------------------ <br/>submit_url=http://localhost:8080/groovy/submit
<br/> ------------------------------Captured stderr call------------------------------ <br/>INFO:test_operators:code_id=e4749a2d-b545-418a-86be-3a3dc690d405
INFO:app_lib.common_lib:Waiting for max 90 seconds for status &quot;COMPLETED&quot;...
<br/> -------------------------------Captured log call-------------------------------- <br/>INFO     test_operators:test_operators.py:129 code_id=e4749a2d-b545-418a-86be-3a3dc690d405
INFO     app_lib.common_lib:common_lib.py:67 Waiting for max 90 seconds for status &quot;COMPLETED&quot;...<br/></div></td></tr></tbody>
      <tbody class="passed results-table-row">
        <tr>
          <td class="col-result">Passed</td>
          <td class="col-name">tests/test_operators.py::TestOperators::test_relational_submit_code_and_check_complete_status[Less than or equal - true-code4-200-true]</td>
          <td>Verify relational operator - Less than or equal - true</td>
          <td class="col-duration">0.03</td>
          <td class="col-links"></td></tr>
        <tr>
          <td class="extra" colspan="5">
            <div class="log">[gw1] darwin -- Python 3.8.7 /Users/rohit.tupe/PycharmProjects/groovy-code-executor/venv/bin/python3<br/>[gw1] darwin -- Python 3.8.7 /Users/rohit.tupe/PycharmProjects/groovy-code-executor/venv/bin/python3[gw1] darwin -- Python 3.8.7 /Users/rohit.tupe/PycharmProjects/groovy-code-executor/venv/bin/python3[gw1] darwin -- Python 3.8.7 /Users/rohit.tupe/PycharmProjects/groovy-code-executor/venv/bin/python3<br/> ------------------------------Captured stdout call------------------------------ <br/>submit_url=http://localhost:8080/groovy/submit
<br/> ------------------------------Captured stderr call------------------------------ <br/>INFO:test_operators:code_id=d2a9136e-083a-4d63-9bf9-94348d52826e
INFO:app_lib.common_lib:Waiting for max 90 seconds for status &quot;COMPLETED&quot;...
<br/> -------------------------------Captured log call-------------------------------- <br/>INFO     test_operators:test_operators.py:129 code_id=d2a9136e-083a-4d63-9bf9-94348d52826e
INFO     app_lib.common_lib:common_lib.py:67 Waiting for max 90 seconds for status &quot;COMPLETED&quot;...<br/></div></td></tr></tbody>
      <tbody class="passed results-table-row">
        <tr>
          <td class="col-result">Passed</td>
          <td class="col-name">tests/test_operators.py::TestOperators::test_relational_submit_code_and_check_complete_status[Less than or equal - false-code5-200-false]</td>
          <td>Verify relational operator - Less than or equal - false</td>
          <td class="col-duration">0.03</td>
          <td class="col-links"></td></tr>
        <tr>
          <td class="extra" colspan="5">
            <div class="log">[gw1] darwin -- Python 3.8.7 /Users/rohit.tupe/PycharmProjects/groovy-code-executor/venv/bin/python3<br/>[gw1] darwin -- Python 3.8.7 /Users/rohit.tupe/PycharmProjects/groovy-code-executor/venv/bin/python3[gw1] darwin -- Python 3.8.7 /Users/rohit.tupe/PycharmProjects/groovy-code-executor/venv/bin/python3[gw1] darwin -- Python 3.8.7 /Users/rohit.tupe/PycharmProjects/groovy-code-executor/venv/bin/python3<br/> ------------------------------Captured stdout call------------------------------ <br/>submit_url=http://localhost:8080/groovy/submit
<br/> ------------------------------Captured stderr call------------------------------ <br/>INFO:test_operators:code_id=c61e327d-5fb7-4f06-a175-be234aa7ee18
INFO:app_lib.common_lib:Waiting for max 90 seconds for status &quot;COMPLETED&quot;...
<br/> -------------------------------Captured log call-------------------------------- <br/>INFO     test_operators:test_operators.py:129 code_id=c61e327d-5fb7-4f06-a175-be234aa7ee18
INFO     app_lib.common_lib:common_lib.py:67 Waiting for max 90 seconds for status &quot;COMPLETED&quot;...<br/></div></td></tr></tbody>
      <tbody class="passed results-table-row">
        <tr>
          <td class="col-result">Passed</td>
          <td class="col-name">tests/test_operators.py::TestOperators::test_relational_submit_code_and_check_complete_status[Greater than or equal - true-code6-200-true]</td>
          <td>Verify relational operator - Greater than or equal - true</td>
          <td class="col-duration">0.03</td>
          <td class="col-links"></td></tr>
        <tr>
          <td class="extra" colspan="5">
            <div class="log">[gw1] darwin -- Python 3.8.7 /Users/rohit.tupe/PycharmProjects/groovy-code-executor/venv/bin/python3<br/>[gw1] darwin -- Python 3.8.7 /Users/rohit.tupe/PycharmProjects/groovy-code-executor/venv/bin/python3[gw1] darwin -- Python 3.8.7 /Users/rohit.tupe/PycharmProjects/groovy-code-executor/venv/bin/python3[gw1] darwin -- Python 3.8.7 /Users/rohit.tupe/PycharmProjects/groovy-code-executor/venv/bin/python3<br/> ------------------------------Captured stdout call------------------------------ <br/>submit_url=http://localhost:8080/groovy/submit
<br/> ------------------------------Captured stderr call------------------------------ <br/>INFO:test_operators:code_id=761c44b6-4c24-40a9-bd41-1d81a6146494
INFO:app_lib.common_lib:Waiting for max 90 seconds for status &quot;COMPLETED&quot;...
<br/> -------------------------------Captured log call-------------------------------- <br/>INFO     test_operators:test_operators.py:129 code_id=761c44b6-4c24-40a9-bd41-1d81a6146494
INFO     app_lib.common_lib:common_lib.py:67 Waiting for max 90 seconds for status &quot;COMPLETED&quot;...<br/></div></td></tr></tbody>
      <tbody class="passed results-table-row">
        <tr>
          <td class="col-result">Passed</td>
          <td class="col-name">tests/test_operators.py::TestOperators::test_relational_submit_code_and_check_complete_status[Greater than or equal - false-code7-200-false]</td>
          <td>Verify relational operator - Greater than or equal - false</td>
          <td class="col-duration">0.03</td>
          <td class="col-links"></td></tr>
        <tr>
          <td class="extra" colspan="5">
            <div class="log">[gw1] darwin -- Python 3.8.7 /Users/rohit.tupe/PycharmProjects/groovy-code-executor/venv/bin/python3<br/>[gw1] darwin -- Python 3.8.7 /Users/rohit.tupe/PycharmProjects/groovy-code-executor/venv/bin/python3[gw1] darwin -- Python 3.8.7 /Users/rohit.tupe/PycharmProjects/groovy-code-executor/venv/bin/python3[gw1] darwin -- Python 3.8.7 /Users/rohit.tupe/PycharmProjects/groovy-code-executor/venv/bin/python3<br/> ------------------------------Captured stdout call------------------------------ <br/>submit_url=http://localhost:8080/groovy/submit
<br/> ------------------------------Captured stderr call------------------------------ <br/>INFO:test_operators:code_id=75145ee9-c0cd-4d23-b2d3-9f3b502aae16
INFO:app_lib.common_lib:Waiting for max 90 seconds for status &quot;COMPLETED&quot;...
<br/> -------------------------------Captured log call-------------------------------- <br/>INFO     test_operators:test_operators.py:129 code_id=75145ee9-c0cd-4d23-b2d3-9f3b502aae16
INFO     app_lib.common_lib:common_lib.py:67 Waiting for max 90 seconds for status &quot;COMPLETED&quot;...<br/></div></td></tr></tbody>
      <tbody class="passed results-table-row">
        <tr>
          <td class="col-result">Passed</td>
          <td class="col-name">tests/test_operators.py::TestOperators::test_logical_submit_code_and_check_complete_status[false AND false-code0-200-false]</td>
          <td>Verify logical operator - false AND false</td>
          <td class="col-duration">0.03</td>
          <td class="col-links"></td></tr>
        <tr>
          <td class="extra" colspan="5">
            <div class="log">[gw1] darwin -- Python 3.8.7 /Users/rohit.tupe/PycharmProjects/groovy-code-executor/venv/bin/python3<br/>[gw1] darwin -- Python 3.8.7 /Users/rohit.tupe/PycharmProjects/groovy-code-executor/venv/bin/python3[gw1] darwin -- Python 3.8.7 /Users/rohit.tupe/PycharmProjects/groovy-code-executor/venv/bin/python3[gw1] darwin -- Python 3.8.7 /Users/rohit.tupe/PycharmProjects/groovy-code-executor/venv/bin/python3<br/> ------------------------------Captured stdout call------------------------------ <br/>submit_url=http://localhost:8080/groovy/submit
<br/> ------------------------------Captured stderr call------------------------------ <br/>INFO:test_operators:code_id=c65bd018-8a4c-4330-8ca6-6df144622c6b
INFO:app_lib.common_lib:Waiting for max 90 seconds for status &quot;COMPLETED&quot;...
<br/> -------------------------------Captured log call-------------------------------- <br/>INFO     test_operators:test_operators.py:162 code_id=c65bd018-8a4c-4330-8ca6-6df144622c6b
INFO     app_lib.common_lib:common_lib.py:67 Waiting for max 90 seconds for status &quot;COMPLETED&quot;...<br/></div></td></tr></tbody>
      <tbody class="passed results-table-row">
        <tr>
          <td class="col-result">Passed</td>
          <td class="col-name">tests/test_operators.py::TestOperators::test_logical_submit_code_and_check_complete_status[true AND false-code1-200-false]</td>
          <td>Verify logical operator - true AND false</td>
          <td class="col-duration">0.05</td>
          <td class="col-links"></td></tr>
        <tr>
          <td class="extra" colspan="5">
            <div class="log">[gw1] darwin -- Python 3.8.7 /Users/rohit.tupe/PycharmProjects/groovy-code-executor/venv/bin/python3<br/>[gw1] darwin -- Python 3.8.7 /Users/rohit.tupe/PycharmProjects/groovy-code-executor/venv/bin/python3[gw1] darwin -- Python 3.8.7 /Users/rohit.tupe/PycharmProjects/groovy-code-executor/venv/bin/python3[gw1] darwin -- Python 3.8.7 /Users/rohit.tupe/PycharmProjects/groovy-code-executor/venv/bin/python3<br/> ------------------------------Captured stdout call------------------------------ <br/>submit_url=http://localhost:8080/groovy/submit
<br/> ------------------------------Captured stderr call------------------------------ <br/>INFO:test_operators:code_id=626c2144-d744-4a16-a039-c0389e589e50
INFO:app_lib.common_lib:Waiting for max 90 seconds for status &quot;COMPLETED&quot;...
<br/> -------------------------------Captured log call-------------------------------- <br/>INFO     test_operators:test_operators.py:162 code_id=626c2144-d744-4a16-a039-c0389e589e50
INFO     app_lib.common_lib:common_lib.py:67 Waiting for max 90 seconds for status &quot;COMPLETED&quot;...<br/></div></td></tr></tbody>
      <tbody class="passed results-table-row">
        <tr>
          <td class="col-result">Passed</td>
          <td class="col-name">tests/test_defaults.py::TestDefaults::test_submit_invalid_code_and_check_failed_status[Verify class and a static method submission-code1-200-MissingMethodExceptionNoStack]</td>
          <td>Verify class and a static method submission</td>
          <td class="col-duration">0.06</td>
          <td class="col-links"></td></tr>
        <tr>
          <td class="extra" colspan="5">
            <div class="log">[gw0] darwin -- Python 3.8.7 /Users/rohit.tupe/PycharmProjects/groovy-code-executor/venv/bin/python3<br/>[gw0] darwin -- Python 3.8.7 /Users/rohit.tupe/PycharmProjects/groovy-code-executor/venv/bin/python3[gw0] darwin -- Python 3.8.7 /Users/rohit.tupe/PycharmProjects/groovy-code-executor/venv/bin/python3[gw0] darwin -- Python 3.8.7 /Users/rohit.tupe/PycharmProjects/groovy-code-executor/venv/bin/python3<br/> ------------------------------Captured stdout call------------------------------ <br/>submit_url=http://localhost:8080/groovy/submit
<br/> ------------------------------Captured stderr call------------------------------ <br/>INFO:test_defaults:code_id=57853198-2c5d-48bc-82ca-19d83a489a51
INFO:app_lib.common_lib:Waiting for max 60 seconds for status &quot;FAILED&quot;...
<br/> -------------------------------Captured log call-------------------------------- <br/>INFO     test_defaults:test_defaults.py:123 code_id=57853198-2c5d-48bc-82ca-19d83a489a51
INFO     app_lib.common_lib:common_lib.py:67 Waiting for max 60 seconds for status &quot;FAILED&quot;...<br/></div></td></tr></tbody>
      <tbody class="passed results-table-row">
        <tr>
          <td class="col-result">Passed</td>
          <td class="col-name">tests/test_operators.py::TestOperators::test_logical_submit_code_and_check_complete_status[false AND true-code2-200-false]</td>
          <td>Verify logical operator - false AND true</td>
          <td class="col-duration">0.05</td>
          <td class="col-links"></td></tr>
        <tr>
          <td class="extra" colspan="5">
            <div class="log">[gw1] darwin -- Python 3.8.7 /Users/rohit.tupe/PycharmProjects/groovy-code-executor/venv/bin/python3<br/>[gw1] darwin -- Python 3.8.7 /Users/rohit.tupe/PycharmProjects/groovy-code-executor/venv/bin/python3[gw1] darwin -- Python 3.8.7 /Users/rohit.tupe/PycharmProjects/groovy-code-executor/venv/bin/python3[gw1] darwin -- Python 3.8.7 /Users/rohit.tupe/PycharmProjects/groovy-code-executor/venv/bin/python3<br/> ------------------------------Captured stdout call------------------------------ <br/>submit_url=http://localhost:8080/groovy/submit
<br/> ------------------------------Captured stderr call------------------------------ <br/>INFO:test_operators:code_id=2ed4d845-90d0-4997-9d96-3bca7096ca5c
INFO:app_lib.common_lib:Waiting for max 90 seconds for status &quot;COMPLETED&quot;...
<br/> -------------------------------Captured log call-------------------------------- <br/>INFO     test_operators:test_operators.py:162 code_id=2ed4d845-90d0-4997-9d96-3bca7096ca5c
INFO     app_lib.common_lib:common_lib.py:67 Waiting for max 90 seconds for status &quot;COMPLETED&quot;...<br/></div></td></tr></tbody>
      <tbody class="passed results-table-row">
        <tr>
          <td class="col-result">Passed</td>
          <td class="col-name">tests/test_loops_and_condition.py::TestLoopsAndConditions::test_if_else_submit_code_and_check_complete_status[Verify if-else with continue statement-code0-200-1]</td>
          <td>Verify if-else with continue statement</td>
          <td class="col-duration">0.05</td>
          <td class="col-links"></td></tr>
        <tr>
          <td class="extra" colspan="5">
            <div class="log">[gw0] darwin -- Python 3.8.7 /Users/rohit.tupe/PycharmProjects/groovy-code-executor/venv/bin/python3<br/>[gw0] darwin -- Python 3.8.7 /Users/rohit.tupe/PycharmProjects/groovy-code-executor/venv/bin/python3[gw0] darwin -- Python 3.8.7 /Users/rohit.tupe/PycharmProjects/groovy-code-executor/venv/bin/python3[gw0] darwin -- Python 3.8.7 /Users/rohit.tupe/PycharmProjects/groovy-code-executor/venv/bin/python3<br/> ------------------------------Captured stdout call------------------------------ <br/>submit_url=http://localhost:8080/groovy/submit
<br/> ------------------------------Captured stderr call------------------------------ <br/>INFO:test_loops_and_condition:code_id=e3a7ba87-ca23-4c23-ba30-af7195e1eea3
INFO:app_lib.common_lib:Waiting for max 60 seconds for status &quot;COMPLETED&quot;...
<br/> -------------------------------Captured log call-------------------------------- <br/>INFO     test_loops_and_condition:test_loops_and_condition.py:75 code_id=e3a7ba87-ca23-4c23-ba30-af7195e1eea3
INFO     app_lib.common_lib:common_lib.py:67 Waiting for max 60 seconds for status &quot;COMPLETED&quot;...<br/></div></td></tr></tbody>
      <tbody class="passed results-table-row">
        <tr>
          <td class="col-result">Passed</td>
          <td class="col-name">tests/test_operators.py::TestOperators::test_logical_submit_code_and_check_complete_status[true AND true-code3-200-true]</td>
          <td>Verify logical operator - true AND true</td>
          <td class="col-duration">0.06</td>
          <td class="col-links"></td></tr>
        <tr>
          <td class="extra" colspan="5">
            <div class="log">[gw1] darwin -- Python 3.8.7 /Users/rohit.tupe/PycharmProjects/groovy-code-executor/venv/bin/python3<br/>[gw1] darwin -- Python 3.8.7 /Users/rohit.tupe/PycharmProjects/groovy-code-executor/venv/bin/python3[gw1] darwin -- Python 3.8.7 /Users/rohit.tupe/PycharmProjects/groovy-code-executor/venv/bin/python3[gw1] darwin -- Python 3.8.7 /Users/rohit.tupe/PycharmProjects/groovy-code-executor/venv/bin/python3<br/> ------------------------------Captured stdout call------------------------------ <br/>submit_url=http://localhost:8080/groovy/submit
<br/> ------------------------------Captured stderr call------------------------------ <br/>INFO:test_operators:code_id=257e8ccd-59fc-4944-b24a-8241851a13f8
INFO:app_lib.common_lib:Waiting for max 90 seconds for status &quot;COMPLETED&quot;...
<br/> -------------------------------Captured log call-------------------------------- <br/>INFO     test_operators:test_operators.py:162 code_id=257e8ccd-59fc-4944-b24a-8241851a13f8
INFO     app_lib.common_lib:common_lib.py:67 Waiting for max 90 seconds for status &quot;COMPLETED&quot;...<br/></div></td></tr></tbody>
      <tbody class="passed results-table-row">
        <tr>
          <td class="col-result">Passed</td>
          <td class="col-name">tests/test_loops_and_condition.py::TestLoopsAndConditions::test_if_else_submit_code_and_check_complete_status[Verify if-else with return statement-code1-200-hello world]</td>
          <td>Verify if-else with return statement</td>
          <td class="col-duration">0.05</td>
          <td class="col-links"></td></tr>
        <tr>
          <td class="extra" colspan="5">
            <div class="log">[gw0] darwin -- Python 3.8.7 /Users/rohit.tupe/PycharmProjects/groovy-code-executor/venv/bin/python3<br/>[gw0] darwin -- Python 3.8.7 /Users/rohit.tupe/PycharmProjects/groovy-code-executor/venv/bin/python3[gw0] darwin -- Python 3.8.7 /Users/rohit.tupe/PycharmProjects/groovy-code-executor/venv/bin/python3[gw0] darwin -- Python 3.8.7 /Users/rohit.tupe/PycharmProjects/groovy-code-executor/venv/bin/python3<br/> ------------------------------Captured stdout call------------------------------ <br/>submit_url=http://localhost:8080/groovy/submit
<br/> ------------------------------Captured stderr call------------------------------ <br/>INFO:test_loops_and_condition:code_id=3db4b0e1-6847-4cc6-9ed4-39c0ceed2b62
INFO:app_lib.common_lib:Waiting for max 60 seconds for status &quot;COMPLETED&quot;...
<br/> -------------------------------Captured log call-------------------------------- <br/>INFO     test_loops_and_condition:test_loops_and_condition.py:75 code_id=3db4b0e1-6847-4cc6-9ed4-39c0ceed2b62
INFO     app_lib.common_lib:common_lib.py:67 Waiting for max 60 seconds for status &quot;COMPLETED&quot;...<br/></div></td></tr></tbody>
      <tbody class="passed results-table-row">
        <tr>
          <td class="col-result">Passed</td>
          <td class="col-name">tests/test_operators.py::TestOperators::test_logical_submit_code_and_check_complete_status[false OR false-code4-200-false]</td>
          <td>Verify logical operator - false OR false</td>
          <td class="col-duration">0.04</td>
          <td class="col-links"></td></tr>
        <tr>
          <td class="extra" colspan="5">
            <div class="log">[gw1] darwin -- Python 3.8.7 /Users/rohit.tupe/PycharmProjects/groovy-code-executor/venv/bin/python3<br/>[gw1] darwin -- Python 3.8.7 /Users/rohit.tupe/PycharmProjects/groovy-code-executor/venv/bin/python3[gw1] darwin -- Python 3.8.7 /Users/rohit.tupe/PycharmProjects/groovy-code-executor/venv/bin/python3[gw1] darwin -- Python 3.8.7 /Users/rohit.tupe/PycharmProjects/groovy-code-executor/venv/bin/python3<br/> ------------------------------Captured stdout call------------------------------ <br/>submit_url=http://localhost:8080/groovy/submit
<br/> ------------------------------Captured stderr call------------------------------ <br/>INFO:test_operators:code_id=3a8180e4-b666-434c-8b6e-34a5c2234093
INFO:app_lib.common_lib:Waiting for max 90 seconds for status &quot;COMPLETED&quot;...
<br/> -------------------------------Captured log call-------------------------------- <br/>INFO     test_operators:test_operators.py:162 code_id=3a8180e4-b666-434c-8b6e-34a5c2234093
INFO     app_lib.common_lib:common_lib.py:67 Waiting for max 90 seconds for status &quot;COMPLETED&quot;...<br/></div></td></tr></tbody>
      <tbody class="passed results-table-row">
        <tr>
          <td class="col-result">Passed</td>
          <td class="col-name">tests/test_loops_and_condition.py::TestLoopsAndConditions::test_switch_case_submit_code_and_check_complete_status[Verify switch case statement-code0-200-3]</td>
          <td>Verify switch case statement</td>
          <td class="col-duration">0.06</td>
          <td class="col-links"></td></tr>
        <tr>
          <td class="extra" colspan="5">
            <div class="log">[gw0] darwin -- Python 3.8.7 /Users/rohit.tupe/PycharmProjects/groovy-code-executor/venv/bin/python3<br/>[gw0] darwin -- Python 3.8.7 /Users/rohit.tupe/PycharmProjects/groovy-code-executor/venv/bin/python3[gw0] darwin -- Python 3.8.7 /Users/rohit.tupe/PycharmProjects/groovy-code-executor/venv/bin/python3[gw0] darwin -- Python 3.8.7 /Users/rohit.tupe/PycharmProjects/groovy-code-executor/venv/bin/python3<br/> ------------------------------Captured stdout call------------------------------ <br/>submit_url=http://localhost:8080/groovy/submit
<br/> ------------------------------Captured stderr call------------------------------ <br/>INFO:test_loops_and_condition:code_id=5064e005-6450-42e8-9d8a-4038afb4f0ce
INFO:app_lib.common_lib:Waiting for max 60 seconds for status &quot;COMPLETED&quot;...
<br/> -------------------------------Captured log call-------------------------------- <br/>INFO     test_loops_and_condition:test_loops_and_condition.py:98 code_id=5064e005-6450-42e8-9d8a-4038afb4f0ce
INFO     app_lib.common_lib:common_lib.py:67 Waiting for max 60 seconds for status &quot;COMPLETED&quot;...<br/></div></td></tr></tbody>
      <tbody class="passed results-table-row">
        <tr>
          <td class="col-result">Passed</td>
          <td class="col-name">tests/test_operators.py::TestOperators::test_logical_submit_code_and_check_complete_status[true OR false-code5-200-true]</td>
          <td>Verify logical operator - true OR false</td>
          <td class="col-duration">0.05</td>
          <td class="col-links"></td></tr>
        <tr>
          <td class="extra" colspan="5">
            <div class="log">[gw1] darwin -- Python 3.8.7 /Users/rohit.tupe/PycharmProjects/groovy-code-executor/venv/bin/python3<br/>[gw1] darwin -- Python 3.8.7 /Users/rohit.tupe/PycharmProjects/groovy-code-executor/venv/bin/python3[gw1] darwin -- Python 3.8.7 /Users/rohit.tupe/PycharmProjects/groovy-code-executor/venv/bin/python3[gw1] darwin -- Python 3.8.7 /Users/rohit.tupe/PycharmProjects/groovy-code-executor/venv/bin/python3<br/> ------------------------------Captured stdout call------------------------------ <br/>submit_url=http://localhost:8080/groovy/submit
<br/> ------------------------------Captured stderr call------------------------------ <br/>INFO:test_operators:code_id=ed67d33c-86dd-49f8-a527-2a3041762fcb
INFO:app_lib.common_lib:Waiting for max 90 seconds for status &quot;COMPLETED&quot;...
<br/> -------------------------------Captured log call-------------------------------- <br/>INFO     test_operators:test_operators.py:162 code_id=ed67d33c-86dd-49f8-a527-2a3041762fcb
INFO     app_lib.common_lib:common_lib.py:67 Waiting for max 90 seconds for status &quot;COMPLETED&quot;...<br/></div></td></tr></tbody>
      <tbody class="passed results-table-row">
        <tr>
          <td class="col-result">Passed</td>
          <td class="col-name">tests/test_operators.py::TestOperators::test_arithmetic_submit_code_and_check_complete_status[Addition-code0-200-4]</td>
          <td>Verify arithmetic operator - Addition</td>
          <td class="col-duration">0.06</td>
          <td class="col-links"></td></tr>
        <tr>
          <td class="extra" colspan="5">
            <div class="log">[gw0] darwin -- Python 3.8.7 /Users/rohit.tupe/PycharmProjects/groovy-code-executor/venv/bin/python3<br/>[gw0] darwin -- Python 3.8.7 /Users/rohit.tupe/PycharmProjects/groovy-code-executor/venv/bin/python3[gw0] darwin -- Python 3.8.7 /Users/rohit.tupe/PycharmProjects/groovy-code-executor/venv/bin/python3[gw0] darwin -- Python 3.8.7 /Users/rohit.tupe/PycharmProjects/groovy-code-executor/venv/bin/python3<br/> ------------------------------Captured stdout call------------------------------ <br/>submit_url=http://localhost:8080/groovy/submit
<br/> ------------------------------Captured stderr call------------------------------ <br/>INFO:test_operators:code_id=8ca542a6-40c7-4977-a717-0e22fa00fafb
INFO:test_operators:Initial get request output: {&#x27;id&#x27;: &#x27;8ca542a6-40c7-4977-a717-0e22fa00fafb&#x27;, &#x27;status&#x27;: &#x27;IN_PROGRESS&#x27;, &#x27;result&#x27;: None}
INFO:app_lib.common_lib:Waiting for max 90 seconds for status &quot;COMPLETED&quot;...
<br/> -------------------------------Captured log call-------------------------------- <br/>INFO     test_operators:test_operators.py:33 code_id=8ca542a6-40c7-4977-a717-0e22fa00fafb
INFO     test_operators:test_operators.py:37 Initial get request output: {&#x27;id&#x27;: &#x27;8ca542a6-40c7-4977-a717-0e22fa00fafb&#x27;, &#x27;status&#x27;: &#x27;IN_PROGRESS&#x27;, &#x27;result&#x27;: None}
INFO     app_lib.common_lib:common_lib.py:67 Waiting for max 90 seconds for status &quot;COMPLETED&quot;...<br/></div></td></tr></tbody>
      <tbody class="passed results-table-row">
        <tr>
          <td class="col-result">Passed</td>
          <td class="col-name">tests/test_operators.py::TestOperators::test_logical_submit_code_and_check_complete_status[false OR true-code6-200-true]</td>
          <td>Verify logical operator - false OR true</td>
          <td class="col-duration">0.09</td>
          <td class="col-links"></td></tr>
        <tr>
          <td class="extra" colspan="5">
            <div class="log">[gw1] darwin -- Python 3.8.7 /Users/rohit.tupe/PycharmProjects/groovy-code-executor/venv/bin/python3<br/>[gw1] darwin -- Python 3.8.7 /Users/rohit.tupe/PycharmProjects/groovy-code-executor/venv/bin/python3[gw1] darwin -- Python 3.8.7 /Users/rohit.tupe/PycharmProjects/groovy-code-executor/venv/bin/python3[gw1] darwin -- Python 3.8.7 /Users/rohit.tupe/PycharmProjects/groovy-code-executor/venv/bin/python3<br/> ------------------------------Captured stdout call------------------------------ <br/>submit_url=http://localhost:8080/groovy/submit
<br/> ------------------------------Captured stderr call------------------------------ <br/>INFO:test_operators:code_id=03b5d7ab-1fbd-40b8-9c45-fcc2f524859d
INFO:app_lib.common_lib:Waiting for max 90 seconds for status &quot;COMPLETED&quot;...
<br/> -------------------------------Captured log call-------------------------------- <br/>INFO     test_operators:test_operators.py:162 code_id=03b5d7ab-1fbd-40b8-9c45-fcc2f524859d
INFO     app_lib.common_lib:common_lib.py:67 Waiting for max 90 seconds for status &quot;COMPLETED&quot;...<br/></div></td></tr></tbody>
      <tbody class="passed results-table-row">
        <tr>
          <td class="col-result">Passed</td>
          <td class="col-name">tests/test_operators.py::TestOperators::test_arithmetic_submit_code_and_check_complete_status[Subtraction-code1-200-1]</td>
          <td>Verify arithmetic operator - Subtraction</td>
          <td class="col-duration">0.08</td>
          <td class="col-links"></td></tr>
        <tr>
          <td class="extra" colspan="5">
            <div class="log">[gw0] darwin -- Python 3.8.7 /Users/rohit.tupe/PycharmProjects/groovy-code-executor/venv/bin/python3<br/>[gw0] darwin -- Python 3.8.7 /Users/rohit.tupe/PycharmProjects/groovy-code-executor/venv/bin/python3[gw0] darwin -- Python 3.8.7 /Users/rohit.tupe/PycharmProjects/groovy-code-executor/venv/bin/python3[gw0] darwin -- Python 3.8.7 /Users/rohit.tupe/PycharmProjects/groovy-code-executor/venv/bin/python3<br/> ------------------------------Captured stdout call------------------------------ <br/>submit_url=http://localhost:8080/groovy/submit
<br/> ------------------------------Captured stderr call------------------------------ <br/>INFO:test_operators:code_id=e9200e23-9149-40fe-ac99-466eb0c9ba08
INFO:test_operators:Initial get request output: {&#x27;id&#x27;: &#x27;e9200e23-9149-40fe-ac99-466eb0c9ba08&#x27;, &#x27;status&#x27;: &#x27;IN_PROGRESS&#x27;, &#x27;result&#x27;: None}
INFO:app_lib.common_lib:Waiting for max 90 seconds for status &quot;COMPLETED&quot;...
<br/> -------------------------------Captured log call-------------------------------- <br/>INFO     test_operators:test_operators.py:33 code_id=e9200e23-9149-40fe-ac99-466eb0c9ba08
INFO     test_operators:test_operators.py:37 Initial get request output: {&#x27;id&#x27;: &#x27;e9200e23-9149-40fe-ac99-466eb0c9ba08&#x27;, &#x27;status&#x27;: &#x27;IN_PROGRESS&#x27;, &#x27;result&#x27;: None}
INFO     app_lib.common_lib:common_lib.py:67 Waiting for max 90 seconds for status &quot;COMPLETED&quot;...<br/></div></td></tr></tbody>
      <tbody class="passed results-table-row">
        <tr>
          <td class="col-result">Passed</td>
          <td class="col-name">tests/test_operators.py::TestOperators::test_logical_submit_code_and_check_complete_status[true OR true-code7-200-true]</td>
          <td>Verify logical operator - true OR true</td>
          <td class="col-duration">0.03</td>
          <td class="col-links"></td></tr>
        <tr>
          <td class="extra" colspan="5">
            <div class="log">[gw1] darwin -- Python 3.8.7 /Users/rohit.tupe/PycharmProjects/groovy-code-executor/venv/bin/python3<br/>[gw1] darwin -- Python 3.8.7 /Users/rohit.tupe/PycharmProjects/groovy-code-executor/venv/bin/python3[gw1] darwin -- Python 3.8.7 /Users/rohit.tupe/PycharmProjects/groovy-code-executor/venv/bin/python3[gw1] darwin -- Python 3.8.7 /Users/rohit.tupe/PycharmProjects/groovy-code-executor/venv/bin/python3<br/> ------------------------------Captured stdout call------------------------------ <br/>submit_url=http://localhost:8080/groovy/submit
<br/> ------------------------------Captured stderr call------------------------------ <br/>INFO:test_operators:code_id=e5ab1017-ad85-4252-9adf-72848b76849f
INFO:app_lib.common_lib:Waiting for max 90 seconds for status &quot;COMPLETED&quot;...
<br/> -------------------------------Captured log call-------------------------------- <br/>INFO     test_operators:test_operators.py:162 code_id=e5ab1017-ad85-4252-9adf-72848b76849f
INFO     app_lib.common_lib:common_lib.py:67 Waiting for max 90 seconds for status &quot;COMPLETED&quot;...<br/></div></td></tr></tbody>
      <tbody class="passed results-table-row">
        <tr>
          <td class="col-result">Passed</td>
          <td class="col-name">tests/test_operators.py::TestOperators::test_arithmetic_submit_code_and_check_complete_status[Multiplication-code2-200-3]</td>
          <td>Verify arithmetic operator - Multiplication</td>
          <td class="col-duration">0.04</td>
          <td class="col-links"></td></tr>
        <tr>
          <td class="extra" colspan="5">
            <div class="log">[gw0] darwin -- Python 3.8.7 /Users/rohit.tupe/PycharmProjects/groovy-code-executor/venv/bin/python3<br/>[gw0] darwin -- Python 3.8.7 /Users/rohit.tupe/PycharmProjects/groovy-code-executor/venv/bin/python3[gw0] darwin -- Python 3.8.7 /Users/rohit.tupe/PycharmProjects/groovy-code-executor/venv/bin/python3[gw0] darwin -- Python 3.8.7 /Users/rohit.tupe/PycharmProjects/groovy-code-executor/venv/bin/python3<br/> ------------------------------Captured stdout call------------------------------ <br/>submit_url=http://localhost:8080/groovy/submit
<br/> ------------------------------Captured stderr call------------------------------ <br/>INFO:test_operators:code_id=85a11f9a-a427-4fc5-b5e5-10a0c58a09b6
INFO:test_operators:Initial get request output: {&#x27;id&#x27;: &#x27;85a11f9a-a427-4fc5-b5e5-10a0c58a09b6&#x27;, &#x27;status&#x27;: &#x27;COMPLETED&#x27;, &#x27;result&#x27;: &#x27;3&#x27;}
INFO:app_lib.common_lib:Waiting for max 90 seconds for status &quot;COMPLETED&quot;...
<br/> -------------------------------Captured log call-------------------------------- <br/>INFO     test_operators:test_operators.py:33 code_id=85a11f9a-a427-4fc5-b5e5-10a0c58a09b6
INFO     test_operators:test_operators.py:37 Initial get request output: {&#x27;id&#x27;: &#x27;85a11f9a-a427-4fc5-b5e5-10a0c58a09b6&#x27;, &#x27;status&#x27;: &#x27;COMPLETED&#x27;, &#x27;result&#x27;: &#x27;3&#x27;}
INFO     app_lib.common_lib:common_lib.py:67 Waiting for max 90 seconds for status &quot;COMPLETED&quot;...<br/></div></td></tr></tbody>
      <tbody class="passed results-table-row">
        <tr>
          <td class="col-result">Passed</td>
          <td class="col-name">tests/test_operators.py::TestOperators::test_logical_submit_code_and_check_complete_status[NOT true-code8-200-false]</td>
          <td>Verify logical operator - NOT true</td>
          <td class="col-duration">0.05</td>
          <td class="col-links"></td></tr>
        <tr>
          <td class="extra" colspan="5">
            <div class="log">[gw1] darwin -- Python 3.8.7 /Users/rohit.tupe/PycharmProjects/groovy-code-executor/venv/bin/python3<br/>[gw1] darwin -- Python 3.8.7 /Users/rohit.tupe/PycharmProjects/groovy-code-executor/venv/bin/python3[gw1] darwin -- Python 3.8.7 /Users/rohit.tupe/PycharmProjects/groovy-code-executor/venv/bin/python3[gw1] darwin -- Python 3.8.7 /Users/rohit.tupe/PycharmProjects/groovy-code-executor/venv/bin/python3<br/> ------------------------------Captured stdout call------------------------------ <br/>submit_url=http://localhost:8080/groovy/submit
<br/> ------------------------------Captured stderr call------------------------------ <br/>INFO:test_operators:code_id=c393b4da-21e5-4967-b237-15475162aa0a
INFO:app_lib.common_lib:Waiting for max 90 seconds for status &quot;COMPLETED&quot;...
<br/> -------------------------------Captured log call-------------------------------- <br/>INFO     test_operators:test_operators.py:162 code_id=c393b4da-21e5-4967-b237-15475162aa0a
INFO     app_lib.common_lib:common_lib.py:67 Waiting for max 90 seconds for status &quot;COMPLETED&quot;...<br/></div></td></tr></tbody>
      <tbody class="passed results-table-row">
        <tr>
          <td class="col-result">Passed</td>
          <td class="col-name">tests/test_operators.py::TestOperators::test_arithmetic_submit_code_and_check_complete_status[Division-code3-200-2]</td>
          <td>Verify arithmetic operator - Division</td>
          <td class="col-duration">0.06</td>
          <td class="col-links"></td></tr>
        <tr>
          <td class="extra" colspan="5">
            <div class="log">[gw0] darwin -- Python 3.8.7 /Users/rohit.tupe/PycharmProjects/groovy-code-executor/venv/bin/python3<br/>[gw0] darwin -- Python 3.8.7 /Users/rohit.tupe/PycharmProjects/groovy-code-executor/venv/bin/python3[gw0] darwin -- Python 3.8.7 /Users/rohit.tupe/PycharmProjects/groovy-code-executor/venv/bin/python3[gw0] darwin -- Python 3.8.7 /Users/rohit.tupe/PycharmProjects/groovy-code-executor/venv/bin/python3<br/> ------------------------------Captured stdout call------------------------------ <br/>submit_url=http://localhost:8080/groovy/submit
<br/> ------------------------------Captured stderr call------------------------------ <br/>INFO:test_operators:code_id=0f9eae94-0d78-49bc-81c8-48a22e19a63c
INFO:test_operators:Initial get request output: {&#x27;id&#x27;: &#x27;0f9eae94-0d78-49bc-81c8-48a22e19a63c&#x27;, &#x27;status&#x27;: &#x27;COMPLETED&#x27;, &#x27;result&#x27;: &#x27;2&#x27;}
INFO:app_lib.common_lib:Waiting for max 90 seconds for status &quot;COMPLETED&quot;...
<br/> -------------------------------Captured log call-------------------------------- <br/>INFO     test_operators:test_operators.py:33 code_id=0f9eae94-0d78-49bc-81c8-48a22e19a63c
INFO     test_operators:test_operators.py:37 Initial get request output: {&#x27;id&#x27;: &#x27;0f9eae94-0d78-49bc-81c8-48a22e19a63c&#x27;, &#x27;status&#x27;: &#x27;COMPLETED&#x27;, &#x27;result&#x27;: &#x27;2&#x27;}
INFO     app_lib.common_lib:common_lib.py:67 Waiting for max 90 seconds for status &quot;COMPLETED&quot;...<br/></div></td></tr></tbody>
      <tbody class="passed results-table-row">
        <tr>
          <td class="col-result">Passed</td>
          <td class="col-name">tests/test_operators.py::TestOperators::test_logical_submit_code_and_check_complete_status[NOT false-code9-200-true]</td>
          <td>Verify logical operator - NOT false</td>
          <td class="col-duration">0.06</td>
          <td class="col-links"></td></tr>
        <tr>
          <td class="extra" colspan="5">
            <div class="log">[gw1] darwin -- Python 3.8.7 /Users/rohit.tupe/PycharmProjects/groovy-code-executor/venv/bin/python3<br/>[gw1] darwin -- Python 3.8.7 /Users/rohit.tupe/PycharmProjects/groovy-code-executor/venv/bin/python3[gw1] darwin -- Python 3.8.7 /Users/rohit.tupe/PycharmProjects/groovy-code-executor/venv/bin/python3[gw1] darwin -- Python 3.8.7 /Users/rohit.tupe/PycharmProjects/groovy-code-executor/venv/bin/python3<br/> ------------------------------Captured stdout call------------------------------ <br/>submit_url=http://localhost:8080/groovy/submit
<br/> ------------------------------Captured stderr call------------------------------ <br/>INFO:test_operators:code_id=a4d613ad-3a7c-4328-898d-cf412f6aa07d
INFO:app_lib.common_lib:Waiting for max 90 seconds for status &quot;COMPLETED&quot;...
<br/> -------------------------------Captured log call-------------------------------- <br/>INFO     test_operators:test_operators.py:162 code_id=a4d613ad-3a7c-4328-898d-cf412f6aa07d
INFO     app_lib.common_lib:common_lib.py:67 Waiting for max 90 seconds for status &quot;COMPLETED&quot;...<br/></div></td></tr></tbody>
      <tbody class="passed results-table-row">
        <tr>
          <td class="col-result">Passed</td>
          <td class="col-name">tests/test_operators.py::TestOperators::test_arithmetic_submit_code_and_check_complete_status[Remainder-code4-200-0]</td>
          <td>Verify arithmetic operator - Remainder</td>
          <td class="col-duration">0.05</td>
          <td class="col-links"></td></tr>
        <tr>
          <td class="extra" colspan="5">
            <div class="log">[gw0] darwin -- Python 3.8.7 /Users/rohit.tupe/PycharmProjects/groovy-code-executor/venv/bin/python3<br/>[gw0] darwin -- Python 3.8.7 /Users/rohit.tupe/PycharmProjects/groovy-code-executor/venv/bin/python3[gw0] darwin -- Python 3.8.7 /Users/rohit.tupe/PycharmProjects/groovy-code-executor/venv/bin/python3[gw0] darwin -- Python 3.8.7 /Users/rohit.tupe/PycharmProjects/groovy-code-executor/venv/bin/python3<br/> ------------------------------Captured stdout call------------------------------ <br/>submit_url=http://localhost:8080/groovy/submit
<br/> ------------------------------Captured stderr call------------------------------ <br/>INFO:test_operators:code_id=608526af-4f49-4ded-9d56-8755cdde18c3
INFO:test_operators:Initial get request output: {&#x27;id&#x27;: &#x27;608526af-4f49-4ded-9d56-8755cdde18c3&#x27;, &#x27;status&#x27;: &#x27;COMPLETED&#x27;, &#x27;result&#x27;: &#x27;0&#x27;}
INFO:app_lib.common_lib:Waiting for max 90 seconds for status &quot;COMPLETED&quot;...
<br/> -------------------------------Captured log call-------------------------------- <br/>INFO     test_operators:test_operators.py:33 code_id=608526af-4f49-4ded-9d56-8755cdde18c3
INFO     test_operators:test_operators.py:37 Initial get request output: {&#x27;id&#x27;: &#x27;608526af-4f49-4ded-9d56-8755cdde18c3&#x27;, &#x27;status&#x27;: &#x27;COMPLETED&#x27;, &#x27;result&#x27;: &#x27;0&#x27;}
INFO     app_lib.common_lib:common_lib.py:67 Waiting for max 90 seconds for status &quot;COMPLETED&quot;...<br/></div></td></tr></tbody>
      <tbody class="passed results-table-row">
        <tr>
          <td class="col-result">Passed</td>
          <td class="col-name">tests/test_users_requests_multi.py::TestMultiRequestsUser::test_all_valid_users_submit_code_and_check_complete_status[code0-200-1001-user_1]</td>
          <td>Verify sending requests from valid users::user_1</td>
          <td class="col-duration">0.05</td>
          <td class="col-links"></td></tr>
        <tr>
          <td class="extra" colspan="5">
            <div class="log">[gw1] darwin -- Python 3.8.7 /Users/rohit.tupe/PycharmProjects/groovy-code-executor/venv/bin/python3<br/>[gw1] darwin -- Python 3.8.7 /Users/rohit.tupe/PycharmProjects/groovy-code-executor/venv/bin/python3[gw1] darwin -- Python 3.8.7 /Users/rohit.tupe/PycharmProjects/groovy-code-executor/venv/bin/python3[gw1] darwin -- Python 3.8.7 /Users/rohit.tupe/PycharmProjects/groovy-code-executor/venv/bin/python3<br/> ------------------------------Captured stdout call------------------------------ <br/>submit_url=http://localhost:8080/groovy/submit
<br/> ------------------------------Captured stderr call------------------------------ <br/>INFO:test_users_requests_multi:User[user_1] :: dXNlcl8xOnBhc3NfMQ==
INFO:test_users_requests_multi:code_id=d91a2e4a-fd06-4cc2-a77a-eee6c3db2952
INFO:app_lib.common_lib:Waiting for max 60 seconds for status &quot;COMPLETED&quot;...
<br/> -------------------------------Captured log call-------------------------------- <br/>INFO     test_users_requests_multi:test_users_requests_multi.py:28 User[user_1] :: dXNlcl8xOnBhc3NfMQ==
INFO     test_users_requests_multi:test_users_requests_multi.py:34 code_id=d91a2e4a-fd06-4cc2-a77a-eee6c3db2952
INFO     app_lib.common_lib:common_lib.py:67 Waiting for max 60 seconds for status &quot;COMPLETED&quot;...<br/></div></td></tr></tbody>
      <tbody class="passed results-table-row">
        <tr>
          <td class="col-result">Passed</td>
          <td class="col-name">tests/test_operators.py::TestOperators::test_arithmetic_submit_code_and_check_complete_status[Power-code5-200-9]</td>
          <td>Verify arithmetic operator - Power</td>
          <td class="col-duration">0.04</td>
          <td class="col-links"></td></tr>
        <tr>
          <td class="extra" colspan="5">
            <div class="log">[gw0] darwin -- Python 3.8.7 /Users/rohit.tupe/PycharmProjects/groovy-code-executor/venv/bin/python3<br/>[gw0] darwin -- Python 3.8.7 /Users/rohit.tupe/PycharmProjects/groovy-code-executor/venv/bin/python3[gw0] darwin -- Python 3.8.7 /Users/rohit.tupe/PycharmProjects/groovy-code-executor/venv/bin/python3[gw0] darwin -- Python 3.8.7 /Users/rohit.tupe/PycharmProjects/groovy-code-executor/venv/bin/python3<br/> ------------------------------Captured stdout call------------------------------ <br/>submit_url=http://localhost:8080/groovy/submit
<br/> ------------------------------Captured stderr call------------------------------ <br/>INFO:test_operators:code_id=0de08168-75c2-4532-aca3-1bcddad0b212
INFO:test_operators:Initial get request output: {&#x27;id&#x27;: &#x27;0de08168-75c2-4532-aca3-1bcddad0b212&#x27;, &#x27;status&#x27;: &#x27;IN_PROGRESS&#x27;, &#x27;result&#x27;: None}
INFO:app_lib.common_lib:Waiting for max 90 seconds for status &quot;COMPLETED&quot;...
<br/> -------------------------------Captured log call-------------------------------- <br/>INFO     test_operators:test_operators.py:33 code_id=0de08168-75c2-4532-aca3-1bcddad0b212
INFO     test_operators:test_operators.py:37 Initial get request output: {&#x27;id&#x27;: &#x27;0de08168-75c2-4532-aca3-1bcddad0b212&#x27;, &#x27;status&#x27;: &#x27;IN_PROGRESS&#x27;, &#x27;result&#x27;: None}
INFO     app_lib.common_lib:common_lib.py:67 Waiting for max 90 seconds for status &quot;COMPLETED&quot;...<br/></div></td></tr></tbody>
      <tbody class="passed results-table-row">
        <tr>
          <td class="col-result">Passed</td>
          <td class="col-name">tests/test_users_requests_multi.py::TestMultiRequestsUser::test_all_valid_users_submit_code_and_check_complete_status[code1-200-1002-user_2]</td>
          <td>Verify sending requests from valid users::user_2</td>
          <td class="col-duration">0.05</td>
          <td class="col-links"></td></tr>
        <tr>
          <td class="extra" colspan="5">
            <div class="log">[gw1] darwin -- Python 3.8.7 /Users/rohit.tupe/PycharmProjects/groovy-code-executor/venv/bin/python3<br/>[gw1] darwin -- Python 3.8.7 /Users/rohit.tupe/PycharmProjects/groovy-code-executor/venv/bin/python3[gw1] darwin -- Python 3.8.7 /Users/rohit.tupe/PycharmProjects/groovy-code-executor/venv/bin/python3[gw1] darwin -- Python 3.8.7 /Users/rohit.tupe/PycharmProjects/groovy-code-executor/venv/bin/python3<br/> ------------------------------Captured stdout call------------------------------ <br/>submit_url=http://localhost:8080/groovy/submit
<br/> ------------------------------Captured stderr call------------------------------ <br/>INFO:test_users_requests_multi:User[user_2] :: dXNlcl8yOnBhc3NfMg==
INFO:test_users_requests_multi:code_id=45a60501-2065-42df-a8b8-2e073ef2fb86
INFO:app_lib.common_lib:Waiting for max 60 seconds for status &quot;COMPLETED&quot;...
<br/> -------------------------------Captured log call-------------------------------- <br/>INFO     test_users_requests_multi:test_users_requests_multi.py:28 User[user_2] :: dXNlcl8yOnBhc3NfMg==
INFO     test_users_requests_multi:test_users_requests_multi.py:34 code_id=45a60501-2065-42df-a8b8-2e073ef2fb86
INFO     app_lib.common_lib:common_lib.py:67 Waiting for max 60 seconds for status &quot;COMPLETED&quot;...<br/></div></td></tr></tbody>
      <tbody class="passed results-table-row">
        <tr>
          <td class="col-result">Passed</td>
          <td class="col-name">tests/test_users_requests_multi.py::TestMultiRequestsUser::test_all_valid_users_submit_code_and_check_complete_status[code2-200-1003-user_3]</td>
          <td>Verify sending requests from valid users::user_3</td>
          <td class="col-duration">0.05</td>
          <td class="col-links"></td></tr>
        <tr>
          <td class="extra" colspan="5">
            <div class="log">[gw0] darwin -- Python 3.8.7 /Users/rohit.tupe/PycharmProjects/groovy-code-executor/venv/bin/python3<br/>[gw0] darwin -- Python 3.8.7 /Users/rohit.tupe/PycharmProjects/groovy-code-executor/venv/bin/python3[gw0] darwin -- Python 3.8.7 /Users/rohit.tupe/PycharmProjects/groovy-code-executor/venv/bin/python3[gw0] darwin -- Python 3.8.7 /Users/rohit.tupe/PycharmProjects/groovy-code-executor/venv/bin/python3<br/> ------------------------------Captured stdout call------------------------------ <br/>submit_url=http://localhost:8080/groovy/submit
<br/> ------------------------------Captured stderr call------------------------------ <br/>INFO:test_users_requests_multi:User[user_3] :: dXNlcl8zOnBhc3NfMw==
INFO:test_users_requests_multi:code_id=6a96c031-3a31-47d1-bfe9-7b2d5317ce99
INFO:app_lib.common_lib:Waiting for max 60 seconds for status &quot;COMPLETED&quot;...
<br/> -------------------------------Captured log call-------------------------------- <br/>INFO     test_users_requests_multi:test_users_requests_multi.py:28 User[user_3] :: dXNlcl8zOnBhc3NfMw==
INFO     test_users_requests_multi:test_users_requests_multi.py:34 code_id=6a96c031-3a31-47d1-bfe9-7b2d5317ce99
INFO     app_lib.common_lib:common_lib.py:67 Waiting for max 60 seconds for status &quot;COMPLETED&quot;...<br/></div></td></tr></tbody>
      <tbody class="passed results-table-row">
        <tr>
          <td class="col-result">Passed</td>
          <td class="col-name">tests/test_users_requests_multi.py::TestMultiRequestsUser::test_all_valid_users_submit_code_and_check_complete_status[code3-200-1004-user_4]</td>
          <td>Verify sending requests from valid users::user_4</td>
          <td class="col-duration">0.05</td>
          <td class="col-links"></td></tr>
        <tr>
          <td class="extra" colspan="5">
            <div class="log">[gw1] darwin -- Python 3.8.7 /Users/rohit.tupe/PycharmProjects/groovy-code-executor/venv/bin/python3<br/>[gw1] darwin -- Python 3.8.7 /Users/rohit.tupe/PycharmProjects/groovy-code-executor/venv/bin/python3[gw1] darwin -- Python 3.8.7 /Users/rohit.tupe/PycharmProjects/groovy-code-executor/venv/bin/python3[gw1] darwin -- Python 3.8.7 /Users/rohit.tupe/PycharmProjects/groovy-code-executor/venv/bin/python3<br/> ------------------------------Captured stdout call------------------------------ <br/>submit_url=http://localhost:8080/groovy/submit
<br/> ------------------------------Captured stderr call------------------------------ <br/>INFO:test_users_requests_multi:User[user_4] :: dXNlcl80OnBhc3NfNA==
INFO:test_users_requests_multi:code_id=d20f8502-7e8f-400c-a4ff-b0f092840e75
INFO:app_lib.common_lib:Waiting for max 60 seconds for status &quot;COMPLETED&quot;...
<br/> -------------------------------Captured log call-------------------------------- <br/>INFO     test_users_requests_multi:test_users_requests_multi.py:28 User[user_4] :: dXNlcl80OnBhc3NfNA==
INFO     test_users_requests_multi:test_users_requests_multi.py:34 code_id=d20f8502-7e8f-400c-a4ff-b0f092840e75
INFO     app_lib.common_lib:common_lib.py:67 Waiting for max 60 seconds for status &quot;COMPLETED&quot;...<br/></div></td></tr></tbody>
      <tbody class="passed results-table-row">
        <tr>
          <td class="col-result">Passed</td>
          <td class="col-name">tests/test_users_requests_multi.py::TestMultiRequestsUser::test_all_valid_users_submit_code_and_check_complete_status[code4-200-1005-user_5]</td>
          <td>Verify sending requests from valid users::user_5</td>
          <td class="col-duration">0.04</td>
          <td class="col-links"></td></tr>
        <tr>
          <td class="extra" colspan="5">
            <div class="log">[gw0] darwin -- Python 3.8.7 /Users/rohit.tupe/PycharmProjects/groovy-code-executor/venv/bin/python3<br/>[gw0] darwin -- Python 3.8.7 /Users/rohit.tupe/PycharmProjects/groovy-code-executor/venv/bin/python3[gw0] darwin -- Python 3.8.7 /Users/rohit.tupe/PycharmProjects/groovy-code-executor/venv/bin/python3[gw0] darwin -- Python 3.8.7 /Users/rohit.tupe/PycharmProjects/groovy-code-executor/venv/bin/python3<br/> ------------------------------Captured stdout call------------------------------ <br/>submit_url=http://localhost:8080/groovy/submit
<br/> ------------------------------Captured stderr call------------------------------ <br/>INFO:test_users_requests_multi:User[user_5] :: dXNlcl81OnBhc3NfNQ==
INFO:test_users_requests_multi:code_id=e730c82d-78f6-429b-963b-69dcba74226c
INFO:app_lib.common_lib:Waiting for max 60 seconds for status &quot;COMPLETED&quot;...
<br/> -------------------------------Captured log call-------------------------------- <br/>INFO     test_users_requests_multi:test_users_requests_multi.py:28 User[user_5] :: dXNlcl81OnBhc3NfNQ==
INFO     test_users_requests_multi:test_users_requests_multi.py:34 code_id=e730c82d-78f6-429b-963b-69dcba74226c
INFO     app_lib.common_lib:common_lib.py:67 Waiting for max 60 seconds for status &quot;COMPLETED&quot;...<br/></div></td></tr></tbody>
      <tbody class="passed results-table-row">
        <tr>
          <td class="col-result">Passed</td>
          <td class="col-name">tests/test_users_requests_multi.py::TestMultiRequestsUser::test_multiple_requests_and_check_complete_status[2-200]</td>
          <td>Verifying sending multiple requests &quot;2&quot; by same user to check parallel execution</td>
          <td class="col-duration">3.04</td>
          <td class="col-links"></td></tr>
        <tr>
          <td class="extra" colspan="5">
            <div class="log">[gw1] darwin -- Python 3.8.7 /Users/rohit.tupe/PycharmProjects/groovy-code-executor/venv/bin/python3<br/>[gw1] darwin -- Python 3.8.7 /Users/rohit.tupe/PycharmProjects/groovy-code-executor/venv/bin/python3[gw1] darwin -- Python 3.8.7 /Users/rohit.tupe/PycharmProjects/groovy-code-executor/venv/bin/python3[gw1] darwin -- Python 3.8.7 /Users/rohit.tupe/PycharmProjects/groovy-code-executor/venv/bin/python3<br/></div></td></tr></tbody></table></body></html>